header {
  gtfs_realtime_version: "2.0"
  incrementality: FULL_DATASET
  timestamp: 1713843649
}
entity {
  id: "801"
  vehicle {
    vehicle {
      id: "801"
      label: "801"
    }
    position {
      latitude: 29.4441833
      longitude: -98.501564
      speed: 0.051444
    }
    timestamp: 1713843644
  }
}
entity {
  id: "802"
  vehicle {
    trip {
      trip_id: "4676852"
      route_id: "103"
      start_date: "20240422"
    }
    vehicle {
      id: "802"
      label: "802"
    }
    position {
      latitude: 29.4408646
      longitude: -98.5255
      speed: 0.205776
    }
    current_stop_sequence: 12
    stop_id: "22107"
    current_status: STOPPED_AT
    timestamp: 1713843646
  }
}
entity {
  id: "803"
  vehicle {
    vehicle {
      id: "803"
      label: "803"
    }
    position {
      latitude: 29.4444733
      longitude: -98.5013351
      speed: 0.051444
    }
    timestamp: 1713843648
  }
}
entity {
  id: "804"
  vehicle {
    vehicle {
      id: "804"
      label: "804"
    }
    position {
      latitude: 29.4444599
      longitude: -98.5012589
      speed: 0.051444
    }
    timestamp: 1713843645
  }
}
entity {
  id: "805"
  vehicle {
    vehicle {
      id: "805"
      label: "805"
    }
    position {
      latitude: 29.4282227
      longitude: -98.4897766
      bearing: 358.2
      speed: 9.87724876
    }
    timestamp: 1713843644
  }
}
entity {
  id: "806"
  vehicle {
    vehicle {
      id: "806"
      label: "806"
    }
    position {
      latitude: 29.4436016
      longitude: -98.5021896
      speed: 0.77166
    }
    timestamp: 1713843643
  }
}
entity {
  id: "808"
  vehicle {
    vehicle {
      id: "808"
      label: "808"
    }
    position {
      latitude: 29.4223404
      longitude: -98.4851837
      speed: 0.051444
    }
    timestamp: 1713843643
  }
}
entity {
  id: "809"
  vehicle {
    vehicle {
      id: "809"
      label: "809"
    }
    position {
      latitude: 29.4428024
      longitude: -98.5025101
      bearing: 66.6
      speed: 3.13808393
    }
    timestamp: 1713843648
  }
}
entity {
  id: "812"
  vehicle {
    vehicle {
      id: "812"
      label: "812"
    }
    position {
      latitude: 29.5109863
      longitude: -98.4761124
      bearing: 13.4
      speed: 25.5162239
    }
    timestamp: 1713843646
  }
}
entity {
  id: "814"
  vehicle {
    trip {
      trip_id: "4682557"
      route_id: "552"
      start_date: "20240422"
    }
    vehicle {
      id: "814"
      label: "814"
    }
    position {
      latitude: 29.3746471
      longitude: -98.4044342
      speed: 0.051444
    }
    current_stop_sequence: 10
    stop_id: "16296"
    current_status: STOPPED_AT
    timestamp: 1713843647
  }
}
entity {
  id: "818"
  vehicle {
    vehicle {
      id: "818"
      label: "818"
    }
    position {
      latitude: 29.4223633
      longitude: -98.4853668
      speed: 0.051444
    }
    timestamp: 1713843645
  }
}
entity {
  id: "700"
  vehicle {
    vehicle {
      id: "700"
      label: "700"
    }
    position {
      latitude: 29.4435978
      longitude: -98.5033
      speed: 0.102888
    }
    timestamp: 1713843645
  }
}
entity {
  id: "702"
  vehicle {
    vehicle {
      id: "702"
      label: "702"
    }
    position {
      latitude: 29.4427147
      longitude: -98.5017624
      speed: 0
    }
    timestamp: 1713843643
  }
}
entity {
  id: "703"
  vehicle {
    vehicle {
      id: "703"
      label: "703"
    }
    position {
      latitude: 29.4226265
      longitude: -98.4864426
      speed: 0.051444
    }
    timestamp: 1713843648
  }
}
entity {
  id: "704"
  vehicle {
    trip {
      trip_id: "4680245"
      route_id: "36"
      start_date: "20240422"
    }
    vehicle {
      id: "704"
      label: "704"
    }
    position {
      latitude: 29.4183369
      longitude: -98.4901733
      speed: 0
    }
    current_stop_sequence: 39
    stop_id: "11219"
    current_status: STOPPED_AT
    timestamp: 1713843646
  }
}
entity {
  id: "705"
  vehicle {
    vehicle {
      id: "705"
      label: "705"
    }
    position {
      latitude: 29.4427204
      longitude: -98.5016403
      speed: 0.051444
    }
    timestamp: 1713843647
  }
}
entity {
  id: "706"
  vehicle {
    vehicle {
      id: "706"
      label: "706"
    }
    position {
      latitude: 29.4521389
      longitude: -98.5156097
      bearing: 182
      speed: 27.7283173
    }
    timestamp: 1713843647
  }
}
entity {
  id: "708"
  vehicle {
    vehicle {
      id: "708"
      label: "708"
    }
    position {
      latitude: 29.4427223
      longitude: -98.5015717
      speed: 0.051444
    }
    timestamp: 1713843648
  }
}
entity {
  id: "709"
  vehicle {
    vehicle {
      id: "709"
      label: "709"
    }
    position {
      latitude: 29.4427452
      longitude: -98.5015411
      speed: 0
    }
    timestamp: 1713843647
  }
}
entity {
  id: "710"
  vehicle {
    trip {
      trip_id: "4679436"
      route_id: "282"
      start_date: "20240422"
    }
    vehicle {
      id: "710"
      label: "710"
    }
    position {
      latitude: 29.455368
      longitude: -98.6285248
      bearing: 215.9
      speed: 20.7319317
    }
    current_stop_sequence: 5
    stop_id: "27686"
    current_status: IN_TRANSIT_TO
    timestamp: 1713843645
  }
}
entity {
  id: "952"
  vehicle {
    vehicle {
      id: "952"
      label: "952"
    }
    position {
      latitude: 29.4419651
      longitude: -98.5007248
      speed: 0.051444
    }
    timestamp: 1713843647
  }
}
entity {
  id: "953"
  vehicle {
    vehicle {
      id: "953"
      label: "953"
    }
    position {
      latitude: 29.4447212
      longitude: -98.5018082
      speed: 0.051444
    }
    timestamp: 1713843646
  }
}
entity {
  id: "712"
  vehicle {
    vehicle {
      id: "712"
      label: "712"
    }
    position {
      latitude: 29.442831
      longitude: -98.5015793
      speed: 0.051444
    }
    timestamp: 1713843645
  }
}
entity {
  id: "954"
  vehicle {
    vehicle {
      id: "954"
      label: "954"
    }
    position {
      latitude: 29.4419422
      longitude: -98.500824
      speed: 0.051444
    }
    timestamp: 1713843648
  }
}
entity {
  id: "713"
  vehicle {
    vehicle {
      id: "713"
      label: "713"
    }
    position {
      latitude: 29.48913
      longitude: -98.5674133
      bearing: 141.4
      speed: 9.36280823
    }
    timestamp: 1713843645
  }
}
entity {
  id: "714"
  vehicle {
    vehicle {
      id: "714"
      label: "714"
    }
    position {
      latitude: 29.442728
      longitude: -98.5014114
      speed: 0.102888
    }
    timestamp: 1713843646
  }
}
entity {
  id: "956"
  vehicle {
    vehicle {
      id: "956"
      label: "956"
    }
    position {
      latitude: 29.4419765
      longitude: -98.5008698
      speed: 0.051444
    }
    timestamp: 1713843644
  }
}
entity {
  id: "715"
  vehicle {
    vehicle {
      id: "715"
      label: "715"
    }
    position {
      latitude: 29.4427223
      longitude: -98.5013885
      speed: 0.051444
    }
    timestamp: 1713843644
  }
}
entity {
  id: "957"
  vehicle {
    trip {
      trip_id: "4689133"
      route_id: "100"
      start_date: "20240422"
    }
    vehicle {
      id: "957"
      label: "957"
    }
    position {
      latitude: 29.5029297
      longitude: -98.5602646
      bearing: 323.2
      speed: 18.6227283
    }
    current_stop_sequence: 15
    stop_id: "10609"
    current_status: IN_TRANSIT_TO
    timestamp: 1713843644
  }
}
entity {
  id: "716"
  vehicle {
    vehicle {
      id: "716"
      label: "716"
    }
    position {
      latitude: 29.4428082
      longitude: -98.5014954
      speed: 0.051444
    }
    timestamp: 1713843645
  }
}
entity {
  id: "958"
  vehicle {
    vehicle {
      id: "958"
      label: "958"
    }
    position {
      latitude: 29.4419632
      longitude: -98.5012665
      speed: 0.051444
    }
    timestamp: 1713843643
  }
}
entity {
  id: "717"
  vehicle {
    vehicle {
      id: "717"
      label: "717"
    }
    position {
      latitude: 29.4426975
      longitude: -98.5013199
      speed: 0
    }
    timestamp: 1713843647
  }
}
entity {
  id: "959"
  vehicle {
    trip {
      trip_id: "4689189"
      route_id: "100"
      start_date: "20240422"
    }
    vehicle {
      id: "959"
      label: "959"
    }
    position {
      latitude: 29.5090504
      longitude: -98.5741959
      speed: 0.051444
    }
    current_stop_sequence: 3
    stop_id: "10703"
    current_status: IN_TRANSIT_TO
    timestamp: 1713843645
  }
}
entity {
  id: "718"
  vehicle {
    vehicle {
      id: "718"
      label: "718"
    }
    position {
      latitude: 29.4428139
      longitude: -98.5014267
      speed: 0.051444
    }
    timestamp: 1713843645
  }
}
entity {
  id: "719"
  vehicle {
    vehicle {
      id: "719"
      label: "719"
    }
    position {
      latitude: 29.4362011
      longitude: -98.4962311
      bearing: 325.5
      speed: 9.25992
    }
    timestamp: 1713843644
  }
}
entity {
  id: "960"
  vehicle {
    trip {
      trip_id: "4689134"
      route_id: "100"
      start_date: "20240422"
    }
    vehicle {
      id: "960"
      label: "960"
    }
    position {
      latitude: 29.4292736
      longitude: -98.4932861
      speed: 0.051444
    }
    current_stop_sequence: 4
    stop_id: "79739"
    current_status: STOPPED_AT
    timestamp: 1713843647
  }
}
entity {
  id: "720"
  vehicle {
    vehicle {
      id: "720"
      label: "720"
    }
    position {
      latitude: 29.4427204
      longitude: -98.5012741
      speed: 0.051444
    }
    timestamp: 1713843646
  }
}
entity {
  id: "600"
  vehicle {
    vehicle {
      id: "600"
      label: "600"
    }
    position {
      latitude: 29.4434204
      longitude: -98.5011826
      speed: 0.051444
    }
    timestamp: 1713843647
  }
}
entity {
  id: "721"
  vehicle {
    vehicle {
      id: "721"
      label: "721"
    }
    position {
      latitude: 29.4427414
      longitude: -98.501236
      speed: 0
    }
    timestamp: 1713843647
  }
}
entity {
  id: "963"
  vehicle {
    vehicle {
      id: "963"
      label: "963"
    }
    position {
      latitude: 29.4446888
      longitude: -98.5017624
      speed: 0
    }
    timestamp: 1713843647
  }
}
entity {
  id: "601"
  vehicle {
    vehicle {
      id: "601"
      label: "601"
    }
    position {
      latitude: 29.4433041
      longitude: -98.5012665
      speed: 0.051444
    }
    timestamp: 1713843644
  }
}
entity {
  id: "722"
  vehicle {
    vehicle {
      id: "722"
      label: "722"
    }
    position {
      latitude: 29.442812
      longitude: -98.5013351
      speed: 0
    }
    timestamp: 1713843647
  }
}
entity {
  id: "964"
  vehicle {
    vehicle {
      id: "964"
      label: "964"
    }
    position {
      latitude: 29.4419594
      longitude: -98.5013199
      speed: 0.051444
    }
    timestamp: 1713843647
  }
}
entity {
  id: "723"
  vehicle {
    vehicle {
      id: "723"
      label: "723"
    }
    position {
      latitude: 29.4426327
      longitude: -98.5028305
      speed: 0.617328048
    }
    timestamp: 1713843646
  }
}
entity {
  id: "965"
  vehicle {
    trip {
      trip_id: "4689203"
      route_id: "100"
      start_date: "20240422"
    }
    vehicle {
      id: "965"
      label: "965"
    }
    position {
      latitude: 29.4231434
      longitude: -98.4886093
      bearing: 103.5
      speed: 7.97382
    }
    current_stop_sequence: 18
    stop_id: "91383"
    current_status: IN_TRANSIT_TO
    timestamp: 1713843643
  }
}
entity {
  id: "602"
  vehicle {
    trip {
      trip_id: "4689916"
      route_id: "610"
      start_date: "20240422"
    }
    vehicle {
      id: "602"
      label: "602"
    }
    position {
      latitude: 29.4929485
      longitude: -98.6893463
      bearing: 89.2
      speed: 8.38537121
    }
    current_stop_sequence: 55
    stop_id: "38663"
    current_status: STOPPED_AT
    timestamp: 1713843647
  }
}
entity {
  id: "603"
  vehicle {
    vehicle {
      id: "603"
      label: "603"
    }
    position {
      latitude: 29.4434242
      longitude: -98.5011597
      speed: 0.051444
    }
    timestamp: 1713843643
  }
}
entity {
  id: "724"
  vehicle {
    vehicle {
      id: "724"
      label: "724"
    }
    position {
      latitude: 29.442728
      longitude: -98.501152
      speed: 0.051444
    }
    timestamp: 1713843647
  }
}
entity {
  id: "604"
  vehicle {
    vehicle {
      id: "604"
      label: "604"
    }
    position {
      latitude: 29.4434052
      longitude: -98.5010757
      speed: 0.051444
    }
    timestamp: 1713843645
  }
}
entity {
  id: "605"
  vehicle {
    trip {
      trip_id: "4678912"
      route_id: "251"
      start_date: "20240422"
    }
    vehicle {
      id: "605"
      label: "605"
    }
    position {
      latitude: 29.4239674
      longitude: -98.4917526
      bearing: 179.4
      speed: 3.34386
    }
    current_stop_sequence: 4
    stop_id: "99157"
    current_status: IN_TRANSIT_TO
    timestamp: 1713843644
  }
}
entity {
  id: "726"
  vehicle {
    vehicle {
      id: "726"
      label: "726"
    }
    position {
      latitude: 29.4427967
      longitude: -98.5012
      speed: 0
    }
    timestamp: 1713843643
  }
}
entity {
  id: "968"
  vehicle {
    vehicle {
      id: "968"
      label: "968"
    }
    position {
      latitude: 29.4437065
      longitude: -98.5029373
      bearing: 233.9
      speed: 4.26985216
    }
    timestamp: 1713843644
  }
}
entity {
  id: "606"
  vehicle {
    vehicle {
      id: "606"
      label: "606"
    }
    position {
      latitude: 29.443409
      longitude: -98.5010452
      speed: 0.051444
    }
    timestamp: 1713843644
  }
}
entity {
  id: "727"
  vehicle {
    vehicle {
      id: "727"
      label: "727"
    }
    position {
      latitude: 29.4435234
      longitude: -98.5021286
      speed: 0.051444
    }
    timestamp: 1713843646
  }
}
entity {
  id: "969"
  vehicle {
    vehicle {
      id: "969"
      label: "969"
    }
    position {
      latitude: 29.4419861
      longitude: -98.5015793
      speed: 0
    }
    timestamp: 1713843644
  }
}
entity {
  id: "607"
  vehicle {
    vehicle {
      id: "607"
      label: "607"
    }
    position {
      latitude: 29.4433289
      longitude: -98.5011139
      speed: 0.051444
    }
    timestamp: 1713843643
  }
}
entity {
  id: "728"
  vehicle {
    vehicle {
      id: "728"
      label: "728"
    }
    position {
      latitude: 29.6097412
      longitude: -98.4683533
      bearing: 193.7
      speed: 28.8600826
    }
    timestamp: 1713843644
  }
}
entity {
  id: "729"
  vehicle {
    vehicle {
      id: "729"
      label: "729"
    }
    position {
      latitude: 29.4439754
      longitude: -98.5032349
      speed: 0.051444
    }
    timestamp: 1713843645
  }
}
entity {
  id: "608"
  vehicle {
    trip {
      trip_id: "4682759"
      route_id: "602"
      start_date: "20240422"
    }
    vehicle {
      id: "608"
      label: "608"
    }
    position {
      latitude: 29.540678
      longitude: -98.5361176
      bearing: 221.7
      speed: 14.9702044
    }
    current_stop_sequence: 29
    stop_id: "25797"
    current_status: IN_TRANSIT_TO
    timestamp: 1713843643
  }
}
entity {
  id: "609"
  vehicle {
    vehicle {
      id: "609"
      label: "609"
    }
    position {
      latitude: 29.4434071
      longitude: -98.5009613
      speed: 0.051444
    }
    timestamp: 1713843647
  }
}
entity {
  id: "970"
  vehicle {
    trip {
      trip_id: "4676396"
      route_id: "102"
      start_date: "20240422"
    }
    vehicle {
      id: "970"
      label: "970"
    }
    position {
      latitude: 29.3894138
      longitude: -98.6214294
      bearing: 155
      speed: 23.1498
    }
    current_stop_sequence: 3
    stop_id: "92327"
    current_status: IN_TRANSIT_TO
    timestamp: 1713843645
  }
}
entity {
  id: "971"
  vehicle {
    trip {
      trip_id: "4676397"
      route_id: "102"
      start_date: "20240422"
    }
    vehicle {
      id: "971"
      label: "971"
    }
    position {
      latitude: 29.3482246
      longitude: -98.4476242
      bearing: 130.8
      speed: 15.0216484
    }
    current_stop_sequence: 24
    stop_id: "30043"
    current_status: IN_TRANSIT_TO
    timestamp: 1713843647
  }
}
entity {
  id: "730"
  vehicle {
    vehicle {
      id: "730"
      label: "730"
    }
    position {
      latitude: 29.442728
      longitude: -98.5010223
      speed: 0.051444
    }
    timestamp: 1713843645
  }
}
entity {
  id: "972"
  vehicle {
    trip {
      trip_id: "4676459"
      route_id: "102"
      start_date: "20240422"
    }
    vehicle {
      id: "972"
      label: "972"
    }
    position {
      latitude: 29.3567486
      longitude: -98.5339127
      speed: 0
    }
    current_stop_sequence: 14
    stop_id: "56189"
    current_status: IN_TRANSIT_TO
    timestamp: 1713843645
  }
}
entity {
  id: "611"
  vehicle {
    vehicle {
      id: "611"
      label: "611"
    }
    position {
      latitude: 29.4433308
      longitude: -98.5010223
      speed: 0.051444
    }
    timestamp: 1713843643
  }
}
entity {
  id: "732"
  vehicle {
    vehicle {
      id: "732"
      label: "732"
    }
    position {
      latitude: 29.4428
      longitude: -98.5010605
      speed: 0.051444
    }
    timestamp: 1713843645
  }
}
entity {
  id: "974"
  vehicle {
    vehicle {
      id: "974"
      label: "974"
    }
    position {
      latitude: 29.4421959
      longitude: -98.5007401
      speed: 0.051444
    }
    timestamp: 1713843644
  }
}
entity {
  id: "733"
  vehicle {
    vehicle {
      id: "733"
      label: "733"
    }
    position {
      latitude: 29.4435368
      longitude: -98.5032578
      speed: 0
    }
    timestamp: 1713843646
  }
}
entity {
  id: "975"
  vehicle {
    vehicle {
      id: "975"
      label: "975"
    }
    position {
      latitude: 29.4422894
      longitude: -98.5007706
      speed: 0.051444
    }
    timestamp: 1713843644
  }
}
entity {
  id: "613"
  vehicle {
    trip {
      trip_id: "4682491"
      route_id: "552"
      start_date: "20240422"
    }
    vehicle {
      id: "613"
      label: "613"
    }
    position {
      latitude: 29.4735146
      longitude: -98.6113586
      bearing: 39.8
      speed: 21.2978172
    }
    current_stop_sequence: 13
    stop_id: "73386"
    current_status: IN_TRANSIT_TO
    timestamp: 1713843643
  }
}
entity {
  id: "735"
  vehicle {
    vehicle {
      id: "735"
      label: "735"
    }
    position {
      latitude: 29.4427986
      longitude: -98.5009613
      speed: 0.051444
    }
    timestamp: 1713843646
  }
}
entity {
  id: "977"
  vehicle {
    vehicle {
      id: "977"
      label: "977"
    }
    position {
      latitude: 29.4421825
      longitude: -98.5006256
      speed: 0.051444
    }
    timestamp: 1713843645
  }
}
entity {
  id: "615"
  vehicle {
    vehicle {
      id: "615"
      label: "615"
    }
    position {
      latitude: 29.4434452
      longitude: -98.5030746
      speed: 0.051444
    }
    timestamp: 1713843647
  }
}
entity {
  id: "978"
  vehicle {
    trip {
      trip_id: "4676771"
      route_id: "103"
      start_date: "20240422"
    }
    vehicle {
      id: "978"
      label: "978"
    }
    position {
      latitude: 29.3705959
      longitude: -98.5339508
      bearing: 0.4
      speed: 14.3528757
    }
    current_stop_sequence: 6
    stop_id: "20406"
    current_status: IN_TRANSIT_TO
    timestamp: 1713843647
  }
}
entity {
  id: "616"
  vehicle {
    trip {
      trip_id: "4678963"
      route_id: "26"
      start_date: "20240422"
    }
    vehicle {
      id: "616"
      label: "616"
    }
    position {
      latitude: 29.4218464
      longitude: -98.4058914
      bearing: 259.6
      speed: 5.91606
    }
    current_stop_sequence: 44
    stop_id: "96429"
    current_status: IN_TRANSIT_TO
    timestamp: 1713843647
  }
}
entity {
  id: "737"
  vehicle {
    vehicle {
      id: "737"
      label: "737"
    }
    position {
      latitude: 29.4443493
      longitude: -98.5032196
      speed: 0
    }
    timestamp: 1713843645
  }
}
entity {
  id: "979"
  vehicle {
    vehicle {
      id: "979"
      label: "979"
    }
    position {
      latitude: 29.442276
      longitude: -98.5006943
      speed: 0.051444
    }
    timestamp: 1713843644
  }
}
entity {
  id: "738"
  vehicle {
    vehicle {
      id: "738"
      label: "738"
    }
    position {
      latitude: 29.4427299
      longitude: -98.5008087
      speed: 0
    }
    timestamp: 1713843647
  }
}
entity {
  id: "618"
  vehicle {
    vehicle {
      id: "618"
      label: "618"
    }
    position {
      latitude: 29.4433784
      longitude: -98.5007401
      speed: 0.051444
    }
    timestamp: 1713843645
  }
}
entity {
  id: "619"
  vehicle {
    trip {
      trip_id: "4682560"
      route_id: "552"
      start_date: "20240422"
    }
    vehicle {
      id: "619"
      label: "619"
    }
    position {
      latitude: 29.5163708
      longitude: -98.4229584
      bearing: 268
      speed: 6.73916435
    }
    current_stop_sequence: 26
    stop_id: "71559"
    current_status: IN_TRANSIT_TO
    timestamp: 1713843648
  }
}
entity {
  id: "980"
  vehicle {
    vehicle {
      id: "980"
      label: "980"
    }
    position {
      latitude: 29.4422054
      longitude: -98.5006
      speed: 0
    }
    timestamp: 1713843645
  }
}
entity {
  id: "981"
  vehicle {
    vehicle {
      id: "981"
      label: "981"
    }
    position {
      latitude: 29.4422512
      longitude: -98.5006409
      speed: 0
    }
    timestamp: 1713843644
  }
}
entity {
  id: "982"
  vehicle {
    vehicle {
      id: "982"
      label: "982"
    }
    position {
      latitude: 29.4421654
      longitude: -98.5005493
      speed: 0.051444
    }
    timestamp: 1713843644
  }
}
entity {
  id: "620"
  vehicle {
    vehicle {
      id: "620"
      label: "620"
    }
    position {
      latitude: 29.4417019
      longitude: -98.5029831
      bearing: 9.4
      speed: 2.8808639
    }
    timestamp: 1713843646
  }
}
entity {
  id: "983"
  vehicle {
    vehicle {
      id: "983"
      label: "983"
    }
    position {
      latitude: 29.4422417
      longitude: -98.5005264
      speed: 0.051444
    }
    timestamp: 1713843644
  }
}
entity {
  id: "741"
  vehicle {
    vehicle {
      id: "741"
      label: "741"
    }
    position {
      latitude: 29.4441032
      longitude: -98.503212
      speed: 0
    }
    timestamp: 1713843647
  }
}
entity {
  id: "621"
  vehicle {
    trip {
      trip_id: "4678034"
      route_id: "204"
      start_date: "20240422"
    }
    vehicle {
      id: "621"
      label: "621"
    }
    position {
      latitude: 29.4438496
      longitude: -98.4992294
      bearing: 345.2
      speed: 7.09927225
    }
    current_stop_sequence: 9
    stop_id: "47846"
    current_status: STOPPED_AT
    timestamp: 1713843647
  }
}
entity {
  id: "984"
  vehicle {
    vehicle {
      id: "984"
      label: "984"
    }
    position {
      latitude: 29.4422493
      longitude: -98.5005
      speed: 0.051444
    }
    timestamp: 1713843646
  }
}
entity {
  id: "500"
  vehicle {
    vehicle {
      id: "500"
      label: "500"
    }
    position {
      latitude: 29.4438457
      longitude: -98.503212
      speed: 0.102888
    }
    timestamp: 1713843643
  }
}
entity {
  id: "742"
  vehicle {
    vehicle {
      id: "742"
      label: "742"
    }
    position {
      latitude: 29.4438782
      longitude: -98.5031586
      speed: 0.205776
    }
    timestamp: 1713843644
  }
}
entity {
  id: "501"
  vehicle {
    vehicle {
      id: "501"
      label: "501"
    }
    position {
      latitude: 29.4312878
      longitude: -98.4907608
      speed: 0
    }
    timestamp: 1713843646
  }
}
entity {
  id: "622"
  vehicle {
    vehicle {
      id: "622"
      label: "622"
    }
    position {
      latitude: 29.4434
      longitude: -98.5006
      speed: 0
    }
    timestamp: 1713843646
  }
}
entity {
  id: "985"
  vehicle {
    vehicle {
      id: "985"
      label: "985"
    }
    position {
      latitude: 29.4440022
      longitude: -98.503334
      speed: 0.051444
    }
    timestamp: 1713843644
  }
}
entity {
  id: "743"
  vehicle {
    vehicle {
      id: "743"
      label: "743"
    }
    position {
      latitude: 29.4428215
      longitude: -98.5007477
      speed: 0
    }
    timestamp: 1713843648
  }
}
entity {
  id: "502"
  vehicle {
    vehicle {
      id: "502"
      label: "502"
    }
    position {
      latitude: 29.4439373
      longitude: -98.5009308
      speed: 0.051444
    }
    timestamp: 1713843646
  }
}
entity {
  id: "986"
  vehicle {
    vehicle {
      id: "986"
      label: "986"
    }
    position {
      latitude: 29.4425087
      longitude: -98.5005188
      speed: 0.051444
    }
    timestamp: 1713843647
  }
}
entity {
  id: "503"
  vehicle {
    vehicle {
      id: "503"
      label: "503"
    }
    position {
      latitude: 29.4439316
      longitude: -98.5009613
      speed: 0
    }
    timestamp: 1713843644
  }
}
entity {
  id: "624"
  vehicle {
    trip {
      trip_id: "4678052"
      route_id: "209"
      start_date: "20240422"
    }
    vehicle {
      id: "624"
      label: "624"
    }
    position {
      latitude: 29.4449921
      longitude: -98.4760284
      speed: 0
    }
    current_stop_sequence: 10
    stop_id: "44796"
    current_status: STOPPED_AT
    timestamp: 1713843648
  }
}
entity {
  id: "987"
  vehicle {
    vehicle {
      id: "987"
      label: "987"
    }
    position {
      latitude: 29.4425125
      longitude: -98.5005646
      speed: 0
    }
    timestamp: 1713843643
  }
}
entity {
  id: "745"
  vehicle {
    vehicle {
      id: "745"
      label: "745"
    }
    position {
      latitude: 29.4427223
      longitude: -98.5006409
      speed: 0.051444
    }
    timestamp: 1713843647
  }
}
entity {
  id: "504"
  vehicle {
    vehicle {
      id: "504"
      label: "504"
    }
    position {
      latitude: 29.443922
      longitude: -98.50103
      speed: 0.051444
    }
    timestamp: 1713843647
  }
}
entity {
  id: "625"
  vehicle {
    vehicle {
      id: "625"
      label: "625"
    }
    position {
      latitude: 29.4404354
      longitude: -98.4842529
      bearing: 274.3
      speed: 24.5902309
    }
    timestamp: 1713843647
  }
}
entity {
  id: "988"
  vehicle {
    vehicle {
      id: "988"
      label: "988"
    }
    position {
      latitude: 29.442522
      longitude: -98.5006332
      speed: 0
    }
    timestamp: 1713843647
  }
}
entity {
  id: "746"
  vehicle {
    trip {
      trip_id: "4682586"
      route_id: "552"
      start_date: "20240422"
    }
    vehicle {
      id: "746"
      label: "746"
    }
    position {
      latitude: 29.3982582
      longitude: -98.6443405
      bearing: 73.7
      speed: 23.3041325
    }
    current_stop_sequence: 53
    stop_id: "55153"
    current_status: IN_TRANSIT_TO
    timestamp: 1713843647
  }
}
entity {
  id: "505"
  vehicle {
    vehicle {
      id: "505"
      label: "505"
    }
    position {
      latitude: 29.4438934
      longitude: -98.5010681
      speed: 0.051444
    }
    timestamp: 1713843643
  }
}
entity {
  id: "626"
  vehicle {
    vehicle {
      id: "626"
      label: "626"
    }
    position {
      latitude: 29.4406624
      longitude: -98.4990692
      bearing: 294.9
      speed: 5.76172781
    }
    timestamp: 1713843645
  }
}
entity {
  id: "747"
  vehicle {
    vehicle {
      id: "747"
      label: "747"
    }
    position {
      latitude: 29.4368401
      longitude: -98.4926834
      speed: 0.051444
    }
    timestamp: 1713843647
  }
}
entity {
  id: "989"
  vehicle {
    vehicle {
      id: "989"
      label: "989"
    }
    position {
      latitude: 29.4424515
      longitude: -98.5005264
      speed: 0.051444
    }
    timestamp: 1713843648
  }
}
entity {
  id: "506"
  vehicle {
    vehicle {
      id: "506"
      label: "506"
    }
    position {
      latitude: 29.4439316
      longitude: -98.5011292
      speed: 0.051444
    }
    timestamp: 1713843647
  }
}
entity {
  id: "748"
  vehicle {
    vehicle {
      id: "748"
      label: "748"
    }
    position {
      latitude: 29.4427109
      longitude: -98.5005493
      speed: 0.051444
    }
    timestamp: 1713843645
  }
}
entity {
  id: "507"
  vehicle {
    vehicle {
      id: "507"
      label: "507"
    }
    position {
      latitude: 29.4439316
      longitude: -98.501152
      speed: 0
    }
    timestamp: 1713843644
  }
}
entity {
  id: "628"
  vehicle {
    trip {
      trip_id: "4678669"
      route_id: "246"
      start_date: "20240422"
    }
    vehicle {
      id: "628"
      label: "628"
    }
    position {
      latitude: 29.4223785
      longitude: -98.4952316
      bearing: 201.6
      speed: 10.7517958
    }
    current_stop_sequence: 2
    stop_id: "98837"
    current_status: IN_TRANSIT_TO
    timestamp: 1713843643
  }
}
entity {
  id: "749"
  vehicle {
    vehicle {
      id: "749"
      label: "749"
    }
    position {
      latitude: 29.4434509
      longitude: -98.5022507
      speed: 0
    }
    timestamp: 1713843645
  }
}
entity {
  id: "508"
  vehicle {
    vehicle {
      id: "508"
      label: "508"
    }
    position {
      latitude: 29.4439373
      longitude: -98.5012283
      speed: 0
    }
    timestamp: 1713843644
  }
}
entity {
  id: "629"
  vehicle {
    vehicle {
      id: "629"
      label: "629"
    }
    position {
      latitude: 29.4431267
      longitude: -98.5021515
      speed: 0.051444
    }
    timestamp: 1713843643
  }
}
entity {
  id: "509"
  vehicle {
    vehicle {
      id: "509"
      label: "509"
    }
    position {
      latitude: 29.4439392
      longitude: -98.5013
      speed: 0
    }
    timestamp: 1713843643
  }
}
entity {
  id: "750"
  vehicle {
    vehicle {
      id: "750"
      label: "750"
    }
    position {
      latitude: 29.4428101
      longitude: -98.5005798
      speed: 0
    }
    timestamp: 1713843645
  }
}
entity {
  id: "630"
  vehicle {
    vehicle {
      id: "630"
      label: "630"
    }
    position {
      latitude: 29.4441204
      longitude: -98.5034409
      speed: 0.051444
    }
    timestamp: 1713843647
  }
}
entity {
  id: "751"
  vehicle {
    vehicle {
      id: "751"
      label: "751"
    }
    position {
      latitude: 29.4434128
      longitude: -98.5023
      speed: 0.051444
    }
    timestamp: 1713843647
  }
}
entity {
  id: "510"
  vehicle {
    vehicle {
      id: "510"
      label: "510"
    }
    position {
      latitude: 29.4439373
      longitude: -98.5015259
      speed: 0.102888
    }
    timestamp: 1713843646
  }
}
entity {
  id: "752"
  vehicle {
    vehicle {
      id: "752"
      label: "752"
    }
    position {
      latitude: 29.4428158
      longitude: -98.5004807
      speed: 0.051444
    }
    timestamp: 1713843645
  }
}
entity {
  id: "511"
  vehicle {
    vehicle {
      id: "511"
      label: "511"
    }
    position {
      latitude: 29.4439297
      longitude: -98.5013809
      speed: 0
    }
    timestamp: 1713843643
  }
}
entity {
  id: "632"
  vehicle {
    vehicle {
      id: "632"
      label: "632"
    }
    position {
      latitude: 29.4431496
      longitude: -98.5020447
      speed: 0.051444
    }
    timestamp: 1713843648
  }
}
entity {
  id: "753"
  vehicle {
    vehicle {
      id: "753"
      label: "753"
    }
    position {
      latitude: 29.4437904
      longitude: -98.5007782
      bearing: 267.1
      speed: 5.50450802
    }
    timestamp: 1713843645
  }
}
entity {
  id: "512"
  vehicle {
    vehicle {
      id: "512"
      label: "512"
    }
    position {
      latitude: 29.4439144
      longitude: -98.5014496
      speed: 0
    }
    timestamp: 1713843643
  }
}
entity {
  id: "633"
  vehicle {
    vehicle {
      id: "633"
      label: "633"
    }
    position {
      latitude: 29.641571
      longitude: -98.4540176
      bearing: 205.4
      speed: 26.1335526
    }
    timestamp: 1713843646
  }
}
entity {
  id: "754"
  vehicle {
    vehicle {
      id: "754"
      label: "754"
    }
    position {
      latitude: 29.4425507
      longitude: -98.5017166
      speed: 0.051444
    }
    timestamp: 1713843647
  }
}
entity {
  id: "513"
  vehicle {
    vehicle {
      id: "513"
      label: "513"
    }
    position {
      latitude: 29.4589138
      longitude: -98.516
      bearing: 177.3
      speed: 28.8600826
    }
    timestamp: 1713843648
  }
}
entity {
  id: "634"
  vehicle {
    vehicle {
      id: "634"
      label: "634"
    }
    position {
      latitude: 29.4430447
      longitude: -98.5021057
      speed: 0.051444
    }
    timestamp: 1713843646
  }
}
entity {
  id: "755"
  vehicle {
    vehicle {
      id: "755"
      label: "755"
    }
    position {
      latitude: 29.4443359
      longitude: -98.5038223
      bearing: 2
      speed: 11.6777887
    }
    timestamp: 1713843646
  }
}
entity {
  id: "514"
  vehicle {
    vehicle {
      id: "514"
      label: "514"
    }
    position {
      latitude: 29.443924
      longitude: -98.5013504
      speed: 0.051444
    }
    timestamp: 1713843648
  }
}
entity {
  id: "635"
  vehicle {
    vehicle {
      id: "635"
      label: "635"
    }
    position {
      latitude: 29.4431286
      longitude: -98.5020065
      speed: 0
    }
    timestamp: 1713843648
  }
}
entity {
  id: "756"
  vehicle {
    vehicle {
      id: "756"
      label: "756"
    }
    position {
      latitude: 29.4438019
      longitude: -98.5031509
      speed: 0.051444
    }
    timestamp: 1713843647
  }
}
entity {
  id: "515"
  vehicle {
    vehicle {
      id: "515"
      label: "515"
    }
    position {
      latitude: 29.4385853
      longitude: -98.5057602
      bearing: 122.9
      speed: 4.32129574
    }
    timestamp: 1713843645
  }
}
entity {
  id: "636"
  vehicle {
    vehicle {
      id: "636"
      label: "636"
    }
    position {
      latitude: 29.4430466
      longitude: -98.5020447
      speed: 0
    }
    timestamp: 1713843646
  }
}
entity {
  id: "516"
  vehicle {
    trip {
      trip_id: "4679909"
      route_id: "32"
      start_date: "20240422"
    }
    vehicle {
      id: "516"
      label: "516"
    }
    position {
      latitude: 29.3553085
      longitude: -98.4266
      bearing: 144.7
      speed: 11.2147913
    }
    current_stop_sequence: 55
    stop_id: "51537"
    current_status: IN_TRANSIT_TO
    timestamp: 1713843644
  }
}
entity {
  id: "637"
  vehicle {
    vehicle {
      id: "637"
      label: "637"
    }
    position {
      latitude: 29.4431305
      longitude: -98.5019455
      speed: 0.051444
    }
    timestamp: 1713843644
  }
}
entity {
  id: "638"
  vehicle {
    vehicle {
      id: "638"
      label: "638"
    }
    position {
      latitude: 29.4430599
      longitude: -98.5020065
      speed: 0
    }
    timestamp: 1713843643
  }
}
entity {
  id: "759"
  vehicle {
    vehicle {
      id: "759"
      label: "759"
    }
    position {
      latitude: 29.4424744
      longitude: -98.5010223
      speed: 0.051444
    }
    timestamp: 1713843647
  }
}
entity {
  id: "517"
  vehicle {
    vehicle {
      id: "517"
      label: "517"
    }
    position {
      latitude: 29.4439201
      longitude: -98.5017
      speed: 0.051444
    }
    timestamp: 1713843647
  }
}
entity {
  id: "518"
  vehicle {
    trip {
      trip_id: "4682518"
      route_id: "552"
      start_date: "20240422"
    }
    vehicle {
      id: "518"
      label: "518"
    }
    position {
      latitude: 29.3518276
      longitude: -98.4342804
      bearing: 269.8
      speed: 12.6037798
    }
    current_stop_sequence: 54
    stop_id: "67159"
    current_status: IN_TRANSIT_TO
    timestamp: 1713843643
  }
}
entity {
  id: "639"
  vehicle {
    vehicle {
      id: "639"
      label: "639"
    }
    position {
      latitude: 29.4431438
      longitude: -98.5019073
      speed: 0.051444
    }
    timestamp: 1713843647
  }
}
entity {
  id: "519"
  vehicle {
    trip {
      trip_id: "4683535"
      route_id: "612"
      start_date: "20240422"
    }
    vehicle {
      id: "519"
      label: "519"
    }
    position {
      latitude: 29.4023457
      longitude: -98.6318054
      speed: 0.051444
    }
    current_stop_sequence: 1
    stop_id: "46566"
    current_status: STOPPED_AT
    timestamp: 1713843646
  }
}
entity {
  id: "760"
  vehicle {
    vehicle {
      id: "760"
      label: "760"
    }
    position {
      latitude: 29.4442215
      longitude: -98.5035095
      speed: 0
    }
    timestamp: 1713843648
  }
}
entity {
  id: "640"
  vehicle {
    vehicle {
      id: "640"
      label: "640"
    }
    position {
      latitude: 29.4438477
      longitude: -98.5031433
      speed: 0
    }
    timestamp: 1713843645
  }
}
entity {
  id: "761"
  vehicle {
    vehicle {
      id: "761"
      label: "761"
    }
    position {
      latitude: 29.4424591
      longitude: -98.5007553
      speed: 0.051444
    }
    timestamp: 1713843645
  }
}
entity {
  id: "520"
  vehicle {
    trip {
      trip_id: "4686129"
      route_id: "76"
      start_date: "20240422"
    }
    vehicle {
      id: "520"
      label: "520"
    }
    position {
      latitude: 29.4025784
      longitude: -98.6320114
      speed: 0
    }
    current_stop_sequence: 1
    stop_id: "46463"
    current_status: STOPPED_AT
    timestamp: 1713843647
  }
}
entity {
  id: "641"
  vehicle {
    trip {
      trip_id: "4679469"
      route_id: "289"
      start_date: "20240422"
    }
    vehicle {
      id: "641"
      label: "641"
    }
    position {
      latitude: 29.4298744
      longitude: -98.5003052
      bearing: 282.6
      speed: 10.7003517
    }
    current_stop_sequence: 2
    stop_id: "60029"
    current_status: IN_TRANSIT_TO
    timestamp: 1713843642
  }
}
entity {
  id: "762"
  vehicle {
    vehicle {
      id: "762"
      label: "762"
    }
    position {
      latitude: 29.4429588
      longitude: -98.5032196
      speed: 0.360108
    }
    timestamp: 1713843644
  }
}
entity {
  id: "642"
  vehicle {
    vehicle {
      id: "642"
      label: "642"
    }
    position {
      latitude: 29.44314
      longitude: -98.5018082
      speed: 0
    }
    timestamp: 1713843647
  }
}
entity {
  id: "763"
  vehicle {
    vehicle {
      id: "763"
      label: "763"
    }
    position {
      latitude: 29.4424305
      longitude: -98.5013885
      speed: 0
    }
    timestamp: 1713843647
  }
}
entity {
  id: "643"
  vehicle {
    vehicle {
      id: "643"
      label: "643"
    }
    position {
      latitude: 29.5081978
      longitude: -98.5889206
      bearing: 134
      speed: 9.05414391
    }
    timestamp: 1713843643
  }
}
entity {
  id: "764"
  vehicle {
    vehicle {
      id: "764"
      label: "764"
    }
    position {
      latitude: 29.4425316
      longitude: -98.5007706
      speed: 0.051444
    }
    timestamp: 1713843646
  }
}
entity {
  id: "523"
  vehicle {
    vehicle {
      id: "523"
      label: "523"
    }
    position {
      latitude: 29.4423637
      longitude: -98.502861
      bearing: 359.1
      speed: 4.37274
    }
    timestamp: 1713843644
  }
}
entity {
  id: "644"
  vehicle {
    vehicle {
      id: "644"
      label: "644"
    }
    position {
      latitude: 29.4715977
      longitude: -98.5160751
      bearing: 168.5
      speed: 28.9629707
    }
    timestamp: 1713843643
  }
}
entity {
  id: "765"
  vehicle {
    vehicle {
      id: "765"
      label: "765"
    }
    position {
      latitude: 29.4425335
      longitude: -98.5012131
      speed: 0.051444
    }
    timestamp: 1713843643
  }
}
entity {
  id: "524"
  vehicle {
    trip {
      trip_id: "4682517"
      route_id: "552"
      start_date: "20240422"
    }
    vehicle {
      id: "524"
      label: "524"
    }
    position {
      latitude: 29.5152473
      longitude: -98.5292892
      bearing: 52.5
      speed: 16.3077488
    }
    current_stop_sequence: 26
    stop_id: "78693"
    current_status: IN_TRANSIT_TO
    timestamp: 1713843644
  }
}
entity {
  id: "645"
  vehicle {
    trip {
      trip_id: "4682157"
      route_id: "524"
      start_date: "20240422"
    }
    vehicle {
      id: "645"
      label: "645"
    }
    position {
      latitude: 29.3569565
      longitude: -98.5462341
      bearing: 131.7
      speed: 4.06407595
    }
    current_stop_sequence: 69
    stop_id: "53153"
    current_status: STOPPED_AT
    timestamp: 1713843646
  }
}
entity {
  id: "766"
  vehicle {
    vehicle {
      id: "766"
      label: "766"
    }
    position {
      latitude: 29.4424477
      longitude: -98.5008545
      speed: 0
    }
    timestamp: 1713843648
  }
}
entity {
  id: "525"
  vehicle {
    vehicle {
      id: "525"
      label: "525"
    }
    position {
      latitude: 29.4437485
      longitude: -98.5032
      speed: 0.154332012
    }
    timestamp: 1713843646
  }
}
entity {
  id: "646"
  vehicle {
    vehicle {
      id: "646"
      label: "646"
    }
    position {
      latitude: 29.4432869
      longitude: -98.5023117
      speed: 0.051444
    }
    timestamp: 1713843646
  }
}
entity {
  id: "767"
  vehicle {
    vehicle {
      id: "767"
      label: "767"
    }
    position {
      latitude: 29.4424477
      longitude: -98.5013275
      speed: 0.051444
    }
    timestamp: 1713843646
  }
}
entity {
  id: "526"
  vehicle {
    vehicle {
      id: "526"
      label: "526"
    }
    position {
      latitude: 29.4436588
      longitude: -98.5016403
      speed: 0.051444
    }
    timestamp: 1713843644
  }
}
entity {
  id: "768"
  vehicle {
    vehicle {
      id: "768"
      label: "768"
    }
    position {
      latitude: 29.4424629
      longitude: -98.5007095
      speed: 0
    }
    timestamp: 1713843645
  }
}
entity {
  id: "406"
  vehicle {
    vehicle {
      id: "406"
      label: "406"
    }
    position {
      latitude: 29.4445057
      longitude: -98.501091
      speed: 0.051444
    }
    timestamp: 1713843644
  }
}
entity {
  id: "527"
  vehicle {
    vehicle {
      id: "527"
      label: "527"
    }
    position {
      latitude: 29.4435692
      longitude: -98.5017166
      speed: 0
    }
    timestamp: 1713843643
  }
}
entity {
  id: "648"
  vehicle {
    vehicle {
      id: "648"
      label: "648"
    }
    position {
      latitude: 29.4430695
      longitude: -98.5017395
      speed: 0
    }
    timestamp: 1713843644
  }
}
entity {
  id: "769"
  vehicle {
    vehicle {
      id: "769"
      label: "769"
    }
    position {
      latitude: 29.4368515
      longitude: -98.4967117
      bearing: 325.9
      speed: 11.6263437
    }
    timestamp: 1713843647
  }
}
entity {
  id: "407"
  vehicle {
    vehicle {
      id: "407"
      label: "407"
    }
    position {
      latitude: 29.4445171
      longitude: -98.5010452
      speed: 0
    }
    timestamp: 1713843647
  }
}
entity {
  id: "528"
  vehicle {
    vehicle {
      id: "528"
      label: "528"
    }
    position {
      latitude: 29.4435863
      longitude: -98.5017
      speed: 0
    }
    timestamp: 1713843645
  }
}
entity {
  id: "408"
  vehicle {
    vehicle {
      id: "408"
      label: "408"
    }
    position {
      latitude: 29.4445076
      longitude: -98.5009613
      speed: 0.051444
    }
    timestamp: 1713843643
  }
}
entity {
  id: "529"
  vehicle {
    vehicle {
      id: "529"
      label: "529"
    }
    position {
      latitude: 29.4436588
      longitude: -98.5015869
      speed: 0.051444
    }
    timestamp: 1713843642
  }
}
entity {
  id: "770"
  vehicle {
    vehicle {
      id: "770"
      label: "770"
    }
    position {
      latitude: 29.442524
      longitude: -98.5008
      speed: 0.051444
    }
    timestamp: 1713843644
  }
}
entity {
  id: "650"
  vehicle {
    vehicle {
      id: "650"
      label: "650"
    }
    position {
      latitude: 29.4431229
      longitude: -98.5016
      speed: 0.051444
    }
    timestamp: 1713843646
  }
}
entity {
  id: "771"
  vehicle {
    vehicle {
      id: "771"
      label: "771"
    }
    position {
      latitude: 29.4424534
      longitude: -98.5006638
      speed: 0
    }
    timestamp: 1713843645
  }
}
entity {
  id: "530"
  vehicle {
    vehicle {
      id: "530"
      label: "530"
    }
    position {
      latitude: 29.4435959
      longitude: -98.5016327
      speed: 0.051444
    }
    timestamp: 1713843644
  }
}
entity {
  id: "651"
  vehicle {
    vehicle {
      id: "651"
      label: "651"
    }
    position {
      latitude: 29.4430637
      longitude: -98.5016861
      speed: 0.051444
    }
    timestamp: 1713843647
  }
}
entity {
  id: "772"
  vehicle {
    vehicle {
      id: "772"
      label: "772"
    }
    position {
      latitude: 29.4436588
      longitude: -98.5031662
      speed: 0
    }
    timestamp: 1713843648
  }
}
entity {
  id: "410"
  vehicle {
    vehicle {
      id: "410"
      label: "410"
    }
    position {
      latitude: 29.4445152
      longitude: -98.5009
      speed: 0.051444
    }
    timestamp: 1713843648
  }
}
entity {
  id: "531"
  vehicle {
    vehicle {
      id: "531"
      label: "531"
    }
    position {
      latitude: 29.4436665
      longitude: -98.5015259
      speed: 0
    }
    timestamp: 1713843646
  }
}
entity {
  id: "652"
  vehicle {
    vehicle {
      id: "652"
      label: "652"
    }
    position {
      latitude: 29.4430618
      longitude: -98.5016556
      speed: 0.051444
    }
    timestamp: 1713843648
  }
}
entity {
  id: "773"
  vehicle {
    vehicle {
      id: "773"
      label: "773"
    }
    position {
      latitude: 29.4425335
      longitude: -98.5010757
      speed: 0
    }
    timestamp: 1713843643
  }
}
entity {
  id: "411"
  vehicle {
    vehicle {
      id: "411"
      label: "411"
    }
    position {
      latitude: 29.4445362
      longitude: -98.5008316
      speed: 0.051444
    }
    timestamp: 1713843643
  }
}
entity {
  id: "532"
  vehicle {
    vehicle {
      id: "532"
      label: "532"
    }
    position {
      latitude: 29.4436455
      longitude: -98.5014877
      speed: 0.051444
    }
    timestamp: 1713843643
  }
}
entity {
  id: "653"
  vehicle {
    vehicle {
      id: "653"
      label: "653"
    }
    position {
      latitude: 29.4431477
      longitude: -98.5015335
      speed: 0.051444
    }
    timestamp: 1713843645
  }
}
entity {
  id: "774"
  vehicle {
    vehicle {
      id: "774"
      label: "774"
    }
    position {
      latitude: 29.4425144
      longitude: -98.5015869
      speed: 0.102888
    }
    timestamp: 1713843645
  }
}
entity {
  id: "775"
  vehicle {
    vehicle {
      id: "775"
      label: "775"
    }
    position {
      latitude: 29.4442844
      longitude: -98.5037231
      speed: 0.051444
    }
    timestamp: 1713843643
  }
}
entity {
  id: "654"
  vehicle {
    trip {
      trip_id: "4683123"
      route_id: "607"
      start_date: "20240422"
    }
    vehicle {
      id: "654"
      label: "654"
    }
    position {
      latitude: 29.4781723
      longitude: -98.6079483
      bearing: 219.9
      speed: 9.51714
    }
    current_stop_sequence: 26
    stop_id: "64547"
    current_status: STOPPED_AT
    timestamp: 1713843647
  }
}
entity {
  id: "533"
  vehicle {
    trip {
      trip_id: "4678627"
      route_id: "242"
      start_date: "20240422"
    }
    vehicle {
      id: "533"
      label: "533"
    }
    position {
      latitude: 29.4228592
      longitude: -98.491806
      bearing: 176.8
      speed: 1.95487201
    }
    current_stop_sequence: 3
    stop_id: "99157"
    current_status: STOPPED_AT
    timestamp: 1713843643
  }
}
entity {
  id: "412"
  vehicle {
    vehicle {
      id: "412"
      label: "412"
    }
    position {
      latitude: 29.4445038
      longitude: -98.5007629
      speed: 0.102888
    }
    timestamp: 1713843644
  }
}
entity {
  id: "413"
  vehicle {
    vehicle {
      id: "413"
      label: "413"
    }
    position {
      latitude: 29.4445
      longitude: -98.5006714
      speed: 0.051444
    }
    timestamp: 1713843645
  }
}
entity {
  id: "534"
  vehicle {
    vehicle {
      id: "534"
      label: "534"
    }
    position {
      latitude: 29.4224472
      longitude: -98.4856491
      speed: 0
    }
    timestamp: 1713843647
  }
}
entity {
  id: "655"
  vehicle {
    vehicle {
      id: "655"
      label: "655"
    }
    position {
      latitude: 29.4431305
      longitude: -98.5014801
      speed: 0.051444
    }
    timestamp: 1713843647
  }
}
entity {
  id: "776"
  vehicle {
    vehicle {
      id: "776"
      label: "776"
    }
    position {
      latitude: 29.442461
      longitude: -98.5005875
      speed: 0.051444
    }
    timestamp: 1713843645
  }
}
entity {
  id: "414"
  vehicle {
    vehicle {
      id: "414"
      label: "414"
    }
    position {
      latitude: 29.4445133
      longitude: -98.5007
      speed: 0.102888
    }
    timestamp: 1713843647
  }
}
entity {
  id: "535"
  vehicle {
    vehicle {
      id: "535"
      label: "535"
    }
    position {
      latitude: 29.4436855
      longitude: -98.5014
      speed: 0.051444
    }
    timestamp: 1713843647
  }
}
entity {
  id: "777"
  vehicle {
    trip {
      trip_id: "4682585"
      route_id: "552"
      start_date: "20240422"
    }
    vehicle {
      id: "777"
      label: "777"
    }
    position {
      latitude: 29.5208321
      longitude: -98.4934235
      bearing: 270.6
      speed: 16.6164112
    }
    current_stop_sequence: 31
    stop_id: "10059"
    current_status: IN_TRANSIT_TO
    timestamp: 1713843648
  }
}
entity {
  id: "415"
  vehicle {
    vehicle {
      id: "415"
      label: "415"
    }
    position {
      latitude: 29.4445076
      longitude: -98.5006409
      speed: 0.051444
    }
    timestamp: 1713843643
  }
}
entity {
  id: "657"
  vehicle {
    trip {
      trip_id: "4683774"
      route_id: "614"
      start_date: "20240422"
    }
    vehicle {
      id: "657"
      label: "657"
    }
    position {
      latitude: 29.402401
      longitude: -98.6324158
      speed: 0
    }
    current_stop_sequence: 1
    stop_id: "46557"
    current_status: STOPPED_AT
    timestamp: 1713843647
  }
}
entity {
  id: "778"
  vehicle {
    vehicle {
      id: "778"
      label: "778"
    }
    position {
      latitude: 29.4427204
      longitude: -98.5031662
      speed: 0.102888
    }
    timestamp: 1713843646
  }
}
entity {
  id: "416"
  vehicle {
    vehicle {
      id: "416"
      label: "416"
    }
    position {
      latitude: 29.4445095
      longitude: -98.5005798
      speed: 0.051444
    }
    timestamp: 1713843646
  }
}
entity {
  id: "658"
  vehicle {
    vehicle {
      id: "658"
      label: "658"
    }
    position {
      latitude: 29.4431343
      longitude: -98.5014191
      speed: 0.051444
    }
    timestamp: 1713843646
  }
}
entity {
  id: "779"
  vehicle {
    trip {
      trip_id: "4687555"
      route_id: "93"
      start_date: "20240422"
    }
    vehicle {
      id: "779"
      label: "779"
    }
    position {
      latitude: 29.6130867
      longitude: -98.5980682
      bearing: 85.1
      speed: 3.96118784
    }
    current_stop_sequence: 24
    stop_id: "75379"
    current_status: IN_TRANSIT_TO
    timestamp: 1713843644
  }
}
entity {
  id: "537"
  vehicle {
    vehicle {
      id: "537"
      label: "537"
    }
    position {
      latitude: 29.4434586
      longitude: -98.5032959
      speed: 0.051444
    }
    timestamp: 1713843648
  }
}
entity {
  id: "417"
  vehicle {
    vehicle {
      id: "417"
      label: "417"
    }
    position {
      latitude: 29.402626
      longitude: -98.6325531
      speed: 0
    }
    timestamp: 1713843646
  }
}
entity {
  id: "659"
  vehicle {
    vehicle {
      id: "659"
      label: "659"
    }
    position {
      latitude: 29.4430466
      longitude: -98.5014954
      speed: 0.051444
    }
    timestamp: 1713843647
  }
}
entity {
  id: "418"
  vehicle {
    vehicle {
      id: "418"
      label: "418"
    }
    position {
      latitude: 29.4445229
      longitude: -98.5004578
      speed: 0.102888
    }
    timestamp: 1713843646
  }
}
entity {
  id: "539"
  vehicle {
    vehicle {
      id: "539"
      label: "539"
    }
    position {
      latitude: 29.4435863
      longitude: -98.501442
      speed: 0.051444
    }
    timestamp: 1713843643
  }
}
entity {
  id: "419"
  vehicle {
    vehicle {
      id: "419"
      label: "419"
    }
    position {
      latitude: 29.4239864
      longitude: -98.4798279
      speed: 0.051444
    }
    timestamp: 1713843646
  }
}
entity {
  id: "780"
  vehicle {
    vehicle {
      id: "780"
      label: "780"
    }
    position {
      latitude: 29.442543
      longitude: -98.5012665
      speed: 0
    }
    timestamp: 1713843645
  }
}
entity {
  id: "781"
  vehicle {
    vehicle {
      id: "781"
      label: "781"
    }
    position {
      latitude: 29.4424496
      longitude: -98.5011292
      speed: 0.051444
    }
    timestamp: 1713843647
  }
}
entity {
  id: "660"
  vehicle {
    trip {
      trip_id: "4678389"
      route_id: "230"
      start_date: "20240422"
    }
    vehicle {
      id: "660"
      label: "660"
    }
    position {
      latitude: 29.4182892
      longitude: -98.4903946
      bearing: 154.2
      speed: 4.62996
    }
    current_stop_sequence: 5
    stop_id: "11223"
    current_status: IN_TRANSIT_TO
    timestamp: 1713843646
  }
}
entity {
  id: "540"
  vehicle {
    vehicle {
      id: "540"
      label: "540"
    }
    position {
      latitude: 29.4224567
      longitude: -98.4857635
      speed: 0.051444
    }
    timestamp: 1713843643
  }
}
entity {
  id: "661"
  vehicle {
    trip {
      trip_id: "4683986"
      route_id: "616"
      start_date: "20240422"
    }
    vehicle {
      id: "661"
      label: "661"
    }
    position {
      latitude: 29.4024124
      longitude: -98.6325912
      speed: 0
    }
    current_stop_sequence: 1
    stop_id: "46557"
    current_status: STOPPED_AT
    timestamp: 1713843643
  }
}
entity {
  id: "782"
  vehicle {
    vehicle {
      id: "782"
      label: "782"
    }
    position {
      latitude: 29.4424572
      longitude: -98.5014343
      speed: 0
    }
    timestamp: 1713843644
  }
}
entity {
  id: "541"
  vehicle {
    vehicle {
      id: "541"
      label: "541"
    }
    position {
      latitude: 29.4436779
      longitude: -98.501236
      speed: 0.051444
    }
    timestamp: 1713843643
  }
}
entity {
  id: "662"
  vehicle {
    trip {
      trip_id: "4678645"
      route_id: "243"
      start_date: "20240422"
    }
    vehicle {
      id: "662"
      label: "662"
    }
    position {
      latitude: 29.4193916
      longitude: -98.4967957
      speed: 0.051444
    }
    current_stop_sequence: 4
    stop_id: "98837"
    current_status: STOPPED_AT
    timestamp: 1713843644
  }
}
entity {
  id: "783"
  vehicle {
    vehicle {
      id: "783"
      label: "783"
    }
    position {
      latitude: 29.4225674
      longitude: -98.4862061
      speed: 0.051444
    }
    timestamp: 1713843644
  }
}
entity {
  id: "421"
  vehicle {
    vehicle {
      id: "421"
      label: "421"
    }
    position {
      latitude: 29.4443111
      longitude: -98.5017929
      speed: 0.051444
    }
    timestamp: 1713843644
  }
}
entity {
  id: "542"
  vehicle {
    vehicle {
      id: "542"
      label: "542"
    }
    position {
      latitude: 29.4435749
      longitude: -98.5013199
      speed: 0.051444
    }
    timestamp: 1713843646
  }
}
entity {
  id: "663"
  vehicle {
    vehicle {
      id: "663"
      label: "663"
    }
    position {
      latitude: 29.4431458
      longitude: -98.5012817
      speed: 0.051444
    }
    timestamp: 1713843644
  }
}
entity {
  id: "784"
  vehicle {
    vehicle {
      id: "784"
      label: "784"
    }
    position {
      latitude: 29.4427185
      longitude: -98.501976
      bearing: 129.8
      speed: 4.99006796
    }
    timestamp: 1713843646
  }
}
entity {
  id: "422"
  vehicle {
    trip {
      trip_id: "4679121"
      route_id: "275"
      start_date: "20240422"
    }
    vehicle {
      id: "422"
      label: "422"
    }
    position {
      latitude: 29.4273758
      longitude: -98.5037689
      speed: 0.051444
    }
    current_stop_sequence: 6
    stop_id: "60017"
    current_status: STOPPED_AT
    timestamp: 1713843647
  }
}
entity {
  id: "664"
  vehicle {
    vehicle {
      id: "664"
      label: "664"
    }
    position {
      latitude: 29.4430523
      longitude: -98.5013428
      speed: 0
    }
    timestamp: 1713843643
  }
}
entity {
  id: "785"
  vehicle {
    vehicle {
      id: "785"
      label: "785"
    }
    position {
      latitude: 29.4416466
      longitude: -98.4991455
      bearing: 350.5
      speed: 1.74909604
    }
    timestamp: 1713843646
  }
}
entity {
  id: "423"
  vehicle {
    vehicle {
      id: "423"
      label: "423"
    }
    position {
      latitude: 29.4442902
      longitude: -98.5017395
      speed: 0
    }
    timestamp: 1713843646
  }
}
entity {
  id: "544"
  vehicle {
    trip {
      trip_id: "4679451"
      route_id: "288"
      start_date: "20240422"
    }
    vehicle {
      id: "544"
      label: "544"
    }
    position {
      latitude: 29.4417839
      longitude: -98.50354
      bearing: 298.8
      speed: 2.46931219
    }
    current_stop_sequence: 9
    stop_id: "56239"
    current_status: STOPPED_AT
    timestamp: 1713843647
  }
}
entity {
  id: "665"
  vehicle {
    vehicle {
      id: "665"
      label: "665"
    }
    position {
      latitude: 29.4431267
      longitude: -98.5012512
      speed: 0
    }
    timestamp: 1713843647
  }
}
entity {
  id: "545"
  vehicle {
    vehicle {
      id: "545"
      label: "545"
    }
    position {
      latitude: 29.4436779
      longitude: -98.5011749
      speed: 0
    }
    timestamp: 1713843643
  }
}
entity {
  id: "546"
  vehicle {
    vehicle {
      id: "546"
      label: "546"
    }
    position {
      latitude: 29.4436893
      longitude: -98.5011368
      speed: 0.051444
    }
    timestamp: 1713843646
  }
}
entity {
  id: "667"
  vehicle {
    trip {
      trip_id: "4678371"
      route_id: "225"
      start_date: "20240422"
    }
    vehicle {
      id: "667"
      label: "667"
    }
    position {
      latitude: 29.4204865
      longitude: -98.4732132
      bearing: 104.2
      speed: 7.40793562
    }
    current_stop_sequence: 7
    stop_id: "95783"
    current_status: STOPPED_AT
    timestamp: 1713843644
  }
}
entity {
  id: "425"
  vehicle {
    trip {
      trip_id: "4683974"
      route_id: "616"
      start_date: "20240422"
    }
    vehicle {
      id: "425"
      label: "425"
    }
    position {
      latitude: 29.3980484
      longitude: -98.6443481
      bearing: 341.1
      speed: 4.4756279
    }
    current_stop_sequence: 34
    stop_id: "53483"
    current_status: IN_TRANSIT_TO
    timestamp: 1713843646
  }
}
entity {
  id: "547"
  vehicle {
    vehicle {
      id: "547"
      label: "547"
    }
    position {
      latitude: 29.4434223
      longitude: -98.503273
      speed: 0.051444
    }
    timestamp: 1713843643
  }
}
entity {
  id: "668"
  vehicle {
    vehicle {
      id: "668"
      label: "668"
    }
    position {
      latitude: 29.4431362
      longitude: -98.5011597
      speed: 0.051444
    }
    timestamp: 1713843646
  }
}
entity {
  id: "548"
  vehicle {
    vehicle {
      id: "548"
      label: "548"
    }
    position {
      latitude: 29.4436893
      longitude: -98.5010757
      speed: 0.051444
    }
    timestamp: 1713843648
  }
}
entity {
  id: "427"
  vehicle {
    trip {
      trip_id: "4681487"
      route_id: "503"
      start_date: "20240422"
    }
    vehicle {
      id: "427"
      label: "427"
    }
    position {
      latitude: 29.6330338
      longitude: -98.4957123
      bearing: 175.9
      speed: 12.0378962
    }
    current_stop_sequence: 9
    stop_id: "28807"
    current_status: STOPPED_AT
    timestamp: 1713843644
  }
}
entity {
  id: "549"
  vehicle {
    trip {
      trip_id: "4683867"
      route_id: "615"
      start_date: "20240422"
    }
    vehicle {
      id: "549"
      label: "549"
    }
    position {
      latitude: 29.4023438
      longitude: -98.6321106
      speed: 0
    }
    current_stop_sequence: 1
    stop_id: "46566"
    current_status: STOPPED_AT
    timestamp: 1713843645
  }
}
entity {
  id: "429"
  vehicle {
    vehicle {
      id: "429"
      label: "429"
    }
    position {
      latitude: 29.444294
      longitude: -98.5015945
      speed: 0.051444
    }
    timestamp: 1713843646
  }
}
entity {
  id: "670"
  vehicle {
    vehicle {
      id: "670"
      label: "670"
    }
    position {
      latitude: 29.4440689
      longitude: -98.5031891
      speed: 0.051444
    }
    timestamp: 1713843645
  }
}
entity {
  id: "550"
  vehicle {
    vehicle {
      id: "550"
      label: "550"
    }
    position {
      latitude: 29.443779
      longitude: -98.5032196
      speed: 0.051444
    }
    timestamp: 1713843648
  }
}
entity {
  id: "671"
  vehicle {
    vehicle {
      id: "671"
      label: "671"
    }
    position {
      latitude: 29.4429131
      longitude: -98.5013504
      bearing: 91.7
      speed: 2.8808639
    }
    timestamp: 1713843646
  }
}
entity {
  id: "672"
  vehicle {
    vehicle {
      id: "672"
      label: "672"
    }
    position {
      latitude: 29.4225845
      longitude: -98.4863358
      speed: 0.051444
    }
    timestamp: 1713843645
  }
}
entity {
  id: "551"
  vehicle {
    trip {
      trip_id: "4679136"
      route_id: "276"
      start_date: "20240422"
    }
    vehicle {
      id: "551"
      label: "551"
    }
    position {
      latitude: 29.4300022
      longitude: -98.5009842
      bearing: 275.7
      speed: 10.8546839
    }
    current_stop_sequence: 5
    stop_id: "76779"
    current_status: IN_TRANSIT_TO
    timestamp: 1713843645
  }
}
entity {
  id: "431"
  vehicle {
    vehicle {
      id: "431"
      label: "431"
    }
    position {
      latitude: 29.4442291
      longitude: -98.5016403
      speed: 0.051444
    }
    timestamp: 1713843645
  }
}
entity {
  id: "552"
  vehicle {
    vehicle {
      id: "552"
      label: "552"
    }
    position {
      latitude: 29.4436855
      longitude: -98.5009537
      speed: 0.051444
    }
    timestamp: 1713843645
  }
}
entity {
  id: "432"
  vehicle {
    vehicle {
      id: "432"
      label: "432"
    }
    position {
      latitude: 29.4442959
      longitude: -98.5014725
      speed: 0.102888
    }
    timestamp: 1713843645
  }
}
entity {
  id: "553"
  vehicle {
    trip {
      trip_id: "4679552"
      route_id: "3"
      start_date: "20240422"
    }
    vehicle {
      id: "553"
      label: "553"
    }
    position {
      latitude: 29.4716129
      longitude: -98.4993439
      bearing: 175.4
      speed: 2.93230796
    }
    current_stop_sequence: 8
    stop_id: "77957"
    current_status: STOPPED_AT
    timestamp: 1713843643
  }
}
entity {
  id: "674"
  vehicle {
    vehicle {
      id: "674"
      label: "674"
    }
    position {
      latitude: 29.4430676
      longitude: -98.501152
      speed: 0
    }
    timestamp: 1713843648
  }
}
entity {
  id: "554"
  vehicle {
    vehicle {
      id: "554"
      label: "554"
    }
    position {
      latitude: 29.4369202
      longitude: -98.4924469
      bearing: 248.5
      speed: 5.09295559
    }
    timestamp: 1713843643
  }
}
entity {
  id: "675"
  vehicle {
    vehicle {
      id: "675"
      label: "675"
    }
    position {
      latitude: 29.4438572
      longitude: -98.5022
      speed: 0.051444
    }
    timestamp: 1713843643
  }
}
entity {
  id: "434"
  vehicle {
    trip {
      trip_id: "4679433"
      route_id: "282"
      start_date: "20240422"
    }
    vehicle {
      id: "434"
      label: "434"
    }
    position {
      latitude: 29.4421158
      longitude: -98.5040588
      bearing: 314
      speed: 6.01894808
    }
    current_stop_sequence: 9
    stop_id: "56239"
    current_status: STOPPED_AT
    timestamp: 1713843645
  }
}
entity {
  id: "555"
  vehicle {
    vehicle {
      id: "555"
      label: "555"
    }
    position {
      latitude: 29.4436722
      longitude: -98.5009079
      speed: 0.051444
    }
    timestamp: 1713843646
  }
}
entity {
  id: "676"
  vehicle {
    vehicle {
      id: "676"
      label: "676"
    }
    position {
      latitude: 29.4431458
      longitude: -98.5009689
      speed: 0
    }
    timestamp: 1713843647
  }
}
entity {
  id: "435"
  vehicle {
    trip {
      trip_id: "4679151"
      route_id: "277"
      start_date: "20240422"
    }
    vehicle {
      id: "435"
      label: "435"
    }
    position {
      latitude: 29.4305344
      longitude: -98.509407
      bearing: 275.6
      speed: 11.8321199
    }
    current_stop_sequence: 8
    stop_id: "74649"
    current_status: IN_TRANSIT_TO
    timestamp: 1713843644
  }
}
entity {
  id: "556"
  vehicle {
    vehicle {
      id: "556"
      label: "556"
    }
    position {
      latitude: 29.4436665
      longitude: -98.5008698
      speed: 0.051444
    }
    timestamp: 1713843647
  }
}
entity {
  id: "677"
  vehicle {
    trip {
      trip_id: "4677754"
      route_id: "20"
      start_date: "20240422"
    }
    vehicle {
      id: "677"
      label: "677"
    }
    position {
      latitude: 29.437851
      longitude: -98.460907
      bearing: 1.7
      speed: 5.1444
    }
    current_stop_sequence: 40
    stop_id: "69126"
    current_status: STOPPED_AT
    timestamp: 1713843646
  }
}
entity {
  id: "557"
  vehicle {
    vehicle {
      id: "557"
      label: "557"
    }
    position {
      latitude: 29.4435844
      longitude: -98.5009918
      speed: 0.051444
    }
    timestamp: 1713843646
  }
}
entity {
  id: "678"
  vehicle {
    vehicle {
      id: "678"
      label: "678"
    }
    position {
      latitude: 29.4223881
      longitude: -98.485527
      speed: 0
    }
    timestamp: 1713843648
  }
}
entity {
  id: "437"
  vehicle {
    vehicle {
      id: "437"
      label: "437"
    }
    position {
      latitude: 29.4442329
      longitude: -98.5014801
      speed: 0.051444
    }
    timestamp: 1713843643
  }
}
entity {
  id: "558"
  vehicle {
    vehicle {
      id: "558"
      label: "558"
    }
    position {
      latitude: 29.4435902
      longitude: -98.5009232
      speed: 0
    }
    timestamp: 1713843647
  }
}
entity {
  id: "679"
  vehicle {
    trip {
      trip_id: "4678407"
      route_id: "232"
      start_date: "20240422"
    }
    vehicle {
      id: "679"
      label: "679"
    }
    position {
      latitude: 29.4229183
      longitude: -98.4917297
      speed: 0
    }
    current_stop_sequence: 3
    stop_id: "99157"
    current_status: STOPPED_AT
    timestamp: 1713843645
  }
}
entity {
  id: "559"
  vehicle {
    vehicle {
      id: "559"
      label: "559"
    }
    position {
      latitude: 29.4436951
      longitude: -98.5008316
      speed: 0
    }
    timestamp: 1713843648
  }
}
entity {
  id: "439"
  vehicle {
    vehicle {
      id: "439"
      label: "439"
    }
    position {
      latitude: 29.4442234
      longitude: -98.501442
      speed: 0.051444
    }
    timestamp: 1713843644
  }
}
entity {
  id: "680"
  vehicle {
    vehicle {
      id: "680"
      label: "680"
    }
    position {
      latitude: 29.4431381
      longitude: -98.5008621
      speed: 0
    }
    timestamp: 1713843644
  }
}
entity {
  id: "560"
  vehicle {
    vehicle {
      id: "560"
      label: "560"
    }
    position {
      latitude: 29.4436607
      longitude: -98.5007553
      speed: 0
    }
    timestamp: 1713843646
  }
}
entity {
  id: "440"
  vehicle {
    vehicle {
      id: "440"
      label: "440"
    }
    position {
      latitude: 29.4442234
      longitude: -98.5013962
      speed: 0
    }
    timestamp: 1713843646
  }
}
entity {
  id: "682"
  vehicle {
    vehicle {
      id: "682"
      label: "682"
    }
    position {
      latitude: 29.4431515
      longitude: -98.5008392
      speed: 0.051444
    }
    timestamp: 1713843642
  }
}
entity {
  id: "441"
  vehicle {
    vehicle {
      id: "441"
      label: "441"
    }
    position {
      latitude: 29.4436417
      longitude: -98.5021439
      speed: 0.205776
    }
    timestamp: 1713843643
  }
}
entity {
  id: "683"
  vehicle {
    vehicle {
      id: "683"
      label: "683"
    }
    position {
      latitude: 29.4429417
      longitude: -98.5016937
      bearing: 91
      speed: 4.21840811
    }
    timestamp: 1713843647
  }
}
entity {
  id: "562"
  vehicle {
    trip {
      trip_id: "4687971"
      route_id: "96"
      start_date: "20240422"
    }
    vehicle {
      id: "562"
      label: "562"
    }
    position {
      latitude: 29.5457
      longitude: -98.5898209
      bearing: 21.7
      speed: 10.7517958
    }
    current_stop_sequence: 79
    stop_id: "19446"
    current_status: IN_TRANSIT_TO
    timestamp: 1713843646
  }
}
entity {
  id: "563"
  vehicle {
    vehicle {
      id: "563"
      label: "563"
    }
    position {
      latitude: 29.4436722
      longitude: -98.5007172
      speed: 0
    }
    timestamp: 1713843643
  }
}
entity {
  id: "684"
  vehicle {
    vehicle {
      id: "684"
      label: "684"
    }
    position {
      latitude: 29.4431152
      longitude: -98.5007858
      speed: 0
    }
    timestamp: 1713843643
  }
}
entity {
  id: "564"
  vehicle {
    vehicle {
      id: "564"
      label: "564"
    }
    position {
      latitude: 29.443882
      longitude: -98.5021439
      speed: 0.051444
    }
    timestamp: 1713843647
  }
}
entity {
  id: "685"
  vehicle {
    vehicle {
      id: "685"
      label: "685"
    }
    position {
      latitude: 29.4431553
      longitude: -98.5007248
      speed: 0.051444
    }
    timestamp: 1713843645
  }
}
entity {
  id: "443"
  vehicle {
    vehicle {
      id: "443"
      label: "443"
    }
    position {
      latitude: 29.4442158
      longitude: -98.5013351
      speed: 0
    }
    timestamp: 1713843647
  }
}
entity {
  id: "444"
  vehicle {
    vehicle {
      id: "444"
      label: "444"
    }
    position {
      latitude: 29.4539051
      longitude: -98.5157776
      bearing: 139
      speed: 7.35649204
    }
    timestamp: 1713843643
  }
}
entity {
  id: "686"
  vehicle {
    trip {
      trip_id: "4681141"
      route_id: "5"
      start_date: "20240422"
    }
    vehicle {
      id: "686"
      label: "686"
    }
    position {
      latitude: 29.5219936
      longitude: -98.4768829
      speed: 0
    }
    current_stop_sequence: 2
    stop_id: "64557"
    current_status: STOPPED_AT
    timestamp: 1713843646
  }
}
entity {
  id: "566"
  vehicle {
    vehicle {
      id: "566"
      label: "566"
    }
    position {
      latitude: 29.4435883
      longitude: -98.5006409
      speed: 0.051444
    }
    timestamp: 1713843647
  }
}
entity {
  id: "687"
  vehicle {
    vehicle {
      id: "687"
      label: "687"
    }
    position {
      latitude: 29.4431343
      longitude: -98.5006714
      speed: 0
    }
    timestamp: 1713843646
  }
}
entity {
  id: "445"
  vehicle {
    vehicle {
      id: "445"
      label: "445"
    }
    position {
      latitude: 29.4436607
      longitude: -98.5031052
      speed: 0.051444
    }
    timestamp: 1713843646
  }
}
entity {
  id: "446"
  vehicle {
    vehicle {
      id: "446"
      label: "446"
    }
    position {
      latitude: 29.4442863
      longitude: -98.5011215
      speed: 0.051444
    }
    timestamp: 1713843644
  }
}
entity {
  id: "567"
  vehicle {
    vehicle {
      id: "567"
      label: "567"
    }
    position {
      latitude: 29.4436703
      longitude: -98.5005722
      speed: 0.051444
    }
    timestamp: 1713843643
  }
}
entity {
  id: "688"
  vehicle {
    vehicle {
      id: "688"
      label: "688"
    }
    position {
      latitude: 29.4430389
      longitude: -98.5007782
      speed: 0.051444
    }
    timestamp: 1713843646
  }
}
entity {
  id: "689"
  vehicle {
    vehicle {
      id: "689"
      label: "689"
    }
    position {
      latitude: 29.4430561
      longitude: -98.5007324
      speed: 0
    }
    timestamp: 1713843645
  }
}
entity {
  id: "447"
  vehicle {
    trip {
      trip_id: "4678189"
      route_id: "214"
      start_date: "20240422"
    }
    vehicle {
      id: "447"
      label: "447"
    }
    position {
      latitude: 29.4469566
      longitude: -98.4753
      bearing: 17.4
      speed: 16.7193
    }
    current_stop_sequence: 6
    stop_id: "26626"
    current_status: IN_TRANSIT_TO
    timestamp: 1713843645
  }
}
entity {
  id: "448"
  vehicle {
    vehicle {
      id: "448"
      label: "448"
    }
    position {
      latitude: 29.4442959
      longitude: -98.5010681
      speed: 0.051444
    }
    timestamp: 1713843647
  }
}
entity {
  id: "449"
  vehicle {
    vehicle {
      id: "449"
      label: "449"
    }
    position {
      latitude: 29.4442
      longitude: -98.5011673
      speed: 0
    }
    timestamp: 1713843647
  }
}
entity {
  id: "690"
  vehicle {
    vehicle {
      id: "690"
      label: "690"
    }
    position {
      latitude: 29.443058
      longitude: -98.5030594
      speed: 0.051444
    }
    timestamp: 1713843645
  }
}
entity {
  id: "691"
  vehicle {
    vehicle {
      id: "691"
      label: "691"
    }
    position {
      latitude: 29.4224987
      longitude: -98.4860535
      speed: 0.051444
    }
    timestamp: 1713843643
  }
}
entity {
  id: "450"
  vehicle {
    vehicle {
      id: "450"
      label: "450"
    }
    position {
      latitude: 29.4442348
      longitude: -98.5011215
      speed: 0.051444
    }
    timestamp: 1713843644
  }
}
entity {
  id: "571"
  vehicle {
    vehicle {
      id: "571"
      label: "571"
    }
    position {
      latitude: 29.4435978
      longitude: -98.5005646
      speed: 0.051444
    }
    timestamp: 1713843648
  }
}
entity {
  id: "572"
  vehicle {
    vehicle {
      id: "572"
      label: "572"
    }
    position {
      latitude: 29.443388
      longitude: -98.5019
      speed: 0.051444
    }
    timestamp: 1713843644
  }
}
entity {
  id: "693"
  vehicle {
    vehicle {
      id: "693"
      label: "693"
    }
    position {
      latitude: 29.4441967
      longitude: -98.5032196
      speed: 0.051444
    }
    timestamp: 1713843644
  }
}
entity {
  id: "694"
  vehicle {
    vehicle {
      id: "694"
      label: "694"
    }
    position {
      latitude: 29.4430351
      longitude: -98.5005112
      speed: 0.051444
    }
    timestamp: 1713843646
  }
}
entity {
  id: "573"
  vehicle {
    vehicle {
      id: "573"
      label: "573"
    }
    position {
      latitude: 29.4442539
      longitude: -98.5032043
      speed: 0.051444
    }
    timestamp: 1713843644
  }
}
entity {
  id: "452"
  vehicle {
    vehicle {
      id: "452"
      label: "452"
    }
    position {
      latitude: 29.4442
      longitude: -98.5010681
      speed: 0.051444
    }
    timestamp: 1713843647
  }
}
entity {
  id: "453"
  vehicle {
    vehicle {
      id: "453"
      label: "453"
    }
    position {
      latitude: 29.444313
      longitude: -98.500946
      speed: 0.051444
    }
    timestamp: 1713843645
  }
}
entity {
  id: "574"
  vehicle {
    vehicle {
      id: "574"
      label: "574"
    }
    position {
      latitude: 29.4434166
      longitude: -98.5018768
      speed: 0.051444
    }
    timestamp: 1713843648
  }
}
entity {
  id: "695"
  vehicle {
    vehicle {
      id: "695"
      label: "695"
    }
    position {
      latitude: 29.4427013
      longitude: -98.5019073
      speed: 0
    }
    timestamp: 1713843644
  }
}
entity {
  id: "454"
  vehicle {
    vehicle {
      id: "454"
      label: "454"
    }
    position {
      latitude: 29.4443111
      longitude: -98.5009232
      speed: 0.051444
    }
    timestamp: 1713843644
  }
}
entity {
  id: "575"
  vehicle {
    vehicle {
      id: "575"
      label: "575"
    }
    position {
      latitude: 29.4433308
      longitude: -98.5019531
      speed: 0.051444
    }
    timestamp: 1713843181
  }
}
entity {
  id: "696"
  vehicle {
    trip {
      trip_id: "4678016"
      route_id: "202"
      start_date: "20240422"
    }
    vehicle {
      id: "696"
      label: "696"
    }
    position {
      latitude: 29.4404182
      longitude: -98.5033188
      bearing: 353
      speed: 17.0794086
    }
    current_stop_sequence: 9
    stop_id: "56239"
    current_status: IN_TRANSIT_TO
    timestamp: 1713843644
  }
}
entity {
  id: "455"
  vehicle {
    trip {
      trip_id: "4683432"
      route_id: "611"
      start_date: "20240422"
    }
    vehicle {
      id: "455"
      label: "455"
    }
    position {
      latitude: 29.4025917
      longitude: -98.6323929
      speed: 0.051444
    }
    current_stop_sequence: 1
    stop_id: "46456"
    current_status: STOPPED_AT
    timestamp: 1713843647
  }
}
entity {
  id: "576"
  vehicle {
    vehicle {
      id: "576"
      label: "576"
    }
    position {
      latitude: 29.4434147
      longitude: -98.5017776
      speed: 0.051444
    }
    timestamp: 1713843645
  }
}
entity {
  id: "697"
  vehicle {
    trip {
      trip_id: "4679100"
      route_id: "268"
      start_date: "20240422"
    }
    vehicle {
      id: "697"
      label: "697"
    }
    position {
      latitude: 29.4269886
      longitude: -98.5048523
      speed: 0.102888
    }
    current_stop_sequence: 2
    stop_id: "60019"
    current_status: STOPPED_AT
    timestamp: 1713843643
  }
}
entity {
  id: "456"
  vehicle {
    vehicle {
      id: "456"
      label: "456"
    }
    position {
      latitude: 29.4442921
      longitude: -98.5008621
      speed: 0
    }
    timestamp: 1713843646
  }
}
entity {
  id: "577"
  vehicle {
    vehicle {
      id: "577"
      label: "577"
    }
    position {
      latitude: 29.4433022
      longitude: -98.5019
      speed: 0
    }
    timestamp: 1713843647
  }
}
entity {
  id: "698"
  vehicle {
    vehicle {
      id: "698"
      label: "698"
    }
    position {
      latitude: 29.4430542
      longitude: -98.5033264
      speed: 0.102888
    }
    timestamp: 1713843644
  }
}
entity {
  id: "457"
  vehicle {
    trip {
      trip_id: "4681468"
      route_id: "503"
      start_date: "20240422"
    }
    vehicle {
      id: "457"
      label: "457"
    }
    position {
      latitude: 29.5467415
      longitude: -98.5764923
      speed: 0
    }
    current_stop_sequence: 16
    stop_id: "14226"
    current_status: STOPPED_AT
    timestamp: 1713843644
  }
}
entity {
  id: "578"
  vehicle {
    trip {
      trip_id: "4678461"
      route_id: "24"
      start_date: "20240422"
    }
    vehicle {
      id: "578"
      label: "578"
    }
    position {
      latitude: 29.4261837
      longitude: -98.4846573
      bearing: 307.8
      speed: 9.25992
    }
    current_stop_sequence: 36
    stop_id: "49449"
    current_status: IN_TRANSIT_TO
    timestamp: 1713843646
  }
}
entity {
  id: "699"
  vehicle {
    vehicle {
      id: "699"
      label: "699"
    }
    position {
      latitude: 29.4429321
      longitude: -98.5023193
      bearing: 137.5
      speed: 4.11552
    }
    timestamp: 1713843645
  }
}
entity {
  id: "458"
  vehicle {
    vehicle {
      id: "458"
      label: "458"
    }
    position {
      latitude: 29.4442158
      longitude: -98.500885
      speed: 0
    }
    timestamp: 1713843648
  }
}
entity {
  id: "579"
  vehicle {
    vehicle {
      id: "579"
      label: "579"
    }
    position {
      latitude: 29.4433899
      longitude: -98.5017624
      speed: 0.051444
    }
    timestamp: 1713843645
  }
}
entity {
  id: "459"
  vehicle {
    vehicle {
      id: "459"
      label: "459"
    }
    position {
      latitude: 29.4442978
      longitude: -98.5008469
      speed: 0.051444
    }
    timestamp: 1713843644
  }
}
entity {
  id: "580"
  vehicle {
    vehicle {
      id: "580"
      label: "580"
    }
    position {
      latitude: 29.4433956
      longitude: -98.5017242
      speed: 0.051444
    }
    timestamp: 1713843643
  }
}
entity {
  id: "460"
  vehicle {
    vehicle {
      id: "460"
      label: "460"
    }
    position {
      latitude: 29.4443245
      longitude: -98.5007629
      speed: 0.051444
    }
    timestamp: 1713843644
  }
}
entity {
  id: "581"
  vehicle {
    vehicle {
      id: "581"
      label: "581"
    }
    position {
      latitude: 29.4428596
      longitude: -98.5030746
      speed: 0
    }
    timestamp: 1713843646
  }
}
entity {
  id: "461"
  vehicle {
    trip {
      trip_id: "4684291"
      route_id: "619"
      start_date: "20240422"
    }
    vehicle {
      id: "461"
      label: "461"
    }
    position {
      latitude: 29.4024963
      longitude: -98.6327133
      speed: 0
    }
    current_stop_sequence: 1
    stop_id: "46557"
    current_status: STOPPED_AT
    timestamp: 1713843646
  }
}
entity {
  id: "582"
  vehicle {
    vehicle {
      id: "582"
      label: "582"
    }
    position {
      latitude: 29.4345169
      longitude: -98.4952698
      bearing: 55.6
      speed: 6.32761192
    }
    timestamp: 1713843646
  }
}
entity {
  id: "462"
  vehicle {
    vehicle {
      id: "462"
      label: "462"
    }
    position {
      latitude: 29.4442902
      longitude: -98.5007248
      speed: 0.051444
    }
    timestamp: 1713843643
  }
}
entity {
  id: "583"
  vehicle {
    vehicle {
      id: "583"
      label: "583"
    }
    position {
      latitude: 29.4433918
      longitude: -98.5016251
      speed: 0.051444
    }
    timestamp: 1713843644
  }
}
entity {
  id: "463"
  vehicle {
    vehicle {
      id: "463"
      label: "463"
    }
    position {
      latitude: 29.444212
      longitude: -98.5008
      speed: 0.051444
    }
    timestamp: 1713843643
  }
}
entity {
  id: "584"
  vehicle {
    trip {
      trip_id: "4685281"
      route_id: "651"
      start_date: "20240422"
    }
    vehicle {
      id: "584"
      label: "584"
    }
    position {
      latitude: 29.5157185
      longitude: -98.5260315
      speed: 0
    }
    current_stop_sequence: 1
    stop_id: "78797"
    current_status: STOPPED_AT
    timestamp: 1713843646
  }
}
entity {
  id: "464"
  vehicle {
    vehicle {
      id: "464"
      label: "464"
    }
    position {
      latitude: 29.4443054
      longitude: -98.5006485
      speed: 0.102888
    }
    timestamp: 1713843646
  }
}
entity {
  id: "585"
  vehicle {
    vehicle {
      id: "585"
      label: "585"
    }
    position {
      latitude: 29.4434013
      longitude: -98.5015945
      bearing: 45.2
      speed: 1.74909604
    }
    timestamp: 1713843644
  }
}
entity {
  id: "586"
  vehicle {
    vehicle {
      id: "586"
      label: "586"
    }
    position {
      latitude: 29.4434071
      longitude: -98.5015182
      speed: 0.051444
    }
    timestamp: 1713843648
  }
}
entity {
  id: "466"
  vehicle {
    vehicle {
      id: "466"
      label: "466"
    }
    position {
      latitude: 29.4428844
      longitude: -98.5032043
      speed: 0.102888
    }
    timestamp: 1713843646
  }
}
entity {
  id: "587"
  vehicle {
    vehicle {
      id: "587"
      label: "587"
    }
    position {
      latitude: 29.4433231
      longitude: -98.5016403
      speed: 0
    }
    timestamp: 1713843643
  }
}
entity {
  id: "467"
  vehicle {
    vehicle {
      id: "467"
      label: "467"
    }
    position {
      latitude: 29.4442749
      longitude: -98.5006332
      speed: 0.051444
    }
    timestamp: 1713843648
  }
}
entity {
  id: "588"
  vehicle {
    vehicle {
      id: "588"
      label: "588"
    }
    position {
      latitude: 29.4429913
      longitude: -98.5028152
      speed: 0.77166
    }
    timestamp: 1713843646
  }
}
entity {
  id: "468"
  vehicle {
    vehicle {
      id: "468"
      label: "468"
    }
    position {
      latitude: 29.4442883
      longitude: -98.5005341
      speed: 0
    }
    timestamp: 1713843646
  }
}
entity {
  id: "589"
  vehicle {
    vehicle {
      id: "589"
      label: "589"
    }
    position {
      latitude: 29.4433079
      longitude: -98.5015869
      speed: 0.051444
    }
    timestamp: 1713843647
  }
}
entity {
  id: "469"
  vehicle {
    vehicle {
      id: "469"
      label: "469"
    }
    position {
      latitude: 29.4240227
      longitude: -98.4800262
      speed: 0.051444
    }
    timestamp: 1713843643
  }
}
entity {
  id: "590"
  vehicle {
    vehicle {
      id: "590"
      label: "590"
    }
    position {
      latitude: 29.443327
      longitude: -98.5015411
      speed: 0.051444
    }
    timestamp: 1713843645
  }
}
entity {
  id: "470"
  vehicle {
    trip {
      trip_id: "4678687"
      route_id: "25"
      start_date: "20240422"
    }
    vehicle {
      id: "470"
      label: "470"
    }
    position {
      latitude: 29.420351
      longitude: -98.3947067
      speed: 0
    }
    current_stop_sequence: 47
    stop_id: "99757"
    current_status: STOPPED_AT
    timestamp: 1713843646
  }
}
entity {
  id: "591"
  vehicle {
    vehicle {
      id: "591"
      label: "591"
    }
    position {
      latitude: 29.4434013
      longitude: -98.5014191
      speed: 0.051444
    }
    timestamp: 1713843644
  }
}
entity {
  id: "471"
  vehicle {
    trip {
      trip_id: "4681697"
      route_id: "509"
      start_date: "20240422"
    }
    vehicle {
      id: "471"
      label: "471"
    }
    position {
      latitude: 29.4846725
      longitude: -98.4364929
      bearing: 270.8
      speed: 12.809556
    }
    current_stop_sequence: 20
    stop_id: "56259"
    current_status: IN_TRANSIT_TO
    timestamp: 1713843647
  }
}
entity {
  id: "592"
  vehicle {
    vehicle {
      id: "592"
      label: "592"
    }
    position {
      latitude: 29.4433231
      longitude: -98.5014648
      speed: 0
    }
    timestamp: 1713843643
  }
}
entity {
  id: "472"
  vehicle {
    vehicle {
      id: "472"
      label: "472"
    }
    position {
      latitude: 29.4439735
      longitude: -98.5016785
      speed: 0.051444
    }
    timestamp: 1713843647
  }
}
entity {
  id: "593"
  vehicle {
    vehicle {
      id: "593"
      label: "593"
    }
    position {
      latitude: 29.4434185
      longitude: -98.5013809
      speed: 0.051444
    }
    timestamp: 1713843644
  }
}
entity {
  id: "594"
  vehicle {
    vehicle {
      id: "594"
      label: "594"
    }
    position {
      latitude: 29.4433784
      longitude: -98.5013275
      speed: 0.051444
    }
    timestamp: 1713843644
  }
}
entity {
  id: "473"
  vehicle {
    vehicle {
      id: "473"
      label: "473"
    }
    position {
      latitude: 29.4439907
      longitude: -98.5016632
      speed: 0.051444
    }
    timestamp: 1713843645
  }
}
entity {
  id: "595"
  vehicle {
    vehicle {
      id: "595"
      label: "595"
    }
    position {
      latitude: 29.4224949
      longitude: -98.4859085
      speed: 0
    }
    timestamp: 1713843648
  }
}
entity {
  id: "474"
  vehicle {
    vehicle {
      id: "474"
      label: "474"
    }
    position {
      latitude: 29.4439621
      longitude: -98.5016
      speed: 0
    }
    timestamp: 1713843646
  }
}
entity {
  id: "596"
  vehicle {
    vehicle {
      id: "596"
      label: "596"
    }
    position {
      latitude: 29.4433212
      longitude: -98.5013885
      speed: 0.051444
    }
    timestamp: 1713843645
  }
}
entity {
  id: "475"
  vehicle {
    vehicle {
      id: "475"
      label: "475"
    }
    position {
      latitude: 29.4439659
      longitude: -98.5015335
      speed: 0.051444
    }
    timestamp: 1713843646
  }
}
entity {
  id: "597"
  vehicle {
    vehicle {
      id: "597"
      label: "597"
    }
    position {
      latitude: 29.4434166
      longitude: -98.5012512
      speed: 0.102888
    }
    timestamp: 1713843647
  }
}
entity {
  id: "477"
  vehicle {
    vehicle {
      id: "477"
      label: "477"
    }
    position {
      latitude: 29.4439812
      longitude: -98.5014496
      speed: 0
    }
    timestamp: 1713843643
  }
}
entity {
  id: "478"
  vehicle {
    vehicle {
      id: "478"
      label: "478"
    }
    position {
      latitude: 29.4439793
      longitude: -98.5014
      speed: 0
    }
    timestamp: 1713843648
  }
}
entity {
  id: "599"
  vehicle {
    vehicle {
      id: "599"
      label: "599"
    }
    position {
      latitude: 29.4439
      longitude: -98.502327
      speed: 0.051444
    }
    timestamp: 1713843643
  }
}
entity {
  id: "479"
  vehicle {
    vehicle {
      id: "479"
      label: "479"
    }
    position {
      latitude: 29.4440117
      longitude: -98.501358
      speed: 0.051444
    }
    timestamp: 1713843648
  }
}
entity {
  id: "480"
  vehicle {
    trip {
      trip_id: "4678353"
      route_id: "222"
      start_date: "20240422"
    }
    vehicle {
      id: "480"
      label: "480"
    }
    position {
      latitude: 29.4302216
      longitude: -98.469368
      bearing: 91
      speed: 9.0027
    }
    current_stop_sequence: 9
    stop_id: "77693"
    current_status: IN_TRANSIT_TO
    timestamp: 1713843644
  }
}
entity {
  id: "481"
  vehicle {
    trip {
      trip_id: "4681246"
      route_id: "501"
      start_date: "20240422"
    }
    vehicle {
      id: "481"
      label: "481"
    }
    position {
      latitude: 29.5199089
      longitude: -98.5731354
      bearing: 345.8
      speed: 2.8808639
    }
    current_stop_sequence: 28
    stop_id: "64869"
    current_status: IN_TRANSIT_TO
    timestamp: 1713843645
  }
}
entity {
  id: "482"
  vehicle {
    trip {
      trip_id: "4683662"
      route_id: "613"
      start_date: "20240422"
    }
    vehicle {
      id: "482"
      label: "482"
    }
    position {
      latitude: 29.4023304
      longitude: -98.631958
      speed: 0.051444
    }
    current_stop_sequence: 1
    stop_id: "46566"
    current_status: STOPPED_AT
    timestamp: 1713843645
  }
}
entity {
  id: "483"
  vehicle {
    vehicle {
      id: "483"
      label: "483"
    }
    position {
      latitude: 29.4434509
      longitude: -98.5032959
      speed: 0
    }
    timestamp: 1713843646
  }
}
entity {
  id: "485"
  vehicle {
    vehicle {
      id: "485"
      label: "485"
    }
    position {
      latitude: 29.4441128
      longitude: -98.5012
      bearing: 89.3
      speed: 1.59476399
    }
    timestamp: 1713843646
  }
}
entity {
  id: "122"
  vehicle {
    vehicle {
      id: "122"
      label: "122"
    }
    position {
      latitude: 29.4423962
      longitude: -98.5019684
      speed: 0.051444
    }
    timestamp: 1713843644
  }
}
entity {
  id: "487"
  vehicle {
    trip {
      trip_id: "4679487"
      route_id: "296"
      start_date: "20240422"
    }
    vehicle {
      id: "487"
      label: "487"
    }
    position {
      latitude: 29.4418488
      longitude: -98.5036926
      speed: 1.08032393
    }
    current_stop_sequence: 9
    stop_id: "56239"
    current_status: STOPPED_AT
    timestamp: 1713843647
  }
}
entity {
  id: "124"
  vehicle {
    trip {
      trip_id: "4688142"
      route_id: "97"
      start_date: "20240422"
    }
    vehicle {
      id: "124"
      label: "124"
    }
    position {
      latitude: 29.5125217
      longitude: -98.5260315
      speed: 0
    }
    current_stop_sequence: 50
    stop_id: "88496"
    current_status: STOPPED_AT
    timestamp: 1713843643
  }
}
entity {
  id: "488"
  vehicle {
    vehicle {
      id: "488"
      label: "488"
    }
    position {
      latitude: 29.4763794
      longitude: -98.6089783
      bearing: 39.8
      speed: 27.9855366
    }
    timestamp: 1713843648
  }
}
entity {
  id: "125"
  vehicle {
    vehicle {
      id: "125"
      label: "125"
    }
    position {
      latitude: 29.4424667
      longitude: -98.5019455
      speed: 0.051444
    }
    timestamp: 1713843645
  }
}
entity {
  id: "489"
  vehicle {
    vehicle {
      id: "489"
      label: "489"
    }
    position {
      latitude: 29.4439602
      longitude: -98.5008392
      speed: 0.051444
    }
    timestamp: 1713843647
  }
}
entity {
  id: "490"
  vehicle {
    vehicle {
      id: "490"
      label: "490"
    }
    position {
      latitude: 29.443964
      longitude: -98.5007629
      speed: 0.102888
    }
    timestamp: 1713843646
  }
}
entity {
  id: "491"
  vehicle {
    vehicle {
      id: "491"
      label: "491"
    }
    position {
      latitude: 29.4439774
      longitude: -98.5007553
      speed: 0
    }
    timestamp: 1713843647
  }
}
entity {
  id: "492"
  vehicle {
    vehicle {
      id: "492"
      label: "492"
    }
    position {
      latitude: 29.4439831
      longitude: -98.5006943
      speed: 0
    }
    timestamp: 1713843646
  }
}
entity {
  id: "493"
  vehicle {
    vehicle {
      id: "493"
      label: "493"
    }
    position {
      latitude: 29.4439888
      longitude: -98.5006409
      speed: 0.051444
    }
    timestamp: 1713843644
  }
}
entity {
  id: "494"
  vehicle {
    vehicle {
      id: "494"
      label: "494"
    }
    position {
      latitude: 29.4439392
      longitude: -98.5005493
      speed: 0.051444
    }
    timestamp: 1713843647
  }
}
entity {
  id: "495"
  vehicle {
    vehicle {
      id: "495"
      label: "495"
    }
    position {
      latitude: 29.4439449
      longitude: -98.5005188
      speed: 0
    }
    timestamp: 1713843644
  }
}
entity {
  id: "496"
  vehicle {
    vehicle {
      id: "496"
      label: "496"
    }
    position {
      latitude: 29.4895535
      longitude: -98.567749
      bearing: 142.5
      speed: 11.3691244
    }
    timestamp: 1713843644
  }
}
entity {
  id: "497"
  vehicle {
    vehicle {
      id: "497"
      label: "497"
    }
    position {
      latitude: 29.443922
      longitude: -98.5006714
      speed: 0.051444
    }
    timestamp: 1713843647
  }
}
entity {
  id: "498"
  vehicle {
    vehicle {
      id: "498"
      label: "498"
    }
    position {
      latitude: 29.4437332
      longitude: -98.5031433
      speed: 0.051444
    }
    timestamp: 1713843646
  }
}
entity {
  id: "499"
  vehicle {
    trip {
      trip_id: "4682494"
      route_id: "552"
      start_date: "20240422"
    }
    vehicle {
      id: "499"
      label: "499"
    }
    position {
      latitude: 29.4831657
      longitude: -98.40345
      bearing: 190
      speed: 20.5261574
    }
    current_stop_sequence: 36
    stop_id: "56277"
    current_status: IN_TRANSIT_TO
    timestamp: 1713843643
  }
}
entity {
  id: "LINK039R"
  vehicle {
    vehicle {
      id: "LINK039R"
      label: "LINK039R"
    }
    position {
      latitude: 29.5256023
      longitude: -98.3913269
      speed: 0
    }
    timestamp: 1713843494
  }
}
