header {
  gtfs_realtime_version: "2.0"
  incrementality: FULL_DATASET
  timestamp: 1714096537
}
entity {
  id: "1"
  vehicle {
    vehicle {
      id: "6351"
    }
    position {
      latitude: 40.3619499
      longitude: -79.9303665
      bearing: 129
      speed: 0
    }
    timestamp: 1714096500
  }
}
entity {
  id: "2"
  vehicle {
    trip {
      trip_id: "6188020"
      route_id: "16"
      schedule_relationship: SCHEDULED
    }
    vehicle {
      id: "6353"
    }
    position {
      latitude: 40.4763412
      longitude: -80.0316772
      bearing: 76
      speed: 0
    }
    timestamp: 1714096515
  }
}
entity {
  id: "3"
  vehicle {
    trip {
      trip_id: "202020"
      route_id: "67"
      schedule_relationship: SCHEDULED
    }
    vehicle {
      id: "6112"
    }
    position {
      latitude: 40.4440346
      longitude: -79.9395676
      bearing: 283
      speed: 8.9408
    }
    timestamp: 1714096498
  }
}
entity {
  id: "4"
  vehicle {
    vehicle {
      id: "6356"
    }
    position {
      latitude: 40.3480225
      longitude: -79.8328323
      bearing: 149
      speed: 10.72896
    }
    timestamp: 1714096503
  }
}
entity {
  id: "5"
  vehicle {
    trip {
      trip_id: "9506020"
      route_id: "2"
      schedule_relationship: SCHEDULED
    }
    vehicle {
      id: "6106"
    }
    position {
      latitude: 40.512043
      longitude: -79.9577866
      bearing: 331
      speed: 13.8582401
    }
    timestamp: 1714096516
  }
}
entity {
  id: "6"
  vehicle {
    trip {
      trip_id: "6879020"
      route_id: "55"
      schedule_relationship: SCHEDULED
    }
    vehicle {
      id: "6348"
    }
    position {
      latitude: 40.3344688
      longitude: -79.8910599
      bearing: 287
      speed: 9.38784
    }
    timestamp: 1714096521
  }
}
entity {
  id: "7"
  vehicle {
    trip {
      trip_id: "1521020"
      route_id: "P68"
      schedule_relationship: SCHEDULED
    }
    vehicle {
      id: "6469"
    }
    position {
      latitude: 40.429451
      longitude: -79.7511444
      bearing: 345
      speed: 0
    }
    timestamp: 1714096508
  }
}
entity {
  id: "8"
  vehicle {
    trip {
      trip_id: "8105020"
      route_id: "61D"
      schedule_relationship: SCHEDULED
    }
    vehicle {
      id: "6347"
    }
    position {
      latitude: 40.4443092
      longitude: -79.9491959
      bearing: 71
      speed: 3.12927985
    }
    timestamp: 1714096520
  }
}
entity {
  id: "9"
  vehicle {
    trip {
      trip_id: "3078020"
      route_id: "67"
      schedule_relationship: SCHEDULED
    }
    vehicle {
      id: "6468"
    }
    position {
      latitude: 40.442318
      longitude: -79.8864441
      bearing: 112
      speed: 6.7056
    }
    timestamp: 1714096501
  }
}
entity {
  id: "10"
  vehicle {
    vehicle {
      id: "5930"
    }
    position {
      latitude: 40.3619957
      longitude: -79.9314
      bearing: 45
      speed: 0
    }
    timestamp: 1714096525
  }
}
entity {
  id: "11"
  vehicle {
    vehicle {
      id: "5932"
    }
    position {
      latitude: 40.3622589
      longitude: -79.9313354
      bearing: 186
      speed: 0
    }
    timestamp: 1714096517
  }
}
entity {
  id: "12"
  vehicle {
    vehicle {
      id: "5934"
    }
    position {
      latitude: 40.4569817
      longitude: -79.9131
      bearing: 63
      speed: 0
    }
    timestamp: 1714096518
  }
}
entity {
  id: "13"
  vehicle {
    vehicle {
      id: "6362"
    }
    position {
      latitude: 40.4571533
      longitude: -79.9135666
      bearing: 113
      speed: 0
    }
    timestamp: 1714096510
  }
}
entity {
  id: "14"
  vehicle {
    trip {
      trip_id: "5783020"
      route_id: "77"
      schedule_relationship: SCHEDULED
    }
    vehicle {
      id: "6361"
    }
    position {
      latitude: 40.4615784
      longitude: -79.9252777
      bearing: 115
      speed: 9.38784
    }
    timestamp: 1714096510
  }
}
entity {
  id: "15"
  vehicle {
    vehicle {
      id: "6242"
    }
    position {
      latitude: 40.3629074
      longitude: -79.9303818
      bearing: 288
      speed: 0
    }
    timestamp: 1714096525
  }
}
entity {
  id: "16"
  vehicle {
    trip {
      trip_id: "13984020"
      route_id: "61B"
      schedule_relationship: SCHEDULED
    }
    vehicle {
      id: "6124"
    }
    position {
      latitude: 40.436245
      longitude: -79.9698486
      bearing: 110
      speed: 15.1993599
    }
    timestamp: 1714096512
  }
}
entity {
  id: "17"
  vehicle {
    trip {
      trip_id: "4033020"
      route_id: "87"
      schedule_relationship: SCHEDULED
    }
    vehicle {
      id: "6365"
    }
    position {
      latitude: 40.4431686
      longitude: -79.9969101
      bearing: 78
      speed: 0
    }
    timestamp: 1714096498
  }
}
entity {
  id: "18"
  vehicle {
    vehicle {
      id: "6244"
    }
    position {
      latitude: 40.3621368
      longitude: -79.9302444
      bearing: 126
      speed: 0
    }
    timestamp: 1714096496
  }
}
entity {
  id: "19"
  vehicle {
    trip {
      trip_id: "10643020"
      route_id: "69"
      schedule_relationship: SCHEDULED
    }
    vehicle {
      id: "6368"
    }
    position {
      latitude: 40.4164543
      longitude: -79.758522
      bearing: 190
      speed: 20.1168
    }
    timestamp: 1714096522
  }
}
entity {
  id: "20"
  vehicle {
    vehicle {
      id: "6005"
    }
    position {
      latitude: 40.5008621
      longitude: -80.0224915
      bearing: 314
      speed: 0
    }
    timestamp: 1714096518
  }
}
entity {
  id: "21"
  vehicle {
    trip {
      trip_id: "13022020"
      route_id: "77"
      schedule_relationship: SCHEDULED
    }
    vehicle {
      id: "6367"
    }
    position {
      latitude: 40.4696121
      longitude: -79.7550507
      bearing: 16
      speed: 13.4112
    }
    timestamp: 1714096523
  }
}
entity {
  id: "22"
  vehicle {
    vehicle {
      id: "6004"
    }
    position {
      latitude: 40.5010376
      longitude: -80.0223389
      bearing: 359
      speed: 0
    }
    timestamp: 1714096175
  }
}
entity {
  id: "23"
  vehicle {
    trip {
      trip_id: "5279020"
      route_id: "82"
      schedule_relationship: SCHEDULED
    }
    vehicle {
      id: "6359"
    }
    position {
      latitude: 40.4426231
      longitude: -79.987381
      bearing: 61
      speed: 0
    }
    timestamp: 1714096515
  }
}
entity {
  id: "24"
  vehicle {
    vehicle {
      id: "6358"
    }
    position {
      latitude: 40.4111404
      longitude: -79.9059143
      bearing: 254
      speed: 0
    }
    timestamp: 1714096520
  }
}
entity {
  id: "25"
  vehicle {
    vehicle {
      id: "6237"
    }
    position {
      latitude: 40.3622665
      longitude: -79.9308777
      bearing: 126
      speed: 0
    }
    timestamp: 1714096513
  }
}
entity {
  id: "26"
  vehicle {
    vehicle {
      id: "6119"
    }
    position {
      latitude: 40.348774
      longitude: -79.8773
      bearing: 240
      speed: 16.5404797
    }
    timestamp: 1714096501
  }
}
entity {
  id: "27"
  vehicle {
    trip {
      trip_id: "9467020"
      route_id: "61B"
      schedule_relationship: SCHEDULED
    }
    vehicle {
      id: "6251"
    }
    position {
      latitude: 40.4345245
      longitude: -79.8952713
      bearing: 150
      speed: 11.6230402
    }
    timestamp: 1714096515
  }
}
entity {
  id: "28"
  vehicle {
    vehicle {
      id: "7101"
    }
    position {
      latitude: 40.4575233
      longitude: -79.9136429
      bearing: 224
      speed: 0
    }
    timestamp: 1714096525
  }
}
entity {
  id: "29"
  vehicle {
    trip {
      trip_id: "1037020"
      route_id: "51"
      schedule_relationship: SCHEDULED
    }
    vehicle {
      id: "6253"
    }
    position {
      latitude: 40.3412514
      longitude: -79.9448929
      bearing: 256
      speed: 1.34112
    }
    timestamp: 1714096522
  }
}
entity {
  id: "30"
  vehicle {
    vehicle {
      id: "6011"
    }
    position {
      latitude: 40.5014687
      longitude: -80.0215912
      bearing: 138
      speed: 0
    }
    timestamp: 1714096500
  }
}
entity {
  id: "31"
  vehicle {
    trip {
      trip_id: "4613020"
      route_id: "89"
      schedule_relationship: SCHEDULED
    }
    vehicle {
      id: "7103"
    }
    position {
      latitude: 40.4585686
      longitude: -79.919014
      bearing: 131
      speed: 8.04672
    }
    timestamp: 1714096514
  }
}
entity {
  id: "32"
  vehicle {
    vehicle {
      id: "6135"
    }
    position {
      latitude: 40.3627815
      longitude: -79.9307
      bearing: 359
      speed: 0
    }
    timestamp: 1714096138
  }
}
entity {
  id: "33"
  vehicle {
    trip {
      trip_id: "709020"
      route_id: "71A"
      schedule_relationship: SCHEDULED
    }
    vehicle {
      id: "6255"
    }
    position {
      latitude: 40.4468918
      longitude: -79.9495239
      bearing: 264
      speed: 8.04672
    }
    timestamp: 1714096520
  }
}
entity {
  id: "34"
  vehicle {
    vehicle {
      id: "7102"
    }
    position {
      latitude: 40.4575233
      longitude: -79.9143
      bearing: 245
      speed: 0
    }
    timestamp: 1714096524
  }
}
entity {
  id: "35"
  vehicle {
    vehicle {
      id: "7105"
    }
    position {
      latitude: 40.4576454
      longitude: -79.9137
      bearing: 247
      speed: 0
    }
    timestamp: 1714096518
  }
}
entity {
  id: "36"
  vehicle {
    trip {
      trip_id: "5888020"
      route_id: "86"
      schedule_relationship: SCHEDULED
    }
    vehicle {
      id: "6136"
    }
    position {
      latitude: 40.4455719
      longitude: -79.9912491
      bearing: 50
      speed: 16.0934391
    }
    timestamp: 1714096524
  }
}
entity {
  id: "37"
  vehicle {
    vehicle {
      id: "7104"
    }
    position {
      latitude: 40.4575844
      longitude: -79.9139
      bearing: 359
      speed: 0
    }
    timestamp: 1714096515
  }
}
entity {
  id: "38"
  vehicle {
    vehicle {
      id: "6015"
    }
    position {
      latitude: 40.3662949
      longitude: -80.10466
      bearing: 57
      speed: 0
    }
    timestamp: 1714095979
  }
}
entity {
  id: "39"
  vehicle {
    vehicle {
      id: "3420"
    }
    position {
      latitude: 40.457222
      longitude: -79.9138412
      bearing: 115
      speed: 0
    }
    timestamp: 1714096501
  }
}
entity {
  id: "40"
  vehicle {
    trip {
      trip_id: "9728020"
      route_id: "P1"
      schedule_relationship: SCHEDULED
    }
    vehicle {
      id: "3415"
    }
    position {
      latitude: 40.4371719
      longitude: -79.8857193
      bearing: 176
      speed: 7.15264
    }
    timestamp: 1714096519
  }
}
entity {
  id: "41"
  vehicle {
    trip {
      trip_id: "5442020"
      route_id: "64"
      schedule_relationship: SCHEDULED
    }
    vehicle {
      id: "6128"
    }
    position {
      latitude: 40.4648285
      longitude: -79.9601212
      bearing: 257
      speed: 5.36448
    }
    timestamp: 1714096514
  }
}
entity {
  id: "42"
  vehicle {
    trip {
      trip_id: "11280020"
      route_id: "75"
      schedule_relationship: SCHEDULED
    }
    vehicle {
      id: "6263"
    }
    position {
      latitude: 40.4879
      longitude: -79.8803
      bearing: 253
      speed: 13.4112
    }
    timestamp: 1714096505
  }
}
entity {
  id: "43"
  vehicle {
    vehicle {
      id: "6267"
    }
    position {
      latitude: 40.4566307
      longitude: -79.9126282
      bearing: 85
      speed: 0
    }
    timestamp: 1714096509
  }
}
entity {
  id: "44"
  vehicle {
    vehicle {
      id: "3310"
    }
    position {
      latitude: 40.3623734
      longitude: -79.9313126
      bearing: 93
      speed: 1.78816
    }
    timestamp: 1714096518
  }
}
entity {
  id: "45"
  vehicle {
    trip {
      trip_id: "2856020"
      route_id: "71C"
      schedule_relationship: SCHEDULED
    }
    vehicle {
      id: "6261"
    }
    position {
      latitude: 40.4464836
      longitude: -79.8931656
      bearing: 294
      speed: 7.15264
    }
    timestamp: 1714096517
  }
}
entity {
  id: "46"
  vehicle {
    vehicle {
      id: "6140"
    }
    position {
      latitude: 40.4574127
      longitude: -79.9132385
      bearing: 255
      speed: 0
    }
    timestamp: 1714096507
  }
}
entity {
  id: "47"
  vehicle {
    vehicle {
      id: "3305"
    }
    position {
      latitude: 40.3623581
      longitude: -79.9314957
      bearing: 33
      speed: 1.78816
    }
    timestamp: 1714096506
  }
}
entity {
  id: "48"
  vehicle {
    trip {
      trip_id: "5154020"
      route_id: "P1"
      schedule_relationship: SCHEDULED
    }
    vehicle {
      id: "3425"
    }
    position {
      latitude: 40.4416847
      longitude: -79.997612
      bearing: 206
      speed: 0
    }
    timestamp: 1714096525
  }
}
entity {
  id: "49"
  vehicle {
    trip {
      trip_id: "10515020"
      route_id: "88"
      schedule_relationship: SCHEDULED
    }
    vehicle {
      id: "3423"
    }
    position {
      latitude: 40.4659615
      longitude: -79.9534225
      bearing: 77
      speed: 5.36448
    }
    timestamp: 1714096519
  }
}
entity {
  id: "50"
  vehicle {
    vehicle {
      id: "3421"
    }
    position {
      latitude: 40.4151764
      longitude: -79.8795319
      bearing: 200
      speed: 0
    }
    timestamp: 1714096518
  }
}
entity {
  id: "51"
  vehicle {
    vehicle {
      id: "6018"
    }
    position {
      latitude: 40.4210434
      longitude: -80.0055237
      bearing: 47
      speed: 0
    }
    timestamp: 1714096523
  }
}
entity {
  id: "52"
  vehicle {
    trip {
      trip_id: "134020"
      route_id: "57"
      schedule_relationship: SCHEDULED
    }
    vehicle {
      id: "6032"
    }
    position {
      latitude: 40.4079971
      longitude: -79.9119263
      bearing: 141
      speed: 4.02336
    }
    timestamp: 1714096520
  }
}
entity {
  id: "53"
  vehicle {
    vehicle {
      id: "6155"
    }
    position {
      latitude: 40.4491844
      longitude: -79.8910599
      bearing: 134
      speed: 11.6230402
    }
    timestamp: 1714096516
  }
}
entity {
  id: "54"
  vehicle {
    trip {
      trip_id: "1243020"
      route_id: "Y49"
      schedule_relationship: SCHEDULED
    }
    vehicle {
      id: "6034"
    }
    position {
      latitude: 40.3752823
      longitude: -79.9832077
      bearing: 326
      speed: 1.34112
    }
    timestamp: 1714096515
  }
}
entity {
  id: "55"
  vehicle {
    vehicle {
      id: "6156"
    }
    position {
      latitude: 40.5009384
      longitude: -80.0226
      bearing: 317
      speed: 0
    }
    timestamp: 1714096499
  }
}
entity {
  id: "56"
  vehicle {
    vehicle {
      id: "6159"
    }
    position {
      latitude: 40.4499435
      longitude: -79.891655
      bearing: 303
      speed: 0
    }
    timestamp: 1714096506
  }
}
entity {
  id: "57"
  vehicle {
    trip {
      trip_id: "12398020"
      route_id: "71D"
      schedule_relationship: SCHEDULED
    }
    vehicle {
      id: "6158"
    }
    position {
      latitude: 40.4419823
      longitude: -79.9580688
      bearing: 45
      speed: 6.7056
    }
    timestamp: 1714096516
  }
}
entity {
  id: "58"
  vehicle {
    trip {
      trip_id: "9458020"
      route_id: "74"
      schedule_relationship: SCHEDULED
    }
    vehicle {
      id: "6271"
    }
    position {
      latitude: 40.4607697
      longitude: -79.8894348
      bearing: 286
      speed: 8.9408
    }
    timestamp: 1714096508
  }
}
entity {
  id: "59"
  vehicle {
    trip {
      trip_id: "11645020"
      route_id: "1"
      schedule_relationship: SCHEDULED
    }
    vehicle {
      id: "6708"
    }
    position {
      latitude: 40.4919052
      longitude: -79.9090881
      bearing: 323
      speed: 15.6463995
    }
    timestamp: 1714096510
  }
}
entity {
  id: "60"
  vehicle {
    vehicle {
      id: "6709"
    }
    position {
      latitude: 40.4944458
      longitude: -80.0124
      bearing: 128
      speed: 16.0934391
    }
    timestamp: 1714096515
  }
}
entity {
  id: "61"
  vehicle {
    vehicle {
      id: "3311"
    }
    position {
      latitude: 40.3620758
      longitude: -79.9308
      bearing: 145
      speed: 0
    }
    timestamp: 1714096506
  }
}
entity {
  id: "62"
  vehicle {
    trip {
      trip_id: "4985020"
      route_id: "61A"
      schedule_relationship: SCHEDULED
    }
    vehicle {
      id: "6029"
    }
    position {
      latitude: 40.4370766
      longitude: -79.9707336
      bearing: 293
      speed: 10.72896
    }
    timestamp: 1714096518
  }
}
entity {
  id: "63"
  vehicle {
    trip {
      trip_id: "2780020"
      route_id: "12"
      schedule_relationship: SCHEDULED
    }
    vehicle {
      id: "6702"
    }
    position {
      latitude: 40.585022
      longitude: -80.0337906
      bearing: 105
      speed: 15.6463995
    }
    timestamp: 1714096517
  }
}
entity {
  id: "64"
  vehicle {
    trip {
      trip_id: "5631020"
      route_id: "17"
      schedule_relationship: SCHEDULED
    }
    vehicle {
      id: "6701"
    }
    position {
      latitude: 40.456562
      longitude: -80.0291748
      bearing: 345
      speed: 8.49376
    }
    timestamp: 1714096522
  }
}
entity {
  id: "65"
  vehicle {
    vehicle {
      id: "6704"
    }
    position {
      latitude: 40.5175552
      longitude: -80.0369263
      bearing: 295
      speed: 0
    }
    timestamp: 1714096520
  }
}
entity {
  id: "66"
  vehicle {
    trip {
      trip_id: "3758020"
      route_id: "Y46"
      schedule_relationship: SCHEDULED
    }
    vehicle {
      id: "6044"
    }
    position {
      latitude: 40.4129639
      longitude: -80.01
      bearing: 123
      speed: 13.4112
    }
    timestamp: 1714096522
  }
}
entity {
  id: "67"
  vehicle {
    trip {
      trip_id: "7457020"
      route_id: "71B"
      schedule_relationship: SCHEDULED
    }
    vehicle {
      id: "6047"
    }
    position {
      latitude: 40.4478493
      longitude: -79.9366302
      bearing: 263
      speed: 4.91744
    }
    timestamp: 1714096522
  }
}
entity {
  id: "68"
  vehicle {
    vehicle {
      id: "6049"
    }
    position {
      latitude: 40.4429932
      longitude: -80.0253906
      bearing: 114
      speed: 12.5171194
    }
    timestamp: 1714096505
  }
}
entity {
  id: "69"
  vehicle {
    trip {
      trip_id: "12964020"
      route_id: "58"
      schedule_relationship: SCHEDULED
    }
    vehicle {
      id: "6160"
    }
    position {
      latitude: 40.4347076
      longitude: -79.9852753
      bearing: 80
      speed: 16.9875202
    }
    timestamp: 1714096521
  }
}
entity {
  id: "70"
  vehicle {
    trip {
      trip_id: "3638020"
      route_id: "61C"
      schedule_relationship: SCHEDULED
    }
    vehicle {
      id: "6040"
    }
    position {
      latitude: 40.4459381
      longitude: -79.9528
      bearing: 229
      speed: 6.7056
    }
    timestamp: 1714096514
  }
}
entity {
  id: "71"
  vehicle {
    trip {
      trip_id: "1158020"
      route_id: "6"
      schedule_relationship: SCHEDULED
    }
    vehicle {
      id: "1701"
    }
    position {
      latitude: 40.4732246
      longitude: -80.0005341
      bearing: 2
      speed: 4.02336
    }
    timestamp: 1714096518
  }
}
entity {
  id: "72"
  vehicle {
    vehicle {
      id: "3329"
    }
    position {
      latitude: 40.4572639
      longitude: -79.913887
      bearing: 118
      speed: 0
    }
    timestamp: 1714096513
  }
}
entity {
  id: "73"
  vehicle {
    trip {
      trip_id: "2327020"
      route_id: "38"
      schedule_relationship: SCHEDULED
    }
    vehicle {
      id: "6718"
    }
    position {
      latitude: 40.3823967
      longitude: -80.0439911
      bearing: 9
      speed: 0
    }
    timestamp: 1714096514
  }
}
entity {
  id: "74"
  vehicle {
    trip {
      trip_id: "2200020"
      route_id: "8"
      schedule_relationship: SCHEDULED
    }
    vehicle {
      id: "6711"
    }
    position {
      latitude: 40.5090523
      longitude: -80.0294876
      bearing: 267
      speed: 7.15264
    }
    timestamp: 1714096525
  }
}
entity {
  id: "75"
  vehicle {
    vehicle {
      id: "6710"
    }
    position {
      latitude: 40.5014153
      longitude: -80.0246582
      bearing: 319
      speed: 16.9875202
    }
    timestamp: 1714096521
  }
}
entity {
  id: "76"
  vehicle {
    vehicle {
      id: "6039"
    }
    position {
      latitude: 40.3620872
      longitude: -79.9306412
      bearing: 131
      speed: 0
    }
    timestamp: 1714096309
  }
}
entity {
  id: "77"
  vehicle {
    trip {
      trip_id: "6548020"
      route_id: "31"
      schedule_relationship: SCHEDULED
    }
    vehicle {
      id: "6713"
    }
    position {
      latitude: 40.426384
      longitude: -80.0618134
      bearing: 88
      speed: 13.4112
    }
    timestamp: 1714096505
  }
}
entity {
  id: "78"
  vehicle {
    trip {
      trip_id: "422020"
      route_id: "40"
      schedule_relationship: SCHEDULED
    }
    vehicle {
      id: "1707"
    }
    position {
      latitude: 40.4298363
      longitude: -80.0080109
      bearing: 28
      speed: 0
    }
    timestamp: 1714096517
  }
}
entity {
  id: "79"
  vehicle {
    trip {
      trip_id: "11479020"
      route_id: "8"
      schedule_relationship: SCHEDULED
    }
    vehicle {
      id: "6712"
    }
    position {
      latitude: 40.5174
      longitude: -80.036705
      bearing: 294
      speed: 0
    }
    timestamp: 1714096506
  }
}
entity {
  id: "80"
  vehicle {
    trip {
      trip_id: "3287020"
      route_id: "21"
      schedule_relationship: SCHEDULED
    }
    vehicle {
      id: "6714"
    }
    position {
      latitude: 40.5226555
      longitude: -80.1768646
      bearing: 125
      speed: 14.7523193
    }
    timestamp: 1714096522
  }
}
entity {
  id: "81"
  vehicle {
    trip {
      trip_id: "9483020"
      route_id: "4"
      schedule_relationship: SCHEDULED
    }
    vehicle {
      id: "1704"
    }
    position {
      latitude: 40.4744186
      longitude: -79.9888535
      bearing: 321
      speed: 4.02336
    }
    timestamp: 1714096515
  }
}
entity {
  id: "82"
  vehicle {
    trip {
      trip_id: "10563020"
      route_id: "54"
      schedule_relationship: SCHEDULED
    }
    vehicle {
      id: "1703"
    }
    position {
      latitude: 40.4508934
      longitude: -79.9899597
      bearing: 137
      speed: 14.7523193
    }
    timestamp: 1714096501
  }
}
entity {
  id: "83"
  vehicle {
    vehicle {
      id: "6717"
    }
    position {
      latitude: 40.3664932
      longitude: -80.1041946
      bearing: 56
      speed: 0
    }
    timestamp: 1714096514
  }
}
entity {
  id: "84"
  vehicle {
    vehicle {
      id: "6716"
    }
    position {
      latitude: 40.4460754
      longitude: -79.9887619
      bearing: 119
      speed: 0
    }
    timestamp: 1714096513
  }
}
entity {
  id: "85"
  vehicle {
    vehicle {
      id: "6055"
    }
    position {
      latitude: 40.4571075
      longitude: -79.9133072
      bearing: 359
      speed: 0
    }
    timestamp: 1714096498
  }
}
entity {
  id: "86"
  vehicle {
    trip {
      trip_id: "11331020"
      route_id: "71B"
      schedule_relationship: SCHEDULED
    }
    vehicle {
      id: "6057"
    }
    position {
      latitude: 40.4390945
      longitude: -79.9960175
      bearing: 116
      speed: 0
    }
    timestamp: 1714096507
  }
}
entity {
  id: "87"
  vehicle {
    trip {
      trip_id: "-1942539645"
      route_id: "61C"
      schedule_relationship: ADDED
    }
    vehicle {
      id: "6731"
    }
    position {
      latitude: 40.3501129
      longitude: -79.8737946
      bearing: 263
      speed: 18.7756805
    }
    timestamp: 1714096504
  }
}
entity {
  id: "88"
  vehicle {
    vehicle {
      id: "6610"
    }
    position {
      latitude: 40.4412346
      longitude: -80.0687
      bearing: 12
      speed: 0
    }
    timestamp: 1714096524
  }
}
entity {
  id: "89"
  vehicle {
    trip {
      trip_id: "11605020"
      route_id: "69"
      schedule_relationship: SCHEDULED
    }
    vehicle {
      id: "6059"
    }
    position {
      latitude: 40.3897438
      longitude: -79.7668686
      bearing: 173
      speed: 0
    }
    timestamp: 1714096521
  }
}
entity {
  id: "90"
  vehicle {
    trip {
      trip_id: "7032020"
      route_id: "82"
      schedule_relationship: SCHEDULED
    }
    vehicle {
      id: "6050"
    }
    position {
      latitude: 40.4484291
      longitude: -79.9586
      bearing: 244
      speed: 3.57632
    }
    timestamp: 1714096521
  }
}
entity {
  id: "91"
  vehicle {
    vehicle {
      id: "6051"
    }
    position {
      latitude: 40.4559822
      longitude: -79.9109802
      bearing: 129
      speed: 0
    }
    timestamp: 1714096495
  }
}
entity {
  id: "92"
  vehicle {
    vehicle {
      id: "6609"
    }
    position {
      latitude: 40.3665886
      longitude: -80.1040421
      bearing: 56
      speed: 0
    }
    timestamp: 1714096520
  }
}
entity {
  id: "93"
  vehicle {
    trip {
      trip_id: "6187020"
      route_id: "11"
      schedule_relationship: SCHEDULED
    }
    vehicle {
      id: "1711"
    }
    position {
      latitude: 40.4434738
      longitude: -79.9956589
      bearing: 71
      speed: 0
    }
    timestamp: 1714096518
  }
}
entity {
  id: "94"
  vehicle {
    trip {
      trip_id: "7166020"
      route_id: "28X"
      schedule_relationship: SCHEDULED
    }
    vehicle {
      id: "3215"
    }
    position {
      latitude: 40.4524498
      longitude: -80.0495224
      bearing: 91
      speed: 18.32864
    }
    timestamp: 1714096509
  }
}
entity {
  id: "95"
  vehicle {
    vehicle {
      id: "3212"
    }
    position {
      latitude: 40.4578
      longitude: -79.912323
      bearing: 296
      speed: 0
    }
    timestamp: 1714096496
  }
}
entity {
  id: "96"
  vehicle {
    trip {
      trip_id: "2251020"
      route_id: "1"
      schedule_relationship: SCHEDULED
    }
    vehicle {
      id: "6601"
    }
    position {
      latitude: 40.4782562
      longitude: -79.968895
      bearing: 222
      speed: 5.36448
    }
    timestamp: 1714096514
  }
}
entity {
  id: "97"
  vehicle {
    trip {
      trip_id: "10394020"
      route_id: "29"
      schedule_relationship: SCHEDULED
    }
    vehicle {
      id: "6721"
    }
    position {
      latitude: 40.4435959
      longitude: -80.0971375
      bearing: 301
      speed: 17.8816
    }
    timestamp: 1714096520
  }
}
entity {
  id: "98"
  vehicle {
    trip {
      trip_id: "12136020"
      route_id: "48"
      schedule_relationship: SCHEDULED
    }
    vehicle {
      id: "6724"
    }
    position {
      latitude: 40.4242973
      longitude: -79.9698639
      bearing: 19
      speed: 8.04672
    }
    timestamp: 1714096514
  }
}
entity {
  id: "99"
  vehicle {
    trip {
      trip_id: "4948020"
      route_id: "43"
      schedule_relationship: SCHEDULED
    }
    vehicle {
      id: "1716"
    }
    position {
      latitude: 40.4356613
      longitude: -80.0016632
      bearing: 207
      speed: 8.49376
    }
    timestamp: 1714096512
  }
}
entity {
  id: "100"
  vehicle {
    trip {
      trip_id: "4290020"
      route_id: "54"
      schedule_relationship: SCHEDULED
    }
    vehicle {
      id: "6605"
    }
    position {
      latitude: 40.4209518
      longitude: -80.0059433
      bearing: 99
      speed: 0
    }
    timestamp: 1714096498
  }
}
entity {
  id: "101"
  vehicle {
    trip {
      trip_id: "3891020"
      route_id: "44"
      schedule_relationship: SCHEDULED
    }
    vehicle {
      id: "1714"
    }
    position {
      latitude: 40.3834915
      longitude: -79.9555435
      bearing: 5
      speed: 0.44704
    }
    timestamp: 1714096503
  }
}
entity {
  id: "102"
  vehicle {
    vehicle {
      id: "6606"
    }
    position {
      latitude: 40.6004791
      longitude: -79.7572098
      bearing: 150
      speed: 0
    }
    timestamp: 1714096511
  }
}
entity {
  id: "103"
  vehicle {
    vehicle {
      id: "8002"
    }
    position {
      latitude: 40.4580231
      longitude: -79.9138412
      bearing: 283
      speed: 0
    }
    timestamp: 1714096499
  }
}
entity {
  id: "104"
  vehicle {
    trip {
      trip_id: "10133020"
      route_id: "59"
      schedule_relationship: SCHEDULED
    }
    vehicle {
      id: "6621"
    }
    position {
      latitude: 40.4112663
      longitude: -79.8691177
      bearing: 137
      speed: 7.15264
    }
    timestamp: 1714096524
  }
}
entity {
  id: "105"
  vehicle {
    trip {
      trip_id: "11966020"
      route_id: "59"
      schedule_relationship: SCHEDULED
    }
    vehicle {
      id: "6619"
    }
    position {
      latitude: 40.3504143
      longitude: -79.9267502
      bearing: 180
      speed: 0
    }
    timestamp: 1714096519
  }
}
entity {
  id: "106"
  vehicle {
    vehicle {
      id: "1720"
    }
    position {
      latitude: 40.4463081
      longitude: -79.9888687
      bearing: 225
      speed: 0
    }
    timestamp: 1714096504
  }
}
entity {
  id: "107"
  vehicle {
    trip {
      trip_id: "6250020"
      route_id: "21"
      schedule_relationship: SCHEDULED
    }
    vehicle {
      id: "6612"
    }
    position {
      latitude: 40.4397964
      longitude: -80.0171661
      bearing: 303
      speed: 0
    }
    timestamp: 1714096508
  }
}
entity {
  id: "108"
  vehicle {
    trip {
      trip_id: "13351020"
      route_id: "41"
      schedule_relationship: SCHEDULED
    }
    vehicle {
      id: "6614"
    }
    position {
      latitude: 40.3492088
      longitude: -80.1039352
      bearing: 82
      speed: 0
    }
    timestamp: 1714096500
  }
}
entity {
  id: "109"
  vehicle {
    trip {
      trip_id: "4845020"
      route_id: "61A"
      schedule_relationship: SCHEDULED
    }
    vehicle {
      id: "6735"
    }
    position {
      latitude: 40.402256
      longitude: -79.8699341
      bearing: 222
      speed: 11.6230402
    }
    timestamp: 1714096525
  }
}
entity {
  id: "110"
  vehicle {
    vehicle {
      id: "1726"
    }
    position {
      latitude: 40.4454422
      longitude: -79.9899673
      bearing: 47
      speed: 0
    }
    timestamp: 1714096504
  }
}
entity {
  id: "111"
  vehicle {
    vehicle {
      id: "1725"
    }
    position {
      latitude: 40.4453201
      longitude: -79.9902267
      bearing: 359
      speed: 0
    }
    timestamp: 1714096516
  }
}
entity {
  id: "112"
  vehicle {
    trip {
      trip_id: "1728020"
      route_id: "51"
      schedule_relationship: SCHEDULED
    }
    vehicle {
      id: "6617"
    }
    position {
      latitude: 40.3659019
      longitude: -79.982
      bearing: 45
      speed: 7.15264
    }
    timestamp: 1714096523
  }
}
entity {
  id: "113"
  vehicle {
    trip {
      trip_id: "5277020"
      route_id: "17"
      schedule_relationship: SCHEDULED
    }
    vehicle {
      id: "6511"
    }
    position {
      latitude: 40.4736862
      longitude: -80.0315552
      bearing: 166
      speed: 4.91744
    }
    timestamp: 1714096510
  }
}
entity {
  id: "114"
  vehicle {
    vehicle {
      id: "6632"
    }
    position {
      latitude: 40.3522949
      longitude: -79.8606644
      bearing: 239
      speed: 0
    }
    timestamp: 1714096506
  }
}
entity {
  id: "115"
  vehicle {
    vehicle {
      id: "3238"
    }
    position {
      latitude: 40.3667908
      longitude: -80.1025
      bearing: 189
      speed: 0
    }
    timestamp: 1714096517
  }
}
entity {
  id: "116"
  vehicle {
    trip {
      trip_id: "1648020"
      route_id: "2"
      schedule_relationship: SCHEDULED
    }
    vehicle {
      id: "1730"
    }
    position {
      latitude: 40.5229034
      longitude: -80.0058517
      bearing: 168
      speed: 6.7056
    }
    timestamp: 1714096516
  }
}
entity {
  id: "117"
  vehicle {
    trip {
      trip_id: "2809020"
      route_id: "13"
      schedule_relationship: SCHEDULED
    }
    vehicle {
      id: "6502"
    }
    position {
      latitude: 40.4540939
      longitude: -80.0138245
      bearing: 76
      speed: 7.15264
    }
    timestamp: 1714096517
  }
}
entity {
  id: "118"
  vehicle {
    vehicle {
      id: "6623"
    }
    position {
      latitude: 40.4137611
      longitude: -79.8532181
      bearing: 77
      speed: 0
    }
    timestamp: 1714096498
  }
}
entity {
  id: "119"
  vehicle {
    vehicle {
      id: "6622"
    }
    position {
      latitude: 40.3623543
      longitude: -79.9311447
      bearing: 133
      speed: 0
    }
    timestamp: 1714096502
  }
}
entity {
  id: "120"
  vehicle {
    trip {
      trip_id: "3152020"
      route_id: "91"
      schedule_relationship: SCHEDULED
    }
    vehicle {
      id: "6504"
    }
    position {
      latitude: 40.4955101
      longitude: -79.9381104
      bearing: 295
      speed: 7.59968
    }
    timestamp: 1714096522
  }
}
entity {
  id: "121"
  vehicle {
    trip {
      trip_id: "4510020"
      route_id: "15"
      schedule_relationship: SCHEDULED
    }
    vehicle {
      id: "6506"
    }
    position {
      latitude: 40.4489784
      longitude: -80.0023956
      bearing: 166
      speed: 11.176
    }
    timestamp: 1714096502
  }
}
entity {
  id: "122"
  vehicle {
    trip {
      trip_id: "9661020"
      route_id: "83"
      schedule_relationship: SCHEDULED
    }
    vehicle {
      id: "6626"
    }
    position {
      latitude: 40.4405594
      longitude: -79.968605
      bearing: 24
      speed: 0
    }
    timestamp: 1714096524
  }
}
entity {
  id: "123"
  vehicle {
    trip {
      trip_id: "12032020"
      route_id: "8"
      schedule_relationship: SCHEDULED
    }
    vehicle {
      id: "6508"
    }
    position {
      latitude: 40.4602699
      longitude: -80.012886
      bearing: 288
      speed: 10.2819195
    }
    timestamp: 1714096522
  }
}
entity {
  id: "124"
  vehicle {
    trip {
      trip_id: "-2146759102"
      route_id: "54"
      schedule_relationship: ADDED
    }
    vehicle {
      id: "6507"
    }
    position {
      latitude: 40.4468765
      longitude: -79.9492493
      bearing: 74
      speed: 20.563839
    }
    timestamp: 1714096506
  }
}
entity {
  id: "125"
  vehicle {
    trip {
      trip_id: "1881020"
      route_id: "71A"
      schedule_relationship: SCHEDULED
    }
    vehicle {
      id: "6641"
    }
    position {
      latitude: 40.4674377
      longitude: -79.9282913
      bearing: 24
      speed: 0
    }
    timestamp: 1714096513
  }
}
entity {
  id: "126"
  vehicle {
    trip {
      trip_id: "9412020"
      route_id: "54"
      schedule_relationship: SCHEDULED
    }
    vehicle {
      id: "6401"
    }
    position {
      latitude: 40.4375343
      longitude: -79.9722
      bearing: 292
      speed: 0
    }
    timestamp: 1714096499
  }
}
entity {
  id: "127"
  vehicle {
    trip {
      trip_id: "8436020"
      route_id: "71B"
      schedule_relationship: SCHEDULED
    }
    vehicle {
      id: "6643"
    }
    position {
      latitude: 40.4731026
      longitude: -79.9194336
      bearing: 16
      speed: 7.15264
    }
    timestamp: 1714096516
  }
}
entity {
  id: "128"
  vehicle {
    vehicle {
      id: "6521"
    }
    position {
      latitude: 40.3666649
      longitude: -80.1038
      bearing: 147
      speed: 0
    }
    timestamp: 1714096515
  }
}
entity {
  id: "129"
  vehicle {
    vehicle {
      id: "6642"
    }
    position {
      latitude: 40.4571
      longitude: -79.9137115
      bearing: 118
      speed: 0
    }
    timestamp: 1714096521
  }
}
entity {
  id: "130"
  vehicle {
    trip {
      trip_id: "4629020"
      route_id: "61B"
      schedule_relationship: SCHEDULED
    }
    vehicle {
      id: "3249"
    }
    position {
      latitude: 40.4380798
      longitude: -79.9275208
      bearing: 180
      speed: 9.83488
    }
    timestamp: 1714096515
  }
}
entity {
  id: "131"
  vehicle {
    trip {
      trip_id: "6613020"
      route_id: "74"
      schedule_relationship: SCHEDULED
    }
    vehicle {
      id: "6636"
    }
    position {
      latitude: 40.4714661
      longitude: -79.8980942
      bearing: 139
      speed: 3.12927985
    }
    timestamp: 1714096515
  }
}
entity {
  id: "132"
  vehicle {
    trip {
      trip_id: "11540020"
      route_id: "22"
      schedule_relationship: SCHEDULED
    }
    vehicle {
      id: "6514"
    }
    position {
      latitude: 40.4396896
      longitude: -80.0169449
      bearing: 303
      speed: 3.57632
    }
    timestamp: 1714096522
  }
}
entity {
  id: "133"
  vehicle {
    vehicle {
      id: "6638"
    }
    position {
      latitude: 40.4571609
      longitude: -79.9138336
      bearing: 112
      speed: 0
    }
    timestamp: 1714096520
  }
}
entity {
  id: "134"
  vehicle {
    trip {
      trip_id: "9193020"
      route_id: "29"
      schedule_relationship: SCHEDULED
    }
    vehicle {
      id: "6516"
    }
    position {
      latitude: 40.4423828
      longitude: -80.0447922
      bearing: 37
      speed: 4.4704
    }
    timestamp: 1714096519
  }
}
entity {
  id: "135"
  vehicle {
    trip {
      trip_id: "3022020"
      route_id: "24"
      schedule_relationship: SCHEDULED
    }
    vehicle {
      id: "6519"
    }
    position {
      latitude: 40.4476
      longitude: -80.1546783
      bearing: 298
      speed: 8.49376
    }
    timestamp: 1714096521
  }
}
entity {
  id: "136"
  vehicle {
    vehicle {
      id: "6652"
    }
    position {
      latitude: 40.4571762
      longitude: -79.913681
      bearing: 189
      speed: 4.4704
    }
    timestamp: 1714096500
  }
}
entity {
  id: "137"
  vehicle {
    trip {
      trip_id: "11814020"
      route_id: "53L"
      schedule_relationship: SCHEDULED
    }
    vehicle {
      id: "6530"
    }
    position {
      latitude: 40.3473969
      longitude: -79.9366302
      bearing: 262
      speed: 10.72896
    }
    timestamp: 1714096513
  }
}
entity {
  id: "138"
  vehicle {
    vehicle {
      id: "6653"
    }
    position {
      latitude: 40.4570656
      longitude: -79.9137497
      bearing: 107
      speed: 0
    }
    timestamp: 1714096508
  }
}
entity {
  id: "139"
  vehicle {
    vehicle {
      id: "6411"
    }
    position {
      latitude: 40.5014
      longitude: -80.02285
      bearing: 54
      speed: 0
    }
    timestamp: 1714096462
  }
}
entity {
  id: "140"
  vehicle {
    trip {
      trip_id: "2355020"
      route_id: "59"
      schedule_relationship: SCHEDULED
    }
    vehicle {
      id: "6524"
    }
    position {
      latitude: 40.3680458
      longitude: -79.8552475
      bearing: 216
      speed: 4.91744
    }
    timestamp: 1714096522
  }
}
entity {
  id: "141"
  vehicle {
    trip {
      trip_id: "1015020"
      route_id: "79"
      schedule_relationship: SCHEDULED
    }
    vehicle {
      id: "6645"
    }
    position {
      latitude: 40.4658051
      longitude: -79.8658829
      bearing: 276
      speed: 6.7056
    }
    timestamp: 1714096514
  }
}
entity {
  id: "142"
  vehicle {
    trip {
      trip_id: "4518020"
      route_id: "91"
      schedule_relationship: SCHEDULED
    }
    vehicle {
      id: "6403"
    }
    position {
      latitude: 40.4428596
      longitude: -79.9983368
      bearing: 69
      speed: 0
    }
    timestamp: 1714096499
  }
}
entity {
  id: "143"
  vehicle {
    trip {
      trip_id: "2025020"
      route_id: "75"
      schedule_relationship: SCHEDULED
    }
    vehicle {
      id: "6644"
    }
    position {
      latitude: 40.4659615
      longitude: -79.9225159
      bearing: 286
      speed: 0
    }
    timestamp: 1714096518
  }
}
entity {
  id: "144"
  vehicle {
    trip {
      trip_id: "1802020"
      route_id: "13"
      schedule_relationship: SCHEDULED
    }
    vehicle {
      id: "6405"
    }
    position {
      latitude: 40.4897842
      longitude: -80.0476074
      bearing: 321
      speed: 6.7056
    }
    timestamp: 1714096524
  }
}
entity {
  id: "145"
  vehicle {
    trip {
      trip_id: "5218020"
      route_id: "28X"
      schedule_relationship: SCHEDULED
    }
    vehicle {
      id: "6647"
    }
    position {
      latitude: 40.4950867
      longitude: -80.2556763
      bearing: 181
      speed: 0
    }
    timestamp: 1714096517
  }
}
entity {
  id: "146"
  vehicle {
    vehicle {
      id: "6526"
    }
    position {
      latitude: 40.3886032
      longitude: -79.8236847
      bearing: 359
      speed: 0
    }
    timestamp: 1714096515
  }
}
entity {
  id: "147"
  vehicle {
    vehicle {
      id: "6646"
    }
    position {
      latitude: 40.4461823
      longitude: -79.9887238
      bearing: 99
      speed: 0
    }
    timestamp: 1714096519
  }
}
entity {
  id: "148"
  vehicle {
    vehicle {
      id: "6404"
    }
    position {
      latitude: 40.4490051
      longitude: -80.0236893
      bearing: 101
      speed: 28.6105595
    }
    timestamp: 1714096506
  }
}
entity {
  id: "149"
  vehicle {
    trip {
      trip_id: "332020"
      route_id: "61C"
      schedule_relationship: SCHEDULED
    }
    vehicle {
      id: "6528"
    }
    position {
      latitude: 40.4361534
      longitude: -79.9694748
      bearing: 108
      speed: 14.7523193
    }
    timestamp: 1714096521
  }
}
entity {
  id: "150"
  vehicle {
    trip {
      trip_id: "10364020"
      route_id: "77"
      schedule_relationship: SCHEDULED
    }
    vehicle {
      id: "6648"
    }
    position {
      latitude: 40.4573593
      longitude: -79.8961334
      bearing: 11
      speed: 0
    }
    timestamp: 1714096520
  }
}
entity {
  id: "151"
  vehicle {
    trip {
      trip_id: "7010020"
      route_id: "Y46"
      schedule_relationship: SCHEDULED
    }
    vehicle {
      id: "6527"
    }
    position {
      latitude: 40.2927322
      longitude: -79.8973
      bearing: 294
      speed: 8.49376
    }
    timestamp: 1714096517
  }
}
entity {
  id: "152"
  vehicle {
    trip {
      trip_id: "668020"
      route_id: "12"
      schedule_relationship: SCHEDULED
    }
    vehicle {
      id: "6409"
    }
    position {
      latitude: 40.4583359
      longitude: -79.9993515
      bearing: 237
      speed: 7.15264
    }
    timestamp: 1714096519
  }
}
entity {
  id: "153"
  vehicle {
    trip {
      trip_id: "258020"
      route_id: "81"
      schedule_relationship: SCHEDULED
    }
    vehicle {
      id: "6529"
    }
    position {
      latitude: 40.4449883
      longitude: -79.9860077
      bearing: 240
      speed: 3.12927985
    }
    timestamp: 1714096512
  }
}
entity {
  id: "154"
  vehicle {
    trip {
      trip_id: "10039020"
      route_id: "29"
      schedule_relationship: SCHEDULED
    }
    vehicle {
      id: "6421"
    }
    position {
      latitude: 40.4264145
      longitude: -80.1882477
      bearing: 282
      speed: 0
    }
    timestamp: 1714096509
  }
}
entity {
  id: "155"
  vehicle {
    trip {
      trip_id: "-1349261798"
      route_id: "67"
      schedule_relationship: ADDED
    }
    vehicle {
      id: "6542"
    }
    position {
      latitude: 40.433857
      longitude: -79.788559
      bearing: 231
      speed: 13.4112
    }
    timestamp: 1714096522
  }
}
entity {
  id: "156"
  vehicle {
    trip {
      trip_id: "9965020"
      route_id: "24"
      schedule_relationship: SCHEDULED
    }
    vehicle {
      id: "6420"
    }
    position {
      latitude: 40.4742241
      longitude: -80.0784683
      bearing: 114
      speed: 10.72896
    }
    timestamp: 1714096512
  }
}
entity {
  id: "157"
  vehicle {
    trip {
      trip_id: "11649020"
      route_id: "22"
      schedule_relationship: SCHEDULED
    }
    vehicle {
      id: "6423"
    }
    position {
      latitude: 40.4683647
      longitude: -80.0984116
      bearing: 34
      speed: 0
    }
    timestamp: 1714096519
  }
}
entity {
  id: "158"
  vehicle {
    vehicle {
      id: "6544"
    }
    position {
      latitude: 40.4832649
      longitude: -79.9476929
      bearing: 45
      speed: 0
    }
    timestamp: 1714096517
  }
}
entity {
  id: "159"
  vehicle {
    trip {
      trip_id: "10833020"
      route_id: "27"
      schedule_relationship: SCHEDULED
    }
    vehicle {
      id: "6422"
    }
    position {
      latitude: 40.4591255
      longitude: -80.0773926
      bearing: 136
      speed: 7.15264
    }
    timestamp: 1714096525
  }
}
entity {
  id: "160"
  vehicle {
    trip {
      trip_id: "9947020"
      route_id: "51"
      schedule_relationship: SCHEDULED
    }
    vehicle {
      id: "6535"
    }
    position {
      latitude: 40.4212341
      longitude: -79.9848938
      bearing: 58
      speed: 8.9408
    }
    timestamp: 1714096515
  }
}
entity {
  id: "161"
  vehicle {
    trip {
      trip_id: "4800020"
      route_id: "2"
      schedule_relationship: SCHEDULED
    }
    vehicle {
      id: "6413"
    }
    position {
      latitude: 40.4779
      longitude: -79.9691391
      bearing: 174
      speed: 0
    }
    timestamp: 1714096514
  }
}
entity {
  id: "162"
  vehicle {
    trip {
      trip_id: "447020"
      route_id: "61A"
      schedule_relationship: SCHEDULED
    }
    vehicle {
      id: "6536"
    }
    position {
      latitude: 40.4380417
      longitude: -79.9064255
      bearing: 267
      speed: 13.8582401
    }
    timestamp: 1714096504
  }
}
entity {
  id: "163"
  vehicle {
    trip {
      trip_id: "9297020"
      route_id: "26"
      schedule_relationship: SCHEDULED
    }
    vehicle {
      id: "6418"
    }
    position {
      latitude: 40.4509087
      longitude: -80.0478058
      bearing: 283
      speed: 13.8582401
    }
    timestamp: 1714096523
  }
}
entity {
  id: "164"
  vehicle {
    trip {
      trip_id: "7997020"
      route_id: "G2"
      schedule_relationship: SCHEDULED
    }
    vehicle {
      id: "6419"
    }
    position {
      latitude: 40.4524345
      longitude: -80.0519485
      bearing: 100
      speed: 12.5171194
    }
    timestamp: 1714096518
  }
}
entity {
  id: "165"
  vehicle {
    trip {
      trip_id: "9839020"
      route_id: "79"
      schedule_relationship: SCHEDULED
    }
    vehicle {
      id: "6551"
    }
    position {
      latitude: 40.4462166
      longitude: -79.871
      bearing: 223
      speed: 0
    }
    timestamp: 1714096517
  }
}
entity {
  id: "166"
  vehicle {
    vehicle {
      id: "6430"
    }
    position {
      latitude: 40.3626442
      longitude: -79.9312
      bearing: 68
      speed: 1.34112
    }
    timestamp: 1714096504
  }
}
entity {
  id: "167"
  vehicle {
    trip {
      trip_id: "2052020"
      route_id: "1"
      schedule_relationship: SCHEDULED
    }
    vehicle {
      id: "6311"
    }
    position {
      latitude: 40.5072174
      longitude: -79.8516235
      bearing: 352
      speed: 0
    }
    timestamp: 1714096515
  }
}
entity {
  id: "168"
  vehicle {
    vehicle {
      id: "6432"
    }
    position {
      latitude: 40.3621407
      longitude: -79.9301758
      bearing: 129
      speed: 0
    }
    timestamp: 1714096515
  }
}
entity {
  id: "169"
  vehicle {
    vehicle {
      id: "6552"
    }
    position {
      latitude: 40.4571266
      longitude: -79.9136581
      bearing: 117
      speed: 0
    }
    timestamp: 1714096501
  }
}
entity {
  id: "170"
  vehicle {
    trip {
      trip_id: "10508020"
      route_id: "12"
      schedule_relationship: SCHEDULED
    }
    vehicle {
      id: "6312"
    }
    position {
      latitude: 40.553421
      longitude: -80.0208
      bearing: 156
      speed: 14.7523193
    }
    timestamp: 1714096522
  }
}
entity {
  id: "171"
  vehicle {
    trip {
      trip_id: "3618020"
      route_id: "53L"
      schedule_relationship: SCHEDULED
    }
    vehicle {
      id: "6433"
    }
    position {
      latitude: 40.3977165
      longitude: -79.9030457
      bearing: 325
      speed: 8.04672
    }
    timestamp: 1714096520
  }
}
entity {
  id: "172"
  vehicle {
    vehicle {
      id: "6546"
    }
    position {
      latitude: 40.4427109
      longitude: -79.9996
      bearing: 66
      speed: 0
    }
    timestamp: 1714096521
  }
}
entity {
  id: "173"
  vehicle {
    vehicle {
      id: "6424"
    }
    position {
      latitude: 40.3666458
      longitude: -80.10392
      bearing: 57
      speed: 0
    }
    timestamp: 1714096443
  }
}
entity {
  id: "174"
  vehicle {
    vehicle {
      id: "6545"
    }
    position {
      latitude: 40.4569435
      longitude: -79.9137268
      bearing: 123
      speed: 0
    }
    timestamp: 1714096512
  }
}
entity {
  id: "175"
  vehicle {
    trip {
      trip_id: "10443020"
      route_id: "48"
      schedule_relationship: SCHEDULED
    }
    vehicle {
      id: "6427"
    }
    position {
      latitude: 40.428894
      longitude: -79.9955139
      bearing: 113
      speed: 10.72896
    }
    timestamp: 1714096525
  }
}
entity {
  id: "176"
  vehicle {
    trip {
      trip_id: "2045020"
      route_id: "54"
      schedule_relationship: SCHEDULED
    }
    vehicle {
      id: "6306"
    }
    position {
      latitude: 40.4521141
      longitude: -80.0139
      bearing: 166
      speed: 8.9408
    }
    timestamp: 1714096521
  }
}
entity {
  id: "177"
  vehicle {
    vehicle {
      id: "6426"
    }
    position {
      latitude: 40.4433975
      longitude: -80.06633
      bearing: 284
      speed: 2.68224
    }
    timestamp: 1714096523
  }
}
entity {
  id: "178"
  vehicle {
    trip {
      trip_id: "270020"
      route_id: "57"
      schedule_relationship: SCHEDULED
    }
    vehicle {
      id: "6429"
    }
    position {
      latitude: 40.4084778
      longitude: -79.9436569
      bearing: 166
      speed: 7.15264
    }
    timestamp: 1714096514
  }
}
entity {
  id: "179"
  vehicle {
    vehicle {
      id: "6308"
    }
    position {
      latitude: 40.487896
      longitude: -79.9726562
      bearing: 3
      speed: 10.72896
    }
    timestamp: 1714096513
  }
}
entity {
  id: "180"
  vehicle {
    trip {
      trip_id: "10578020"
      route_id: "64"
      schedule_relationship: SCHEDULED
    }
    vehicle {
      id: "6428"
    }
    position {
      latitude: 40.4074974
      longitude: -79.9187851
      bearing: 43
      speed: 0
    }
    timestamp: 1714096518
  }
}
entity {
  id: "181"
  vehicle {
    vehicle {
      id: "6549"
    }
    position {
      latitude: 40.4732819
      longitude: -79.8880615
      bearing: 253
      speed: 0
    }
    timestamp: 1714096515
  }
}
entity {
  id: "182"
  vehicle {
    trip {
      trip_id: "5866020"
      route_id: "59"
      schedule_relationship: SCHEDULED
    }
    vehicle {
      id: "6440"
    }
    position {
      latitude: 40.407196
      longitude: -79.9137878
      bearing: 135
      speed: 9.83488
    }
    timestamp: 1714096502
  }
}
entity {
  id: "183"
  vehicle {
    trip {
      trip_id: "4046020"
      route_id: "61B"
      schedule_relationship: SCHEDULED
    }
    vehicle {
      id: "6443"
    }
    position {
      latitude: 40.4036674
      longitude: -79.8691
      bearing: 313
      speed: 0
    }
    timestamp: 1714096525
  }
}
entity {
  id: "184"
  vehicle {
    trip {
      trip_id: "7099020"
      route_id: "64"
      schedule_relationship: SCHEDULED
    }
    vehicle {
      id: "6442"
    }
    position {
      latitude: 40.410141
      longitude: -79.915535
      bearing: 42
      speed: 15.6463995
    }
    timestamp: 1714096519
  }
}
entity {
  id: "185"
  vehicle {
    trip {
      trip_id: "1228020"
      route_id: "14"
      schedule_relationship: SCHEDULED
    }
    vehicle {
      id: "6203"
    }
    position {
      latitude: 40.581543
      longitude: -80.223587
      bearing: 329
      speed: 8.49376
    }
    timestamp: 1714096521
  }
}
entity {
  id: "186"
  vehicle {
    vehicle {
      id: "6324"
    }
    position {
      latitude: 40.3665161
      longitude: -80.1043472
      bearing: 57
      speed: 0
    }
    timestamp: 1714096521
  }
}
entity {
  id: "187"
  vehicle {
    vehicle {
      id: "5904"
    }
    position {
      latitude: 40.4510422
      longitude: -80.0278
      bearing: 157
      speed: 20.1168
    }
    timestamp: 1714096500
  }
}
entity {
  id: "188"
  vehicle {
    trip {
      trip_id: "11196020"
      route_id: "91"
      schedule_relationship: SCHEDULED
    }
    vehicle {
      id: "5908"
    }
    position {
      latitude: 40.4465637
      longitude: -79.9964218
      bearing: 241
      speed: 4.02336
    }
    timestamp: 1714096524
  }
}
entity {
  id: "189"
  vehicle {
    vehicle {
      id: "5909"
    }
    position {
      latitude: 40.5013885
      longitude: -80.0218506
      bearing: 232
      speed: 0
    }
    timestamp: 1714096036
  }
}
entity {
  id: "190"
  vehicle {
    trip {
      trip_id: "4526020"
      route_id: "Y47"
      schedule_relationship: SCHEDULED
    }
    vehicle {
      id: "6436"
    }
    position {
      latitude: 40.4240227
      longitude: -80.0057755
      bearing: 188
      speed: 11.6230402
    }
    timestamp: 1714096498
  }
}
entity {
  id: "191"
  vehicle {
    vehicle {
      id: "6556"
    }
    position {
      latitude: 40.4570541
      longitude: -79.9135513
      bearing: 117
      speed: 0
    }
    timestamp: 1714096495
  }
}
entity {
  id: "192"
  vehicle {
    trip {
      trip_id: "7252020"
      route_id: "39"
      schedule_relationship: SCHEDULED
    }
    vehicle {
      id: "6317"
    }
    position {
      latitude: 40.4225044
      longitude: -80.0061493
      bearing: 15
      speed: 2.68224
    }
    timestamp: 1714096522
  }
}
entity {
  id: "193"
  vehicle {
    trip {
      trip_id: "1209020"
      route_id: "88"
      schedule_relationship: SCHEDULED
    }
    vehicle {
      id: "6558"
    }
    position {
      latitude: 40.4580345
      longitude: -79.9182358
      bearing: 311
      speed: 9.38784
    }
    timestamp: 1714096512
  }
}
entity {
  id: "194"
  vehicle {
    vehicle {
      id: "6316"
    }
    position {
      latitude: 40.5009613
      longitude: -80.0220108
      bearing: 359
      speed: 0
    }
    timestamp: 1714096156
  }
}
entity {
  id: "195"
  vehicle {
    trip {
      trip_id: "2206020"
      route_id: "Y49"
      schedule_relationship: SCHEDULED
    }
    vehicle {
      id: "6437"
    }
    position {
      latitude: 40.3598747
      longitude: -79.9600906
      bearing: 134
      speed: 16.5404797
    }
    timestamp: 1714096523
  }
}
entity {
  id: "196"
  vehicle {
    trip {
      trip_id: "6535020"
      route_id: "59"
      schedule_relationship: SCHEDULED
    }
    vehicle {
      id: "6439"
    }
    position {
      latitude: 40.3618355
      longitude: -79.9323273
      bearing: 25
      speed: 0
    }
    timestamp: 1714096511
  }
}
entity {
  id: "197"
  vehicle {
    vehicle {
      id: "6318"
    }
    position {
      latitude: 40.4211349
      longitude: -80.0061111
      bearing: 131
      speed: 0
    }
    timestamp: 1714096510
  }
}
entity {
  id: "198"
  vehicle {
    vehicle {
      id: "5902"
    }
    position {
      latitude: 40.4938927
      longitude: -80.0116501
      bearing: 136
      speed: 26.8224
    }
    timestamp: 1714096499
  }
}
entity {
  id: "199"
  vehicle {
    vehicle {
      id: "6452"
    }
    position {
      latitude: 40.4572296
      longitude: -79.9131317
      bearing: 57
      speed: 0
    }
    timestamp: 1714096500
  }
}
entity {
  id: "200"
  vehicle {
    trip {
      trip_id: "13800020"
      route_id: "91"
      schedule_relationship: SCHEDULED
    }
    vehicle {
      id: "6212"
    }
    position {
      latitude: 40.4878693
      longitude: -79.8938065
      bearing: 19
      speed: 0.89408
    }
    timestamp: 1714096509
  }
}
entity {
  id: "201"
  vehicle {
    vehicle {
      id: "6211"
    }
    position {
      latitude: 40.4458199
      longitude: -79.989357
      bearing: 48
      speed: 0
    }
    timestamp: 1714096522
  }
}
entity {
  id: "202"
  vehicle {
    trip {
      trip_id: "3580020"
      route_id: "6"
      schedule_relationship: SCHEDULED
    }
    vehicle {
      id: "6214"
    }
    position {
      latitude: 40.4846458
      longitude: -80.0045547
      bearing: 71
      speed: 2.68224
    }
    timestamp: 1714096518
  }
}
entity {
  id: "203"
  vehicle {
    trip {
      trip_id: "5966020"
      route_id: "93"
      schedule_relationship: SCHEDULED
    }
    vehicle {
      id: "6335"
    }
    position {
      latitude: 40.4517097
      longitude: -79.9518356
      bearing: 334
      speed: 0.44704
    }
    timestamp: 1714096518
  }
}
entity {
  id: "204"
  vehicle {
    vehicle {
      id: "6455"
    }
    position {
      latitude: 40.4440384
      longitude: -79.9919205
      bearing: 49
      speed: 6.2585597
    }
    timestamp: 1714096518
  }
}
entity {
  id: "205"
  vehicle {
    vehicle {
      id: "6213"
    }
    position {
      latitude: 40.5011749
      longitude: -80.0224838
      bearing: 231
      speed: 0
    }
    timestamp: 1714096506
  }
}
entity {
  id: "206"
  vehicle {
    vehicle {
      id: "5916"
    }
    position {
      latitude: 40.4499855
      longitude: -79.8917465
      bearing: 303
      speed: 0
    }
    timestamp: 1714096514
  }
}
entity {
  id: "207"
  vehicle {
    vehicle {
      id: "6206"
    }
    position {
      latitude: 40.5013657
      longitude: -80.0228
      bearing: 54
      speed: 0
    }
    timestamp: 1714096338
  }
}
entity {
  id: "208"
  vehicle {
    trip {
      trip_id: "-322802803"
      route_id: "31"
      schedule_relationship: ADDED
    }
    vehicle {
      id: "5911"
    }
    position {
      latitude: 40.3622551
      longitude: -80.1106644
      bearing: 197
      speed: 13.4112
    }
    timestamp: 1714096515
  }
}
entity {
  id: "209"
  vehicle {
    trip {
      trip_id: "1590020"
      route_id: "38"
      schedule_relationship: SCHEDULED
    }
    vehicle {
      id: "5913"
    }
    position {
      latitude: 40.4430695
      longitude: -80.0081863
      bearing: 253
      speed: 15.6463995
    }
    timestamp: 1714096522
  }
}
entity {
  id: "210"
  vehicle {
    vehicle {
      id: "6460"
    }
    position {
      latitude: 40.5317154
      longitude: -79.849144
      bearing: 216
      speed: 28.1635189
    }
    timestamp: 1714096503
  }
}
entity {
  id: "211"
  vehicle {
    vehicle {
      id: "6462"
    }
    position {
      latitude: 40.441246
      longitude: -80.0055084
      bearing: 63
      speed: 0
    }
    timestamp: 1714096498
  }
}
entity {
  id: "212"
  vehicle {
    trip {
      trip_id: "4464020"
      route_id: "93"
      schedule_relationship: SCHEDULED
    }
    vehicle {
      id: "6344"
    }
    position {
      latitude: 40.4587746
      longitude: -79.9573288
      bearing: 191
      speed: 0
    }
    timestamp: 1714096517
  }
}
entity {
  id: "213"
  vehicle {
    vehicle {
      id: "6102"
    }
    position {
      latitude: 40.4946213
      longitude: -79.885994
      bearing: 171
      speed: 0
    }
    timestamp: 1714096494
  }
}
entity {
  id: "214"
  vehicle {
    trip {
      trip_id: "12432020"
      route_id: "G2"
      schedule_relationship: SCHEDULED
    }
    vehicle {
      id: "6223"
    }
    position {
      latitude: 40.4358177
      longitude: -80.0676727
      bearing: 190
      speed: 8.04672
    }
    timestamp: 1714096516
  }
}
entity {
  id: "215"
  vehicle {
    vehicle {
      id: "6343"
    }
    position {
      latitude: 40.3617706
      longitude: -79.9307175
      bearing: 302
      speed: 0
    }
    timestamp: 1714096504
  }
}
entity {
  id: "216"
  vehicle {
    trip {
      trip_id: "5359020"
      route_id: "61C"
      schedule_relationship: SCHEDULED
    }
    vehicle {
      id: "6346"
    }
    position {
      latitude: 40.4080582
      longitude: -79.909
      bearing: 237
      speed: 8.9408
    }
    timestamp: 1714096524
  }
}
entity {
  id: "217"
  vehicle {
    trip {
      trip_id: "7278020"
      route_id: "69"
      schedule_relationship: SCHEDULED
    }
    vehicle {
      id: "6466"
    }
    position {
      latitude: 40.4444046
      longitude: -79.9173813
      bearing: 256
      speed: 11.6230402
    }
    timestamp: 1714096517
  }
}
entity {
  id: "218"
  vehicle {
    vehicle {
      id: "5929"
    }
    position {
      latitude: 40.39188
      longitude: -79.9342041
      bearing: 208
      speed: 15.6463995
    }
    timestamp: 1714096504
  }
}
entity {
  id: "219"
  vehicle {
    trip {
      trip_id: "3939020"
      route_id: "16"
      schedule_relationship: SCHEDULED
    }
    vehicle {
      id: "6215"
    }
    position {
      latitude: 40.4542389
      longitude: -80.0130386
      bearing: 76
      speed: 5.36448
    }
    timestamp: 1714096507
  }
}
entity {
  id: "220"
  vehicle {
    trip {
      trip_id: "9100020"
      route_id: "61D"
      schedule_relationship: SCHEDULED
    }
    vehicle {
      id: "6336"
    }
    position {
      latitude: 40.4381
      longitude: -79.9235229
      bearing: 356
      speed: 8.49376
    }
    timestamp: 1714096524
  }
}
entity {
  id: "221"
  vehicle {
    trip {
      trip_id: "6070020"
      route_id: "61C"
      schedule_relationship: SCHEDULED
    }
    vehicle {
      id: "5922"
    }
    position {
      latitude: 40.3523064
      longitude: -79.8605576
      bearing: 250
      speed: 0
    }
    timestamp: 1714096502
  }
}
