header {
  gtfs_realtime_version: "2.0"
  incrementality: FULL_DATASET
  timestamp: 1714407436
}
entity {
  id: "1"
  trip_update {
    trip {
      trip_id: "1074309020"
      route_id: "SLVR"
      schedule_relationship: SCHEDULED
    }
    vehicle {
      id: "4234"
    }
    stop_time_update {
      stop_sequence: 18
      stop_id: "96"
      arrival {
        time: 1714407522
      }
      schedule_relationship: SCHEDULED
    }
    stop_time_update {
      stop_sequence: 19
      stop_id: "94"
      arrival {
        time: 1714407574
      }
      schedule_relationship: SCHEDULED
    }
    stop_time_update {
      stop_sequence: 20
      stop_id: "92"
      arrival {
        time: 1714407780
      }
      schedule_relationship: SCHEDULED
    }
    stop_time_update {
      stop_sequence: 21
      stop_id: "90"
      arrival {
        time: 1714407882
      }
      schedule_relationship: SCHEDULED
    }
    stop_time_update {
      stop_sequence: 22
      stop_id: "102"
      arrival {
        time: 1714407985
      }
      schedule_relationship: SCHEDULED
    }
    stop_time_update {
      stop_sequence: 23
      stop_id: "88"
      arrival {
        time: 1714408088
      }
      schedule_relationship: SCHEDULED
    }
    stop_time_update {
      stop_sequence: 24
      stop_id: "71"
      arrival {
        time: 1714408140
      }
      schedule_relationship: SCHEDULED
    }
    stop_time_update {
      stop_sequence: 25
      stop_id: "77"
      arrival {
        time: 1714408380
      }
      schedule_relationship: SCHEDULED
    }
    stop_time_update {
      stop_sequence: 26
      stop_id: "7"
      arrival {
        time: 1714408530
      }
      schedule_relationship: SCHEDULED
    }
    stop_time_update {
      stop_sequence: 27
      stop_id: "9"
      arrival {
        time: 1714408605
      }
      schedule_relationship: SCHEDULED
    }
    stop_time_update {
      stop_sequence: 28
      stop_id: "12"
      arrival {
        time: 1714408680
      }
      schedule_relationship: SCHEDULED
    }
    stop_time_update {
      stop_sequence: 29
      stop_id: "13"
      arrival {
        time: 1714408815
      }
      schedule_relationship: SCHEDULED
    }
    stop_time_update {
      stop_sequence: 30
      stop_id: "5"
      arrival {
        time: 1714409085
      }
      schedule_relationship: SCHEDULED
    }
    timestamp: 1714407418
  }
}
entity {
  id: "2"
  trip_update {
    trip {
      trip_id: "1073998020"
      route_id: "SLVR"
      schedule_relationship: SCHEDULED
    }
    vehicle {
      id: "4324"
    }
    stop_time_update {
      stop_sequence: 26
      stop_id: "7"
      arrival {
        time: 1714407501
      }
      schedule_relationship: SCHEDULED
    }
    stop_time_update {
      stop_sequence: 27
      stop_id: "9"
      arrival {
        time: 1714407576
      }
      schedule_relationship: SCHEDULED
    }
    stop_time_update {
      stop_sequence: 28
      stop_id: "12"
      arrival {
        time: 1714407651
      }
      schedule_relationship: SCHEDULED
    }
    stop_time_update {
      stop_sequence: 29
      stop_id: "13"
      arrival {
        time: 1714407786
      }
      schedule_relationship: SCHEDULED
    }
    stop_time_update {
      stop_sequence: 30
      stop_id: "5"
      arrival {
        time: 1714408056
      }
      schedule_relationship: SCHEDULED
    }
    timestamp: 1714407365
  }
}
entity {
  id: "3"
  trip_update {
    trip {
      trip_id: "1074122020"
      route_id: "SLVR"
      schedule_relationship: SCHEDULED
    }
    vehicle {
      id: "4324"
    }
    stop_time_update {
      stop_sequence: 1
      stop_id: "6"
      departure {
        time: 1714408200
      }
      schedule_relationship: SCHEDULED
    }
    stop_time_update {
      stop_sequence: 2
      stop_id: "110"
      arrival {
        time: 1714408390
      }
      schedule_relationship: SCHEDULED
    }
    stop_time_update {
      stop_sequence: 3
      stop_id: "111"
      arrival {
        time: 1714408557
      }
      schedule_relationship: SCHEDULED
    }
    stop_time_update {
      stop_sequence: 4
      stop_id: "11"
      arrival {
        time: 1714408680
      }
      schedule_relationship: SCHEDULED
    }
    stop_time_update {
      stop_sequence: 5
      stop_id: "10"
      arrival {
        time: 1714408738
      }
      schedule_relationship: SCHEDULED
    }
    stop_time_update {
      stop_sequence: 6
      stop_id: "8"
      arrival {
        time: 1714408834
      }
      schedule_relationship: SCHEDULED
    }
    stop_time_update {
      stop_sequence: 7
      stop_id: "78"
      arrival {
        time: 1714408980
      }
      schedule_relationship: SCHEDULED
    }
    stop_time_update {
      stop_sequence: 8
      stop_id: "72"
      arrival {
        time: 1714409160
      }
      schedule_relationship: SCHEDULED
    }
    timestamp: 1714407365
  }
}
entity {
  id: "4"
  trip_update {
    trip {
      trip_id: "1074612020"
      route_id: "SLVR"
      schedule_relationship: SCHEDULED
    }
    vehicle {
      id: "4239"
    }
    stop_time_update {
      stop_sequence: 16
      stop_id: "101"
      arrival {
        time: 1714407478
      }
      schedule_relationship: SCHEDULED
    }
    stop_time_update {
      stop_sequence: 17
      stop_id: "76"
      arrival {
        time: 1714407554
      }
      schedule_relationship: SCHEDULED
    }
    stop_time_update {
      stop_sequence: 18
      stop_id: "68"
      arrival {
        time: 1714407604
      }
      schedule_relationship: SCHEDULED
    }
    stop_time_update {
      stop_sequence: 19
      stop_id: "82"
      arrival {
        time: 1714407658
      }
      schedule_relationship: SCHEDULED
    }
    stop_time_update {
      stop_sequence: 20
      stop_id: "44"
      arrival {
        time: 1714407756
      }
      schedule_relationship: SCHEDULED
    }
    stop_time_update {
      stop_sequence: 21
      stop_id: "50"
      arrival {
        time: 1714407898
      }
      schedule_relationship: SCHEDULED
    }
    stop_time_update {
      stop_sequence: 22
      stop_id: "52"
      arrival {
        time: 1714407938
      }
      schedule_relationship: SCHEDULED
    }
    stop_time_update {
      stop_sequence: 23
      stop_id: "74"
      arrival {
        time: 1714407969
      }
      schedule_relationship: SCHEDULED
    }
    stop_time_update {
      stop_sequence: 24
      stop_id: "56"
      arrival {
        time: 1714408036
      }
      schedule_relationship: SCHEDULED
    }
    stop_time_update {
      stop_sequence: 25
      stop_id: "65"
      arrival {
        time: 1714408151
      }
      schedule_relationship: SCHEDULED
    }
    stop_time_update {
      stop_sequence: 26
      stop_id: "48"
      arrival {
        time: 1714408219
      }
      schedule_relationship: SCHEDULED
    }
    stop_time_update {
      stop_sequence: 27
      stop_id: "46"
      arrival {
        time: 1714408260
      }
      schedule_relationship: SCHEDULED
    }
    stop_time_update {
      stop_sequence: 28
      stop_id: "26"
      arrival {
        time: 1714408354
      }
      schedule_relationship: SCHEDULED
    }
    stop_time_update {
      stop_sequence: 29
      stop_id: "87"
      arrival {
        time: 1714408409
      }
      schedule_relationship: SCHEDULED
    }
    stop_time_update {
      stop_sequence: 30
      stop_id: "86"
      arrival {
        time: 1714408436
      }
      schedule_relationship: SCHEDULED
    }
    timestamp: 1714407410
  }
}
entity {
  id: "5"
  trip_update {
    trip {
      trip_id: "1074066020"
      route_id: "RED"
      schedule_relationship: SCHEDULED
    }
    vehicle {
      id: "4224"
    }
    stop_time_update {
      stop_sequence: 9
      stop_id: "113"
      arrival {
        time: 1714407465
      }
      schedule_relationship: SCHEDULED
    }
    stop_time_update {
      stop_sequence: 10
      stop_id: "34"
      arrival {
        time: 1714407512
      }
      schedule_relationship: SCHEDULED
    }
    stop_time_update {
      stop_sequence: 11
      stop_id: "84"
      arrival {
        time: 1714407619
      }
      schedule_relationship: SCHEDULED
    }
    stop_time_update {
      stop_sequence: 12
      stop_id: "40"
      arrival {
        time: 1714407648
      }
      schedule_relationship: SCHEDULED
    }
    stop_time_update {
      stop_sequence: 13
      stop_id: "20"
      arrival {
        time: 1714407663
      }
      schedule_relationship: SCHEDULED
    }
    stop_time_update {
      stop_sequence: 14
      stop_id: "18"
      arrival {
        time: 1714407757
      }
      schedule_relationship: SCHEDULED
    }
    stop_time_update {
      stop_sequence: 15
      stop_id: "22"
      arrival {
        time: 1714407846
      }
      schedule_relationship: SCHEDULED
    }
    stop_time_update {
      stop_sequence: 16
      stop_id: "80"
      arrival {
        time: 1714407950
      }
      schedule_relationship: SCHEDULED
    }
    stop_time_update {
      stop_sequence: 17
      stop_id: "62"
      arrival {
        time: 1714408008
      }
      schedule_relationship: SCHEDULED
    }
    stop_time_update {
      stop_sequence: 18
      stop_id: "38"
      arrival {
        time: 1714408188
      }
      schedule_relationship: SCHEDULED
    }
    stop_time_update {
      stop_sequence: 19
      stop_id: "54"
      arrival {
        time: 1714408308
      }
      schedule_relationship: SCHEDULED
    }
    stop_time_update {
      stop_sequence: 20
      stop_id: "60"
      arrival {
        time: 1714408430
      }
      schedule_relationship: SCHEDULED
    }
    stop_time_update {
      stop_sequence: 21
      stop_id: "24"
      arrival {
        time: 1714408514
      }
      schedule_relationship: SCHEDULED
    }
    stop_time_update {
      stop_sequence: 22
      stop_id: "32"
      arrival {
        time: 1714408548
      }
      schedule_relationship: SCHEDULED
    }
    stop_time_update {
      stop_sequence: 23
      stop_id: "105"
      arrival {
        time: 1714408608
      }
      schedule_relationship: SCHEDULED
    }
    stop_time_update {
      stop_sequence: 24
      stop_id: "76"
      arrival {
        time: 1714408682
      }
      schedule_relationship: SCHEDULED
    }
    stop_time_update {
      stop_sequence: 25
      stop_id: "68"
      arrival {
        time: 1714408733
      }
      schedule_relationship: SCHEDULED
    }
    stop_time_update {
      stop_sequence: 26
      stop_id: "82"
      arrival {
        time: 1714408788
      }
      schedule_relationship: SCHEDULED
    }
    stop_time_update {
      stop_sequence: 27
      stop_id: "30"
      arrival {
        time: 1714408876
      }
      schedule_relationship: SCHEDULED
    }
    stop_time_update {
      stop_sequence: 28
      stop_id: "42"
      arrival {
        time: 1714408934
      }
      schedule_relationship: SCHEDULED
    }
    stop_time_update {
      stop_sequence: 29
      stop_id: "28"
      arrival {
        time: 1714409030
      }
      schedule_relationship: SCHEDULED
    }
    stop_time_update {
      stop_sequence: 30
      stop_id: "36"
      arrival {
        time: 1714409089
      }
      schedule_relationship: SCHEDULED
    }
    timestamp: 1714407436
  }
}
entity {
  id: "6"
  trip_update {
    trip {
      trip_id: "1074089020"
      route_id: "RED"
      schedule_relationship: SCHEDULED
    }
    vehicle {
      id: "4309"
    }
    stop_time_update {
      stop_sequence: 20
      stop_id: "60"
      arrival {
        time: 1714407484
      }
      schedule_relationship: SCHEDULED
    }
    stop_time_update {
      stop_sequence: 21
      stop_id: "24"
      arrival {
        time: 1714407568
      }
      schedule_relationship: SCHEDULED
    }
    stop_time_update {
      stop_sequence: 22
      stop_id: "32"
      arrival {
        time: 1714407602
      }
      schedule_relationship: SCHEDULED
    }
    stop_time_update {
      stop_sequence: 23
      stop_id: "105"
      arrival {
        time: 1714407662
      }
      schedule_relationship: SCHEDULED
    }
    stop_time_update {
      stop_sequence: 24
      stop_id: "76"
      arrival {
        time: 1714407736
      }
      schedule_relationship: SCHEDULED
    }
    stop_time_update {
      stop_sequence: 25
      stop_id: "68"
      arrival {
        time: 1714407787
      }
      schedule_relationship: SCHEDULED
    }
    stop_time_update {
      stop_sequence: 26
      stop_id: "82"
      arrival {
        time: 1714407842
      }
      schedule_relationship: SCHEDULED
    }
    stop_time_update {
      stop_sequence: 27
      stop_id: "30"
      arrival {
        time: 1714407930
      }
      schedule_relationship: SCHEDULED
    }
    stop_time_update {
      stop_sequence: 28
      stop_id: "42"
      arrival {
        time: 1714407988
      }
      schedule_relationship: SCHEDULED
    }
    stop_time_update {
      stop_sequence: 29
      stop_id: "28"
      arrival {
        time: 1714408084
      }
      schedule_relationship: SCHEDULED
    }
    stop_time_update {
      stop_sequence: 30
      stop_id: "36"
      arrival {
        time: 1714408143
      }
      schedule_relationship: SCHEDULED
    }
    timestamp: 1714407414
  }
}
entity {
  id: "7"
  trip_update {
    trip {
      trip_id: "1074674020"
      route_id: "RED"
      schedule_relationship: SCHEDULED
    }
    vehicle {
      id: "4326"
    }
    stop_time_update {
      stop_sequence: 1
      stop_id: "69"
      departure {
        time: 1714408080
      }
      schedule_relationship: SCHEDULED
    }
    stop_time_update {
      stop_sequence: 2
      stop_id: "35"
      arrival {
        time: 1714408143
      }
      schedule_relationship: SCHEDULED
    }
    stop_time_update {
      stop_sequence: 3
      stop_id: "27"
      arrival {
        time: 1714408188
      }
      schedule_relationship: SCHEDULED
    }
    stop_time_update {
      stop_sequence: 4
      stop_id: "41"
      arrival {
        time: 1714408282
      }
      schedule_relationship: SCHEDULED
    }
    stop_time_update {
      stop_sequence: 5
      stop_id: "29"
      arrival {
        time: 1714408338
      }
      schedule_relationship: SCHEDULED
    }
    stop_time_update {
      stop_sequence: 6
      stop_id: "81"
      arrival {
        time: 1714408440
      }
      schedule_relationship: SCHEDULED
    }
    stop_time_update {
      stop_sequence: 7
      stop_id: "67"
      arrival {
        time: 1714408483
      }
      schedule_relationship: SCHEDULED
    }
    stop_time_update {
      stop_sequence: 8
      stop_id: "75"
      arrival {
        time: 1714408544
      }
      schedule_relationship: SCHEDULED
    }
    stop_time_update {
      stop_sequence: 9
      stop_id: "104"
      arrival {
        time: 1714408620
      }
      schedule_relationship: SCHEDULED
    }
    stop_time_update {
      stop_sequence: 10
      stop_id: "31"
      arrival {
        time: 1714408680
      }
      schedule_relationship: SCHEDULED
    }
    stop_time_update {
      stop_sequence: 11
      stop_id: "23"
      arrival {
        time: 1714408717
      }
      schedule_relationship: SCHEDULED
    }
    stop_time_update {
      stop_sequence: 12
      stop_id: "59"
      arrival {
        time: 1714408800
      }
      schedule_relationship: SCHEDULED
    }
    stop_time_update {
      stop_sequence: 13
      stop_id: "53"
      arrival {
        time: 1714408920
      }
      schedule_relationship: SCHEDULED
    }
    stop_time_update {
      stop_sequence: 14
      stop_id: "37"
      arrival {
        time: 1714409040
      }
      schedule_relationship: SCHEDULED
    }
    stop_time_update {
      stop_sequence: 15
      stop_id: "61"
      arrival {
        time: 1714409220
      }
      schedule_relationship: SCHEDULED
    }
    timestamp: 1714407420
  }
}
entity {
  id: "8"
  trip_update {
    trip {
      trip_id: "1074178020"
      route_id: "RED"
      schedule_relationship: SCHEDULED
    }
    vehicle {
      id: "4227"
    }
    stop_time_update {
      stop_sequence: 1
      stop_id: "6"
      departure {
        time: 1714407600
      }
      schedule_relationship: SCHEDULED
    }
    stop_time_update {
      stop_sequence: 2
      stop_id: "110"
      arrival {
        time: 1714407768
      }
      schedule_relationship: SCHEDULED
    }
    stop_time_update {
      stop_sequence: 3
      stop_id: "111"
      arrival {
        time: 1714407992
      }
      schedule_relationship: SCHEDULED
    }
    stop_time_update {
      stop_sequence: 4
      stop_id: "11"
      arrival {
        time: 1714408080
      }
      schedule_relationship: SCHEDULED
    }
    stop_time_update {
      stop_sequence: 5
      stop_id: "10"
      arrival {
        time: 1714408152
      }
      schedule_relationship: SCHEDULED
    }
    stop_time_update {
      stop_sequence: 6
      stop_id: "8"
      arrival {
        time: 1714408236
      }
      schedule_relationship: SCHEDULED
    }
    stop_time_update {
      stop_sequence: 7
      stop_id: "78"
      arrival {
        time: 1714408380
      }
      schedule_relationship: SCHEDULED
    }
    stop_time_update {
      stop_sequence: 8
      stop_id: "72"
      arrival {
        time: 1714408560
      }
      schedule_relationship: SCHEDULED
    }
    stop_time_update {
      stop_sequence: 9
      stop_id: "113"
      arrival {
        time: 1714408617
      }
      schedule_relationship: SCHEDULED
    }
    stop_time_update {
      stop_sequence: 10
      stop_id: "34"
      arrival {
        time: 1714408664
      }
      schedule_relationship: SCHEDULED
    }
    stop_time_update {
      stop_sequence: 11
      stop_id: "84"
      arrival {
        time: 1714408771
      }
      schedule_relationship: SCHEDULED
    }
    stop_time_update {
      stop_sequence: 12
      stop_id: "40"
      arrival {
        time: 1714408800
      }
      schedule_relationship: SCHEDULED
    }
    stop_time_update {
      stop_sequence: 13
      stop_id: "20"
      arrival {
        time: 1714408815
      }
      schedule_relationship: SCHEDULED
    }
    timestamp: 1714407068
  }
}
entity {
  id: "9"
  trip_update {
    trip {
      trip_id: "1073792020"
      route_id: "RED"
      schedule_relationship: SCHEDULED
    }
    vehicle {
      id: "4219"
    }
    stop_time_update {
      stop_sequence: 9
      stop_id: "104"
      arrival {
        time: 1714407450
      }
      schedule_relationship: SCHEDULED
    }
    stop_time_update {
      stop_sequence: 10
      stop_id: "31"
      arrival {
        time: 1714407510
      }
      schedule_relationship: SCHEDULED
    }
    stop_time_update {
      stop_sequence: 11
      stop_id: "23"
      arrival {
        time: 1714407547
      }
      schedule_relationship: SCHEDULED
    }
    stop_time_update {
      stop_sequence: 12
      stop_id: "59"
      arrival {
        time: 1714407630
      }
      schedule_relationship: SCHEDULED
    }
    stop_time_update {
      stop_sequence: 13
      stop_id: "53"
      arrival {
        time: 1714407750
      }
      schedule_relationship: SCHEDULED
    }
    stop_time_update {
      stop_sequence: 14
      stop_id: "37"
      arrival {
        time: 1714407870
      }
      schedule_relationship: SCHEDULED
    }
    stop_time_update {
      stop_sequence: 15
      stop_id: "61"
      arrival {
        time: 1714408050
      }
      schedule_relationship: SCHEDULED
    }
    stop_time_update {
      stop_sequence: 16
      stop_id: "79"
      arrival {
        time: 1714408110
      }
      schedule_relationship: SCHEDULED
    }
    stop_time_update {
      stop_sequence: 17
      stop_id: "21"
      arrival {
        time: 1714408210
      }
      schedule_relationship: SCHEDULED
    }
    stop_time_update {
      stop_sequence: 18
      stop_id: "17"
      arrival {
        time: 1714408290
      }
      schedule_relationship: SCHEDULED
    }
    stop_time_update {
      stop_sequence: 19
      stop_id: "19"
      arrival {
        time: 1714408370
      }
      schedule_relationship: SCHEDULED
    }
    stop_time_update {
      stop_sequence: 20
      stop_id: "39"
      arrival {
        time: 1714408410
      }
      schedule_relationship: SCHEDULED
    }
    stop_time_update {
      stop_sequence: 21
      stop_id: "83"
      arrival {
        time: 1714408444
      }
      schedule_relationship: SCHEDULED
    }
    stop_time_update {
      stop_sequence: 22
      stop_id: "33"
      arrival {
        time: 1714408566
      }
      schedule_relationship: SCHEDULED
    }
    stop_time_update {
      stop_sequence: 23
      stop_id: "112"
      arrival {
        time: 1714408626
      }
      schedule_relationship: SCHEDULED
    }
    stop_time_update {
      stop_sequence: 24
      stop_id: "71"
      arrival {
        time: 1714408710
      }
      schedule_relationship: SCHEDULED
    }
    stop_time_update {
      stop_sequence: 25
      stop_id: "77"
      arrival {
        time: 1714408950
      }
      schedule_relationship: SCHEDULED
    }
    stop_time_update {
      stop_sequence: 26
      stop_id: "7"
      arrival {
        time: 1714409083
      }
      schedule_relationship: SCHEDULED
    }
    stop_time_update {
      stop_sequence: 27
      stop_id: "9"
      arrival {
        time: 1714409187
      }
      schedule_relationship: SCHEDULED
    }
    timestamp: 1714407427
  }
}
entity {
  id: "10"
  trip_update {
    trip {
      trip_id: "1073769020"
      route_id: "SLVR"
      schedule_relationship: SCHEDULED
    }
    vehicle {
      id: "4316"
    }
    stop_time_update {
      stop_sequence: 3
      stop_id: "63"
      arrival {
        time: 1714407435
      }
      schedule_relationship: SCHEDULED
    }
    stop_time_update {
      stop_sequence: 4
      stop_id: "25"
      arrival {
        time: 1714407490
      }
      schedule_relationship: SCHEDULED
    }
    stop_time_update {
      stop_sequence: 5
      stop_id: "45"
      arrival {
        time: 1714407600
      }
      schedule_relationship: SCHEDULED
    }
    stop_time_update {
      stop_sequence: 6
      stop_id: "47"
      arrival {
        time: 1714407655
      }
      schedule_relationship: SCHEDULED
    }
    stop_time_update {
      stop_sequence: 7
      stop_id: "64"
      arrival {
        time: 1714407710
      }
      schedule_relationship: SCHEDULED
    }
    stop_time_update {
      stop_sequence: 8
      stop_id: "55"
      arrival {
        time: 1714407820
      }
      schedule_relationship: SCHEDULED
    }
    stop_time_update {
      stop_sequence: 9
      stop_id: "73"
      arrival {
        time: 1714407875
      }
      schedule_relationship: SCHEDULED
    }
    stop_time_update {
      stop_sequence: 10
      stop_id: "51"
      arrival {
        time: 1714407903
      }
      schedule_relationship: SCHEDULED
    }
    stop_time_update {
      stop_sequence: 11
      stop_id: "49"
      arrival {
        time: 1714407958
      }
      schedule_relationship: SCHEDULED
    }
    stop_time_update {
      stop_sequence: 12
      stop_id: "43"
      arrival {
        time: 1714408108
      }
      schedule_relationship: SCHEDULED
    }
    stop_time_update {
      stop_sequence: 13
      stop_id: "81"
      arrival {
        time: 1714408258
      }
      schedule_relationship: SCHEDULED
    }
    stop_time_update {
      stop_sequence: 14
      stop_id: "67"
      arrival {
        time: 1714408294
      }
      schedule_relationship: SCHEDULED
    }
    stop_time_update {
      stop_sequence: 15
      stop_id: "75"
      arrival {
        time: 1714408366
      }
      schedule_relationship: SCHEDULED
    }
    stop_time_update {
      stop_sequence: 16
      stop_id: "100"
      arrival {
        time: 1714408438
      }
      schedule_relationship: SCHEDULED
    }
    stop_time_update {
      stop_sequence: 17
      stop_id: "98"
      arrival {
        time: 1714408558
      }
      schedule_relationship: SCHEDULED
    }
    stop_time_update {
      stop_sequence: 18
      stop_id: "96"
      arrival {
        time: 1714408660
      }
      schedule_relationship: SCHEDULED
    }
    stop_time_update {
      stop_sequence: 19
      stop_id: "94"
      arrival {
        time: 1714408712
      }
      schedule_relationship: SCHEDULED
    }
    stop_time_update {
      stop_sequence: 20
      stop_id: "92"
      arrival {
        time: 1714408918
      }
      schedule_relationship: SCHEDULED
    }
    stop_time_update {
      stop_sequence: 21
      stop_id: "90"
      arrival {
        time: 1714409020
      }
      schedule_relationship: SCHEDULED
    }
    timestamp: 1714407317
  }
}
