header {
  gtfs_realtime_version: "2.0"
  incrementality: FULL_DATASET
  timestamp: 1715445923
}
entity {
  id: "1"
  trip_update {
    trip {
      trip_id: "1074271070"
      route_id: "RED"
      schedule_relationship: SCHEDULED
    }
    vehicle {
      id: "4215"
    }
    stop_time_update {
      stop_sequence: 28
      stop_id: "42"
      arrival {
        time: 1715445890
      }
      schedule_relationship: SCHEDULED
    }
    stop_time_update {
      stop_sequence: 29
      stop_id: "28"
      arrival {
        time: 1715445977
      }
      schedule_relationship: SCHEDULED
    }
    stop_time_update {
      stop_sequence: 30
      stop_id: "36"
      arrival {
        time: 1715446036
      }
      schedule_relationship: SCHEDULED
    }
    timestamp: 1715445919
  }
}
entity {
  id: "2"
  trip_update {
    trip {
      trip_id: "1073980070"
      route_id: "SLVR"
      schedule_relationship: SCHEDULED
    }
    vehicle {
      id: "4226"
    }
    stop_time_update {
      stop_sequence: 21
      stop_id: "50"
      arrival {
        time: 1715446061
      }
      schedule_relationship: SCHEDULED
    }
    stop_time_update {
      stop_sequence: 22
      stop_id: "52"
      arrival {
        time: 1715446101
      }
      schedule_relationship: SCHEDULED
    }
    stop_time_update {
      stop_sequence: 23
      stop_id: "74"
      arrival {
        time: 1715446132
      }
      schedule_relationship: SCHEDULED
    }
    stop_time_update {
      stop_sequence: 24
      stop_id: "56"
      arrival {
        time: 1715446199
      }
      schedule_relationship: SCHEDULED
    }
    stop_time_update {
      stop_sequence: 25
      stop_id: "65"
      arrival {
        time: 1715446314
      }
      schedule_relationship: SCHEDULED
    }
    stop_time_update {
      stop_sequence: 26
      stop_id: "48"
      arrival {
        time: 1715446382
      }
      schedule_relationship: SCHEDULED
    }
    stop_time_update {
      stop_sequence: 27
      stop_id: "46"
      arrival {
        time: 1715446423
      }
      schedule_relationship: SCHEDULED
    }
    stop_time_update {
      stop_sequence: 28
      stop_id: "26"
      arrival {
        time: 1715446517
      }
      schedule_relationship: SCHEDULED
    }
    stop_time_update {
      stop_sequence: 29
      stop_id: "87"
      arrival {
        time: 1715446572
      }
      schedule_relationship: SCHEDULED
    }
    stop_time_update {
      stop_sequence: 30
      stop_id: "86"
      arrival {
        time: 1715446599
      }
      schedule_relationship: SCHEDULED
    }
    timestamp: 1715445804
  }
}
entity {
  id: "3"
  trip_update {
    trip {
      trip_id: "1073802070"
      route_id: "RED"
      schedule_relationship: SCHEDULED
    }
    vehicle {
      id: "4231"
    }
    stop_time_update {
      stop_sequence: 1
      stop_id: "69"
      departure {
        time: 1715445960
      }
      schedule_relationship: SCHEDULED
    }
    stop_time_update {
      stop_sequence: 2
      stop_id: "35"
      arrival {
        time: 1715446023
      }
      schedule_relationship: SCHEDULED
    }
    stop_time_update {
      stop_sequence: 3
      stop_id: "27"
      arrival {
        time: 1715446068
      }
      schedule_relationship: SCHEDULED
    }
    stop_time_update {
      stop_sequence: 4
      stop_id: "41"
      arrival {
        time: 1715446162
      }
      schedule_relationship: SCHEDULED
    }
    stop_time_update {
      stop_sequence: 5
      stop_id: "29"
      arrival {
        time: 1715446218
      }
      schedule_relationship: SCHEDULED
    }
    stop_time_update {
      stop_sequence: 6
      stop_id: "81"
      arrival {
        time: 1715446320
      }
      schedule_relationship: SCHEDULED
    }
    stop_time_update {
      stop_sequence: 7
      stop_id: "67"
      arrival {
        time: 1715446363
      }
      schedule_relationship: SCHEDULED
    }
    stop_time_update {
      stop_sequence: 8
      stop_id: "75"
      arrival {
        time: 1715446424
      }
      schedule_relationship: SCHEDULED
    }
    stop_time_update {
      stop_sequence: 9
      stop_id: "104"
      arrival {
        time: 1715446500
      }
      schedule_relationship: SCHEDULED
    }
    stop_time_update {
      stop_sequence: 10
      stop_id: "31"
      arrival {
        time: 1715446560
      }
      schedule_relationship: SCHEDULED
    }
    stop_time_update {
      stop_sequence: 11
      stop_id: "23"
      arrival {
        time: 1715446607
      }
      schedule_relationship: SCHEDULED
    }
    stop_time_update {
      stop_sequence: 12
      stop_id: "59"
      arrival {
        time: 1715446711
      }
      schedule_relationship: SCHEDULED
    }
    stop_time_update {
      stop_sequence: 13
      stop_id: "53"
      arrival {
        time: 1715446860
      }
      schedule_relationship: SCHEDULED
    }
    stop_time_update {
      stop_sequence: 14
      stop_id: "37"
      arrival {
        time: 1715446980
      }
      schedule_relationship: SCHEDULED
    }
    stop_time_update {
      stop_sequence: 15
      stop_id: "61"
      arrival {
        time: 1715447160
      }
      schedule_relationship: SCHEDULED
    }
    stop_time_update {
      stop_sequence: 16
      stop_id: "79"
      arrival {
        time: 1715447220
      }
      schedule_relationship: SCHEDULED
    }
    stop_time_update {
      stop_sequence: 17
      stop_id: "21"
      arrival {
        time: 1715447320
      }
      schedule_relationship: SCHEDULED
    }
    stop_time_update {
      stop_sequence: 18
      stop_id: "17"
      arrival {
        time: 1715447400
      }
      schedule_relationship: SCHEDULED
    }
    stop_time_update {
      stop_sequence: 19
      stop_id: "19"
      arrival {
        time: 1715447480
      }
      schedule_relationship: SCHEDULED
    }
    stop_time_update {
      stop_sequence: 20
      stop_id: "39"
      arrival {
        time: 1715447520
      }
      schedule_relationship: SCHEDULED
    }
    stop_time_update {
      stop_sequence: 21
      stop_id: "83"
      arrival {
        time: 1715447561
      }
      schedule_relationship: SCHEDULED
    }
    timestamp: 1715445919
  }
}
entity {
  id: "4"
  trip_update {
    trip {
      trip_id: "1073829070"
      route_id: "SLVR"
      schedule_relationship: SCHEDULED
    }
    vehicle {
      id: "4247"
    }
    stop_time_update {
      stop_sequence: 10
      stop_id: "51"
      arrival {
        time: 1715445950
      }
      schedule_relationship: SCHEDULED
    }
    stop_time_update {
      stop_sequence: 11
      stop_id: "49"
      arrival {
        time: 1715446005
      }
      schedule_relationship: SCHEDULED
    }
    stop_time_update {
      stop_sequence: 12
      stop_id: "43"
      arrival {
        time: 1715446155
      }
      schedule_relationship: SCHEDULED
    }
    stop_time_update {
      stop_sequence: 13
      stop_id: "81"
      arrival {
        time: 1715446305
      }
      schedule_relationship: SCHEDULED
    }
    stop_time_update {
      stop_sequence: 14
      stop_id: "67"
      arrival {
        time: 1715446341
      }
      schedule_relationship: SCHEDULED
    }
    stop_time_update {
      stop_sequence: 15
      stop_id: "75"
      arrival {
        time: 1715446413
      }
      schedule_relationship: SCHEDULED
    }
    stop_time_update {
      stop_sequence: 16
      stop_id: "100"
      arrival {
        time: 1715446485
      }
      schedule_relationship: SCHEDULED
    }
    stop_time_update {
      stop_sequence: 17
      stop_id: "98"
      arrival {
        time: 1715446605
      }
      schedule_relationship: SCHEDULED
    }
    stop_time_update {
      stop_sequence: 18
      stop_id: "96"
      arrival {
        time: 1715446707
      }
      schedule_relationship: SCHEDULED
    }
    stop_time_update {
      stop_sequence: 19
      stop_id: "94"
      arrival {
        time: 1715446759
      }
      schedule_relationship: SCHEDULED
    }
    stop_time_update {
      stop_sequence: 20
      stop_id: "92"
      arrival {
        time: 1715446965
      }
      schedule_relationship: SCHEDULED
    }
    stop_time_update {
      stop_sequence: 21
      stop_id: "90"
      arrival {
        time: 1715447067
      }
      schedule_relationship: SCHEDULED
    }
    stop_time_update {
      stop_sequence: 22
      stop_id: "102"
      arrival {
        time: 1715447170
      }
      schedule_relationship: SCHEDULED
    }
    stop_time_update {
      stop_sequence: 23
      stop_id: "88"
      arrival {
        time: 1715447273
      }
      schedule_relationship: SCHEDULED
    }
    stop_time_update {
      stop_sequence: 24
      stop_id: "71"
      arrival {
        time: 1715447325
      }
      schedule_relationship: SCHEDULED
    }
    stop_time_update {
      stop_sequence: 25
      stop_id: "77"
      arrival {
        time: 1715447565
      }
      schedule_relationship: SCHEDULED
    }
    stop_time_update {
      stop_sequence: 26
      stop_id: "7"
      arrival {
        time: 1715447715
      }
      schedule_relationship: SCHEDULED
    }
    timestamp: 1715445922
  }
}
entity {
  id: "5"
  trip_update {
    trip {
      trip_id: "1073973070"
      route_id: "BLUE"
      schedule_relationship: SCHEDULED
    }
    vehicle {
      id: "4202"
    }
    stop_time_update {
      stop_sequence: 8
      stop_id: "72"
      arrival {
        time: 1715446075
      }
      schedule_relationship: SCHEDULED
    }
    stop_time_update {
      stop_sequence: 9
      stop_id: "89"
      arrival {
        time: 1715446127
      }
      schedule_relationship: SCHEDULED
    }
    stop_time_update {
      stop_sequence: 10
      stop_id: "103"
      arrival {
        time: 1715446241
      }
      schedule_relationship: SCHEDULED
    }
    stop_time_update {
      stop_sequence: 11
      stop_id: "91"
      arrival {
        time: 1715446346
      }
      schedule_relationship: SCHEDULED
    }
    stop_time_update {
      stop_sequence: 12
      stop_id: "93"
      arrival {
        time: 1715446435
      }
      schedule_relationship: SCHEDULED
    }
    stop_time_update {
      stop_sequence: 13
      stop_id: "95"
      arrival {
        time: 1715446611
      }
      schedule_relationship: SCHEDULED
    }
    stop_time_update {
      stop_sequence: 14
      stop_id: "97"
      arrival {
        time: 1715446652
      }
      schedule_relationship: SCHEDULED
    }
    stop_time_update {
      stop_sequence: 15
      stop_id: "99"
      arrival {
        time: 1715446735
      }
      schedule_relationship: SCHEDULED
    }
    stop_time_update {
      stop_sequence: 16
      stop_id: "101"
      arrival {
        time: 1715446915
      }
      schedule_relationship: SCHEDULED
    }
    stop_time_update {
      stop_sequence: 17
      stop_id: "76"
      arrival {
        time: 1715446991
      }
      schedule_relationship: SCHEDULED
    }
    stop_time_update {
      stop_sequence: 18
      stop_id: "68"
      arrival {
        time: 1715447050
      }
      schedule_relationship: SCHEDULED
    }
    stop_time_update {
      stop_sequence: 19
      stop_id: "82"
      arrival {
        time: 1715447095
      }
      schedule_relationship: SCHEDULED
    }
    stop_time_update {
      stop_sequence: 20
      stop_id: "30"
      arrival {
        time: 1715447180
      }
      schedule_relationship: SCHEDULED
    }
    stop_time_update {
      stop_sequence: 21
      stop_id: "42"
      arrival {
        time: 1715447246
      }
      schedule_relationship: SCHEDULED
    }
    stop_time_update {
      stop_sequence: 22
      stop_id: "28"
      arrival {
        time: 1715447346
      }
      schedule_relationship: SCHEDULED
    }
    stop_time_update {
      stop_sequence: 23
      stop_id: "36"
      arrival {
        time: 1715447398
      }
      schedule_relationship: SCHEDULED
    }
    timestamp: 1715445910
  }
}
entity {
  id: "6"
  trip_update {
    trip {
      trip_id: "1074443070"
      route_id: "RED"
      schedule_relationship: SCHEDULED
    }
    vehicle {
      id: "4250"
    }
    stop_time_update {
      stop_sequence: 15
      stop_id: "22"
      arrival {
        time: 1715445967
      }
      schedule_relationship: SCHEDULED
    }
    stop_time_update {
      stop_sequence: 16
      stop_id: "80"
      arrival {
        time: 1715446089
      }
      schedule_relationship: SCHEDULED
    }
    stop_time_update {
      stop_sequence: 17
      stop_id: "62"
      arrival {
        time: 1715446156
      }
      schedule_relationship: SCHEDULED
    }
    stop_time_update {
      stop_sequence: 18
      stop_id: "38"
      arrival {
        time: 1715446336
      }
      schedule_relationship: SCHEDULED
    }
    stop_time_update {
      stop_sequence: 19
      stop_id: "54"
      arrival {
        time: 1715446456
      }
      schedule_relationship: SCHEDULED
    }
    stop_time_update {
      stop_sequence: 20
      stop_id: "60"
      arrival {
        time: 1715446608
      }
      schedule_relationship: SCHEDULED
    }
    stop_time_update {
      stop_sequence: 21
      stop_id: "24"
      arrival {
        time: 1715446713
      }
      schedule_relationship: SCHEDULED
    }
    stop_time_update {
      stop_sequence: 22
      stop_id: "32"
      arrival {
        time: 1715446756
      }
      schedule_relationship: SCHEDULED
    }
    stop_time_update {
      stop_sequence: 23
      stop_id: "105"
      arrival {
        time: 1715446816
      }
      schedule_relationship: SCHEDULED
    }
    stop_time_update {
      stop_sequence: 24
      stop_id: "76"
      arrival {
        time: 1715446915
      }
      schedule_relationship: SCHEDULED
    }
    stop_time_update {
      stop_sequence: 25
      stop_id: "68"
      arrival {
        time: 1715446983
      }
      schedule_relationship: SCHEDULED
    }
    stop_time_update {
      stop_sequence: 26
      stop_id: "82"
      arrival {
        time: 1715447056
      }
      schedule_relationship: SCHEDULED
    }
    stop_time_update {
      stop_sequence: 27
      stop_id: "30"
      arrival {
        time: 1715447144
      }
      schedule_relationship: SCHEDULED
    }
    stop_time_update {
      stop_sequence: 28
      stop_id: "42"
      arrival {
        time: 1715447202
      }
      schedule_relationship: SCHEDULED
    }
    stop_time_update {
      stop_sequence: 29
      stop_id: "28"
      arrival {
        time: 1715447298
      }
      schedule_relationship: SCHEDULED
    }
    stop_time_update {
      stop_sequence: 30
      stop_id: "36"
      arrival {
        time: 1715447357
      }
      schedule_relationship: SCHEDULED
    }
    timestamp: 1715445867
  }
}
entity {
  id: "7"
  trip_update {
    trip {
      trip_id: "1074383070"
      route_id: "BLUE"
      schedule_relationship: SCHEDULED
    }
    vehicle {
      id: "4255"
    }
    stop_time_update {
      stop_sequence: 16
      stop_id: "88"
      arrival {
        time: 1715445922
      }
      schedule_relationship: SCHEDULED
    }
    stop_time_update {
      stop_sequence: 17
      stop_id: "71"
      arrival {
        time: 1715445975
      }
      schedule_relationship: SCHEDULED
    }
    stop_time_update {
      stop_sequence: 18
      stop_id: "77"
      arrival {
        time: 1715446215
      }
      schedule_relationship: SCHEDULED
    }
    stop_time_update {
      stop_sequence: 19
      stop_id: "7"
      arrival {
        time: 1715446352
      }
      schedule_relationship: SCHEDULED
    }
    stop_time_update {
      stop_sequence: 20
      stop_id: "9"
      arrival {
        time: 1715446453
      }
      schedule_relationship: SCHEDULED
    }
    stop_time_update {
      stop_sequence: 21
      stop_id: "12"
      arrival {
        time: 1715446515
      }
      schedule_relationship: SCHEDULED
    }
    stop_time_update {
      stop_sequence: 22
      stop_id: "13"
      arrival {
        time: 1715446684
      }
      schedule_relationship: SCHEDULED
    }
    stop_time_update {
      stop_sequence: 23
      stop_id: "5"
      arrival {
        time: 1715446931
      }
      schedule_relationship: SCHEDULED
    }
    timestamp: 1715445919
  }
}
entity {
  id: "8"
  trip_update {
    trip {
      trip_id: "1073990070"
      route_id: "SLVR"
      schedule_relationship: SCHEDULED
    }
    vehicle {
      id: "4243"
    }
    stop_time_update {
      stop_sequence: 1
      stop_id: "6"
      departure {
        time: 1715446200
      }
      schedule_relationship: SCHEDULED
    }
    stop_time_update {
      stop_sequence: 2
      stop_id: "110"
      arrival {
        time: 1715446390
      }
      schedule_relationship: SCHEDULED
    }
    stop_time_update {
      stop_sequence: 3
      stop_id: "111"
      arrival {
        time: 1715446557
      }
      schedule_relationship: SCHEDULED
    }
    stop_time_update {
      stop_sequence: 4
      stop_id: "11"
      arrival {
        time: 1715446680
      }
      schedule_relationship: SCHEDULED
    }
    stop_time_update {
      stop_sequence: 5
      stop_id: "10"
      arrival {
        time: 1715446738
      }
      schedule_relationship: SCHEDULED
    }
    stop_time_update {
      stop_sequence: 6
      stop_id: "8"
      arrival {
        time: 1715446834
      }
      schedule_relationship: SCHEDULED
    }
    stop_time_update {
      stop_sequence: 7
      stop_id: "78"
      arrival {
        time: 1715446980
      }
      schedule_relationship: SCHEDULED
    }
    stop_time_update {
      stop_sequence: 8
      stop_id: "72"
      arrival {
        time: 1715447160
      }
      schedule_relationship: SCHEDULED
    }
    stop_time_update {
      stop_sequence: 9
      stop_id: "89"
      arrival {
        time: 1715447213
      }
      schedule_relationship: SCHEDULED
    }
    timestamp: 1715445489
  }
}
entity {
  id: "9"
  trip_update {
    trip {
      trip_id: "1073969070"
      route_id: "RED"
      schedule_relationship: SCHEDULED
    }
    vehicle {
      id: "4302"
    }
    stop_time_update {
      stop_sequence: 27
      stop_id: "9"
      arrival {
        time: 1715446013
      }
      schedule_relationship: SCHEDULED
    }
    stop_time_update {
      stop_sequence: 28
      stop_id: "12"
      arrival {
        time: 1715446076
      }
      schedule_relationship: SCHEDULED
    }
    stop_time_update {
      stop_sequence: 29
      stop_id: "13"
      arrival {
        time: 1715446226
      }
      schedule_relationship: SCHEDULED
    }
    stop_time_update {
      stop_sequence: 30
      stop_id: "5"
      arrival {
        time: 1715446451
      }
      schedule_relationship: SCHEDULED
    }
    timestamp: 1715445920
  }
}
entity {
  id: "10"
  trip_update {
    trip {
      trip_id: "1074101070"
      route_id: "BLUE"
      schedule_relationship: SCHEDULED
    }
    vehicle {
      id: "4255"
    }
    stop_time_update {
      stop_sequence: 1
      stop_id: "6"
      departure {
        time: 1715447400
      }
      schedule_relationship: SCHEDULED
    }
    stop_time_update {
      stop_sequence: 2
      stop_id: "110"
      arrival {
        time: 1715447590
      }
      schedule_relationship: SCHEDULED
    }
    timestamp: 1715445919
  }
}
entity {
  id: "11"
  trip_update {
    trip {
      trip_id: "1074065070"
      route_id: "RED"
      schedule_relationship: SCHEDULED
    }
    vehicle {
      id: "4328"
    }
    stop_time_update {
      stop_sequence: 15
      stop_id: "61"
      arrival {
        time: 1715445966
      }
      schedule_relationship: SCHEDULED
    }
    stop_time_update {
      stop_sequence: 16
      stop_id: "79"
      arrival {
        time: 1715446026
      }
      schedule_relationship: SCHEDULED
    }
    stop_time_update {
      stop_sequence: 17
      stop_id: "21"
      arrival {
        time: 1715446126
      }
      schedule_relationship: SCHEDULED
    }
    stop_time_update {
      stop_sequence: 18
      stop_id: "17"
      arrival {
        time: 1715446206
      }
      schedule_relationship: SCHEDULED
    }
    stop_time_update {
      stop_sequence: 19
      stop_id: "19"
      arrival {
        time: 1715446286
      }
      schedule_relationship: SCHEDULED
    }
    stop_time_update {
      stop_sequence: 20
      stop_id: "39"
      arrival {
        time: 1715446326
      }
      schedule_relationship: SCHEDULED
    }
    stop_time_update {
      stop_sequence: 21
      stop_id: "83"
      arrival {
        time: 1715446367
      }
      schedule_relationship: SCHEDULED
    }
    stop_time_update {
      stop_sequence: 22
      stop_id: "33"
      arrival {
        time: 1715446514
      }
      schedule_relationship: SCHEDULED
    }
    stop_time_update {
      stop_sequence: 23
      stop_id: "112"
      arrival {
        time: 1715446585
      }
      schedule_relationship: SCHEDULED
    }
    stop_time_update {
      stop_sequence: 24
      stop_id: "71"
      arrival {
        time: 1715446686
      }
      schedule_relationship: SCHEDULED
    }
    stop_time_update {
      stop_sequence: 25
      stop_id: "77"
      arrival {
        time: 1715446926
      }
      schedule_relationship: SCHEDULED
    }
    stop_time_update {
      stop_sequence: 26
      stop_id: "7"
      arrival {
        time: 1715447059
      }
      schedule_relationship: SCHEDULED
    }
    stop_time_update {
      stop_sequence: 27
      stop_id: "9"
      arrival {
        time: 1715447163
      }
      schedule_relationship: SCHEDULED
    }
    stop_time_update {
      stop_sequence: 28
      stop_id: "12"
      arrival {
        time: 1715447226
      }
      schedule_relationship: SCHEDULED
    }
    stop_time_update {
      stop_sequence: 29
      stop_id: "13"
      arrival {
        time: 1715447376
      }
      schedule_relationship: SCHEDULED
    }
    stop_time_update {
      stop_sequence: 30
      stop_id: "5"
      arrival {
        time: 1715447601
      }
      schedule_relationship: SCHEDULED
    }
    timestamp: 1715445918
  }
}
entity {
  id: "12"
  trip_update {
    trip {
      trip_id: "1074474070"
      route_id: "RED"
      schedule_relationship: SCHEDULED
    }
    vehicle {
      id: "4303"
    }
    stop_time_update {
      stop_sequence: 3
      stop_id: "27"
      arrival {
        time: 1715445951
      }
      schedule_relationship: SCHEDULED
    }
    stop_time_update {
      stop_sequence: 4
      stop_id: "41"
      arrival {
        time: 1715446045
      }
      schedule_relationship: SCHEDULED
    }
    stop_time_update {
      stop_sequence: 5
      stop_id: "29"
      arrival {
        time: 1715446101
      }
      schedule_relationship: SCHEDULED
    }
    stop_time_update {
      stop_sequence: 6
      stop_id: "81"
      arrival {
        time: 1715446203
      }
      schedule_relationship: SCHEDULED
    }
    stop_time_update {
      stop_sequence: 7
      stop_id: "67"
      arrival {
        time: 1715446246
      }
      schedule_relationship: SCHEDULED
    }
    stop_time_update {
      stop_sequence: 8
      stop_id: "75"
      arrival {
        time: 1715446307
      }
      schedule_relationship: SCHEDULED
    }
    stop_time_update {
      stop_sequence: 9
      stop_id: "104"
      arrival {
        time: 1715446383
      }
      schedule_relationship: SCHEDULED
    }
    stop_time_update {
      stop_sequence: 10
      stop_id: "31"
      arrival {
        time: 1715446443
      }
      schedule_relationship: SCHEDULED
    }
    stop_time_update {
      stop_sequence: 11
      stop_id: "23"
      arrival {
        time: 1715446490
      }
      schedule_relationship: SCHEDULED
    }
    stop_time_update {
      stop_sequence: 12
      stop_id: "59"
      arrival {
        time: 1715446594
      }
      schedule_relationship: SCHEDULED
    }
    stop_time_update {
      stop_sequence: 13
      stop_id: "53"
      arrival {
        time: 1715446743
      }
      schedule_relationship: SCHEDULED
    }
    stop_time_update {
      stop_sequence: 14
      stop_id: "37"
      arrival {
        time: 1715446863
      }
      schedule_relationship: SCHEDULED
    }
    stop_time_update {
      stop_sequence: 15
      stop_id: "61"
      arrival {
        time: 1715447043
      }
      schedule_relationship: SCHEDULED
    }
    stop_time_update {
      stop_sequence: 16
      stop_id: "79"
      arrival {
        time: 1715447103
      }
      schedule_relationship: SCHEDULED
    }
    stop_time_update {
      stop_sequence: 17
      stop_id: "21"
      arrival {
        time: 1715447203
      }
      schedule_relationship: SCHEDULED
    }
    stop_time_update {
      stop_sequence: 18
      stop_id: "17"
      arrival {
        time: 1715447283
      }
      schedule_relationship: SCHEDULED
    }
    stop_time_update {
      stop_sequence: 19
      stop_id: "19"
      arrival {
        time: 1715447363
      }
      schedule_relationship: SCHEDULED
    }
    stop_time_update {
      stop_sequence: 20
      stop_id: "39"
      arrival {
        time: 1715447403
      }
      schedule_relationship: SCHEDULED
    }
    stop_time_update {
      stop_sequence: 21
      stop_id: "83"
      arrival {
        time: 1715447444
      }
      schedule_relationship: SCHEDULED
    }
    stop_time_update {
      stop_sequence: 22
      stop_id: "33"
      arrival {
        time: 1715447591
      }
      schedule_relationship: SCHEDULED
    }
    timestamp: 1715445843
  }
}
entity {
  id: "13"
  trip_update {
    trip {
      trip_id: "1074229070"
      route_id: "RED"
      schedule_relationship: SCHEDULED
    }
    vehicle {
      id: "4302"
    }
    stop_time_update {
      stop_sequence: 1
      stop_id: "6"
      departure {
        time: 1715446800
      }
      schedule_relationship: SCHEDULED
    }
    stop_time_update {
      stop_sequence: 2
      stop_id: "110"
      arrival {
        time: 1715446968
      }
      schedule_relationship: SCHEDULED
    }
    stop_time_update {
      stop_sequence: 3
      stop_id: "111"
      arrival {
        time: 1715447192
      }
      schedule_relationship: SCHEDULED
    }
    stop_time_update {
      stop_sequence: 4
      stop_id: "11"
      arrival {
        time: 1715447280
      }
      schedule_relationship: SCHEDULED
    }
    stop_time_update {
      stop_sequence: 5
      stop_id: "10"
      arrival {
        time: 1715447352
      }
      schedule_relationship: SCHEDULED
    }
    stop_time_update {
      stop_sequence: 6
      stop_id: "8"
      arrival {
        time: 1715447436
      }
      schedule_relationship: SCHEDULED
    }
    stop_time_update {
      stop_sequence: 7
      stop_id: "78"
      arrival {
        time: 1715447580
      }
      schedule_relationship: SCHEDULED
    }
    timestamp: 1715445920
  }
}
entity {
  id: "14"
  trip_update {
    trip {
      trip_id: "1074695070"
      route_id: "RED"
      schedule_relationship: SCHEDULED
    }
    vehicle {
      id: "4324"
    }
    stop_time_update {
      stop_sequence: 3
      stop_id: "111"
      arrival {
        time: 1715445992
      }
      schedule_relationship: SCHEDULED
    }
    stop_time_update {
      stop_sequence: 4
      stop_id: "11"
      arrival {
        time: 1715446080
      }
      schedule_relationship: SCHEDULED
    }
    stop_time_update {
      stop_sequence: 5
      stop_id: "10"
      arrival {
        time: 1715446152
      }
      schedule_relationship: SCHEDULED
    }
    stop_time_update {
      stop_sequence: 6
      stop_id: "8"
      arrival {
        time: 1715446236
      }
      schedule_relationship: SCHEDULED
    }
    stop_time_update {
      stop_sequence: 7
      stop_id: "78"
      arrival {
        time: 1715446380
      }
      schedule_relationship: SCHEDULED
    }
    stop_time_update {
      stop_sequence: 8
      stop_id: "72"
      arrival {
        time: 1715446560
      }
      schedule_relationship: SCHEDULED
    }
    stop_time_update {
      stop_sequence: 9
      stop_id: "113"
      arrival {
        time: 1715446632
      }
      schedule_relationship: SCHEDULED
    }
    stop_time_update {
      stop_sequence: 10
      stop_id: "34"
      arrival {
        time: 1715446690
      }
      schedule_relationship: SCHEDULED
    }
    stop_time_update {
      stop_sequence: 11
      stop_id: "84"
      arrival {
        time: 1715446823
      }
      schedule_relationship: SCHEDULED
    }
    timestamp: 1715445033
  }
}
